[I 2026-01-10 17:24:23,751] Trial 0 finished with value: 0.5006015037593985 and parameters: {'max_depth': 9, 'learning_rate': 0.2348320858567399, 'n_estimators': 234, 'min_child_samples': 25, 'subsample': 0.8353823048566973, 'colsample_bytree': 0.7922847943532201, 'reg_alpha': 0.506206695258753, 'reg_lambda': 8.404270996546396}. Best is trial 0 with value: 0.5006015037593985.
Training until validation scores don't improve for 50 rounds
Early stopping, best iteration is:
[17]	valid_0's multi_logloss: 0.995517
[I 2026-01-10 17:24:24,425] Trial 1 finished with value: 0.5024812030075188 and parameters: {'max_depth': 5, 'learning_rate': 0.2581030802380812, 'n_estimators': 321, 'min_child_samples': 67, 'subsample': 0.7204213439975151, 'colsample_bytree': 0.9028069454029795, 'reg_alpha': 1.1984545389112322, 'reg_lambda': 8.597887472434003}. Best is trial 1 with value: 0.5024812030075188.
Training until validation scores don't improve for 50 rounds
Early stopping, best iteration is:
[6]	valid_0's multi_logloss: 1.00979
[I 2026-01-10 17:24:25,665] Trial 2 finished with value: 0.5118796992481203 and parameters: {'max_depth': 9, 'learning_rate': 0.24578181125779724, 'n_estimators': 592, 'min_child_samples': 6, 'subsample': 0.6442077718934843, 'colsample_bytree': 0.6412849212317233, 'reg_alpha': 0.503062910473171, 'reg_lambda': 2.9764353219879514}. Best is trial 2 with value: 0.5118796992481203.
Training until validation scores don't improve for 50 rounds
Early stopping, best iteration is:
[52]	valid_0's multi_logloss: 1.00247
[I 2026-01-10 17:24:26,664] Trial 3 finished with value: 0.51 and parameters: {'max_depth': 9, 'learning_rate': 0.10139313564729302, 'n_estimators': 612, 'min_child_samples': 34, 'subsample': 0.8339616682697276, 'colsample_bytree': 0.6052498560354532, 'reg_alpha': 9.206967653384538, 'reg_lambda': 0.19278449787514473}. Best is trial 2 with value: 0.5118796992481203.
Training until validation scores don't improve for 50 rounds
Early stopping, best iteration is:
[15]	valid_0's multi_logloss: 0.994303
[I 2026-01-10 17:24:27,000] Trial 4 finished with value: 0.5137593984962406 and parameters: {'max_depth': 3, 'learning_rate': 0.27830658020411064, 'n_estimators': 988, 'min_child_samples': 89, 'subsample': 0.993676781335352, 'colsample_bytree': 0.828631358947069, 'reg_alpha': 1.2687148224691724, 'reg_lambda': 2.298142145265195}. Best is trial 4 with value: 0.5137593984962406.
Training until validation scores don't improve for 50 rounds
Early stopping, best iteration is:
[9]	valid_0's multi_logloss: 1.00761
[I 2026-01-10 17:24:27,860] Trial 5 finished with value: 0.4987218045112782 and parameters: {'max_depth': 7, 'learning_rate': 0.27082873828422244, 'n_estimators': 719, 'min_child_samples': 23, 'subsample': 0.6508041255447418, 'colsample_bytree': 0.9018958751792844, 'reg_alpha': 5.257536136423803, 'reg_lambda': 0.40409770060439887}. Best is trial 4 with value: 0.5137593984962406.
Training until validation scores don't improve for 50 rounds
Early stopping, best iteration is:
[6]	valid_0's multi_logloss: 1.00829
[I 2026-01-10 17:24:29,309] Trial 6 finished with value: 0.5212781954887218 and parameters: {'max_depth': 10, 'learning_rate': 0.26044633533778017, 'n_estimators': 121, 'min_child_samples': 47, 'subsample': 0.8837142294135766, 'colsample_bytree': 0.9819446305054784, 'reg_alpha': 1.1005475022367772, 'reg_lambda': 4.967436099332759}. Best is trial 6 with value: 0.5212781954887218.
Training until validation scores don't improve for 50 rounds
Early stopping, best iteration is:
[129]	valid_0's multi_logloss: 0.998336
[I 2026-01-10 17:24:31,230] Trial 7 finished with value: 0.5043609022556391 and parameters: {'max_depth': 5, 'learning_rate': 0.03275404933936886, 'n_estimators': 951, 'min_child_samples': 37, 'subsample': 0.8057507697570597, 'colsample_bytree': 0.6377128448168702, 'reg_alpha': 1.6825799287939325, 'reg_lambda': 4.4217939616233615}. Best is trial 6 with value: 0.5212781954887218.
Training until validation scores don't improve for 50 rounds
Early stopping, best iteration is:
[24]	valid_0's multi_logloss: 1.00099
[I 2026-01-10 17:24:31,972] Trial 8 finished with value: 0.5081203007518796 and parameters: {'max_depth': 5, 'learning_rate': 0.09788763012054552, 'n_estimators': 326, 'min_child_samples': 49, 'subsample': 0.687874409846198, 'colsample_bytree': 0.836728286853177, 'reg_alpha': 2.3436895631453956, 'reg_lambda': 2.9712146439758733}. Best is trial 6 with value: 0.5212781954887218.
Training until validation scores don't improve for 50 rounds
Early stopping, best iteration is:
[57]	valid_0's multi_logloss: 0.996977
[I 2026-01-10 17:24:32,643] Trial 9 finished with value: 0.5250375939849624 and parameters: {'max_depth': 4, 'learning_rate': 0.07532306499827834, 'n_estimators': 760, 'min_child_samples': 97, 'subsample': 0.7683416795581106, 'colsample_bytree': 0.8939940757732523, 'reg_alpha': 8.094117362381933, 'reg_lambda': 3.384004106712759}. Best is trial 9 with value: 0.5250375939849624.
Training until validation scores don't improve for 50 rounds
Early stopping, best iteration is:
[53]	valid_0's multi_logloss: 0.99612
[I 2026-01-10 17:24:33,062] Trial 10 finished with value: 0.5212781954887218 and parameters: {'max_depth': 3, 'learning_rate': 0.16348844364386594, 'n_estimators': 801, 'min_child_samples': 98, 'subsample': 0.7494712233105811, 'colsample_bytree': 0.7401432495704708, 'reg_alpha': 9.123449083865667, 'reg_lambda': 6.739840634993408}. Best is trial 9 with value: 0.5250375939849624.
Training until validation scores don't improve for 50 rounds
Early stopping, best iteration is:
[16]	valid_0's multi_logloss: 1.0031
[I 2026-01-10 17:24:33,846] Trial 11 finished with value: 0.51 and parameters: {'max_depth': 7, 'learning_rate': 0.17177721643475913, 'n_estimators': 459, 'min_child_samples': 70, 'subsample': 0.9270826447196286, 'colsample_bytree': 0.9934766133600189, 'reg_alpha': 6.111080288436057, 'reg_lambda': 5.733935898208348}. Best is trial 9 with value: 0.5250375939849624.
Training until validation scores don't improve for 50 rounds
Did not meet early stopping. Best iteration is:
[81]	valid_0's multi_logloss: 0.999684
[I 2026-01-10 17:24:35,032] Trial 12 finished with value: 0.5118796992481203 and parameters: {'max_depth': 10, 'learning_rate': 0.04658797768847393, 'n_estimators': 105, 'min_child_samples': 71, 'subsample': 0.8909224743133838, 'colsample_bytree': 0.976604963119161, 'reg_alpha': 7.426457380729638, 'reg_lambda': 4.774008774378427}. Best is trial 9 with value: 0.5250375939849624.
Training until validation scores don't improve for 50 rounds
Early stopping, best iteration is:
[16]	valid_0's multi_logloss: 1.00249
[I 2026-01-10 17:24:35,876] Trial 13 finished with value: 0.5193984962406015 and parameters: {'max_depth': 6, 'learning_rate': 0.1980312430815679, 'n_estimators': 821, 'min_child_samples': 48, 'subsample': 0.9154124568759575, 'colsample_bytree': 0.9163763221039943, 'reg_alpha': 3.6445434142806565, 'reg_lambda': 6.472077109617107}. Best is trial 9 with value: 0.5250375939849624.
Training until validation scores don't improve for 50 rounds
Early stopping, best iteration is:
[41]	valid_0's multi_logloss: 0.999421
[I 2026-01-10 17:24:36,539] Trial 14 finished with value: 0.5231578947368422 and parameters: {'max_depth': 4, 'learning_rate': 0.09699504405903266, 'n_estimators': 440, 'min_child_samples': 81, 'subsample': 0.7678856740103728, 'colsample_bytree': 0.9499257228183438, 'reg_alpha': 7.318930989783332, 'reg_lambda': 4.08375291707112}. Best is trial 9 with value: 0.5250375939849624.
Training until validation scores don't improve for 50 rounds
Early stopping, best iteration is:
[41]	valid_0's multi_logloss: 0.993614
[I 2026-01-10 17:24:37,188] Trial 15 finished with value: 0.5156390977443609 and parameters: {'max_depth': 4, 'learning_rate': 0.09700039595860754, 'n_estimators': 465, 'min_child_samples': 86, 'subsample': 0.7507998842989738, 'colsample_bytree': 0.9423492874157807, 'reg_alpha': 7.488195844229518, 'reg_lambda': 1.9337224346611617}. Best is trial 9 with value: 0.5250375939849624.
Training until validation scores don't improve for 50 rounds
Early stopping, best iteration is:
[66]	valid_0's multi_logloss: 0.996406
[I 2026-01-10 17:24:37,935] Trial 16 finished with value: 0.5175187969924813 and parameters: {'max_depth': 4, 'learning_rate': 0.06758755397260154, 'n_estimators': 708, 'min_child_samples': 100, 'subsample': 0.6014161261653761, 'colsample_bytree': 0.860307839633467, 'reg_alpha': 7.44307720862591, 'reg_lambda': 3.6342717034717107}. Best is trial 9 with value: 0.5250375939849624.
Training until validation scores don't improve for 50 rounds
Early stopping, best iteration is:
[79]	valid_0's multi_logloss: 0.994531
[I 2026-01-10 17:24:38,550] Trial 17 finished with value: 0.5118796992481203 and parameters: {'max_depth': 4, 'learning_rate': 0.12459891417087976, 'n_estimators': 442, 'min_child_samples': 82, 'subsample': 0.7712859096028751, 'colsample_bytree': 0.7518704039523115, 'reg_alpha': 9.92314599014437, 'reg_lambda': 1.547915469464851}. Best is trial 9 with value: 0.5250375939849624.
Training until validation scores don't improve for 50 rounds
Early stopping, best iteration is:
[23]	valid_0's multi_logloss: 1.00263
[I 2026-01-10 17:24:39,356] Trial 18 finished with value: 0.5193984962406015 and parameters: {'max_depth': 6, 'learning_rate': 0.13318763429034525, 'n_estimators': 882, 'min_child_samples': 61, 'subsample': 0.7073495605969123, 'colsample_bytree': 0.873452512551335, 'reg_alpha': 6.335003591724151, 'reg_lambda': 7.392712327086655}. Best is trial 9 with value: 0.5250375939849624.
Training until validation scores don't improve for 50 rounds
Early stopping, best iteration is:
[356]	valid_0's multi_logloss: 0.995559
[I 2026-01-10 17:24:41,337] Trial 19 finished with value: 0.5175187969924813 and parameters: {'max_depth': 3, 'learning_rate': 0.016626357416770626, 'n_estimators': 678, 'min_child_samples': 78, 'subsample': 0.799220331569425, 'colsample_bytree': 0.9430896074314663, 'reg_alpha': 8.38360937373356, 'reg_lambda': 9.609565128448901}. Best is trial 9 with value: 0.5250375939849624.
Training until validation scores don't improve for 50 rounds
Early stopping, best iteration is:
[66]	valid_0's multi_logloss: 0.994632
[I 2026-01-10 17:24:42,682] Trial 20 finished with value: 0.5212781954887218 and parameters: {'max_depth': 4, 'learning_rate': 0.0687618492974549, 'n_estimators': 550, 'min_child_samples': 92, 'subsample': 0.8384316726793659, 'colsample_bytree': 0.7858146010868841, 'reg_alpha': 4.132808241410344, 'reg_lambda': 3.9810853563713255}. Best is trial 9 with value: 0.5250375939849624.
Training until validation scores don't improve for 50 rounds
Early stopping, best iteration is:
[12]	valid_0's multi_logloss: 1.00037
[I 2026-01-10 17:24:43,568] Trial 21 finished with value: 0.5006015037593985 and parameters: {'max_depth': 8, 'learning_rate': 0.20336803022743205, 'n_estimators': 119, 'min_child_samples': 60, 'subsample': 0.879835357383715, 'colsample_bytree': 0.9556690764326253, 'reg_alpha': 2.985634864715891, 'reg_lambda': 5.236684785773666}. Best is trial 9 with value: 0.5250375939849624.
Training until validation scores don't improve for 50 rounds
Early stopping, best iteration is:
[31]	valid_0's multi_logloss: 1.0009
[I 2026-01-10 17:24:44,764] Trial 22 finished with value: 0.5062406015037594 and parameters: {'max_depth': 10, 'learning_rate': 0.128950479768921, 'n_estimators': 228, 'min_child_samples': 77, 'subsample': 0.9685879988045915, 'colsample_bytree': 0.9870356732463792, 'reg_alpha': 6.308350739339765, 'reg_lambda': 5.421359145394968}. Best is trial 9 with value: 0.5250375939849624.
Training until validation scores don't improve for 50 rounds
Early stopping, best iteration is:
[29]	valid_0's multi_logloss: 1.0005
[I 2026-01-10 17:24:45,976] Trial 23 finished with value: 0.5024812030075188 and parameters: {'max_depth': 8, 'learning_rate': 0.29647753307518104, 'n_estimators': 382, 'min_child_samples': 42, 'subsample': 0.7874587507213165, 'colsample_bytree': 0.9258630444347066, 'reg_alpha': 7.958975467757256, 'reg_lambda': 3.795538958044016}. Best is trial 9 with value: 0.5250375939849624.
Training until validation scores don't improve for 50 rounds
Early stopping, best iteration is:
[57]	valid_0's multi_logloss: 0.998907
[I 2026-01-10 17:24:47,297] Trial 24 finished with value: 0.5024812030075188 and parameters: {'max_depth': 6, 'learning_rate': 0.06596893322449397, 'n_estimators': 180, 'min_child_samples': 58, 'subsample': 0.8726764721057407, 'colsample_bytree': 0.8738792349249166, 'reg_alpha': 4.876917114183233, 'reg_lambda': 6.109922830778452}. Best is trial 9 with value: 0.5250375939849624.
Training until validation scores don't improve for 50 rounds
Early stopping, best iteration is:
[14]	valid_0's multi_logloss: 0.992658
[I 2026-01-10 17:24:47,833] Trial 25 finished with value: 0.5269172932330827 and parameters: {'max_depth': 5, 'learning_rate': 0.22022062627894282, 'n_estimators': 783, 'min_child_samples': 88, 'subsample': 0.7434583345412802, 'colsample_bytree': 0.95867673010466, 'reg_alpha': 5.491565802299721, 'reg_lambda': 2.7532659487311135}. Best is trial 25 with value: 0.5269172932330827.
Training until validation scores don't improve for 50 rounds
Early stopping, best iteration is:
[19]	valid_0's multi_logloss: 0.996518
[I 2026-01-10 17:24:48,384] Trial 26 finished with value: 0.5175187969924813 and parameters: {'max_depth': 5, 'learning_rate': 0.20947653407397873, 'n_estimators': 794, 'min_child_samples': 92, 'subsample': 0.7340640901647967, 'colsample_bytree': 0.9601340086133289, 'reg_alpha': 6.8891744179966805, 'reg_lambda': 1.1199191302943063}. Best is trial 25 with value: 0.5269172932330827.
Training until validation scores don't improve for 50 rounds
Early stopping, best iteration is:
[31]	valid_0's multi_logloss: 0.995959
[I 2026-01-10 17:24:48,923] Trial 27 finished with value: 0.5250375939849624 and parameters: {'max_depth': 4, 'learning_rate': 0.14678028610923277, 'n_estimators': 542, 'min_child_samples': 95, 'subsample': 0.6924473780379318, 'colsample_bytree': 0.8982638567460284, 'reg_alpha': 5.229549850294884, 'reg_lambda': 2.8846937528705197}. Best is trial 25 with value: 0.5269172932330827.
Training until validation scores don't improve for 50 rounds
Early stopping, best iteration is:
[24]	valid_0's multi_logloss: 0.993193
[I 2026-01-10 17:24:49,518] Trial 28 finished with value: 0.5137593984962406 and parameters: {'max_depth': 5, 'learning_rate': 0.14885942948079448, 'n_estimators': 542, 'min_child_samples': 95, 'subsample': 0.6692284343777121, 'colsample_bytree': 0.8307452408389848, 'reg_alpha': 5.267298762113518, 'reg_lambda': 2.8375410258788216}. Best is trial 25 with value: 0.5269172932330827.
Training until validation scores don't improve for 50 rounds
Early stopping, best iteration is:
[15]	valid_0's multi_logloss: 0.996332
[I 2026-01-10 17:24:49,868] Trial 29 finished with value: 0.5118796992481203 and parameters: {'max_depth': 3, 'learning_rate': 0.22290105781623903, 'n_estimators': 882, 'min_child_samples': 86, 'subsample': 0.697535207523596, 'colsample_bytree': 0.7903362908872035, 'reg_alpha': 4.457857169299248, 'reg_lambda': 1.1433994638874196}. Best is trial 25 with value: 0.5269172932330827.
Training until validation scores don't improve for 50 rounds
Early stopping, best iteration is:
[17]	valid_0's multi_logloss: 0.995913
