[I 2026-01-10 17:24:50,316] Trial 30 finished with value: 0.528796992481203 and parameters: {'max_depth': 4, 'learning_rate': 0.18506517996798943, 'n_estimators': 644, 'min_child_samples': 99, 'subsample': 0.6164353526963778, 'colsample_bytree': 0.8884209762241462, 'reg_alpha': 5.748551458639896, 'reg_lambda': 2.4691620104275795}. Best is trial 30 with value: 0.528796992481203.
Training until validation scores don't improve for 50 rounds
Best trial: 35. Best value: 0.530677:  46%|████▌     | 46/100 [00:42<00:34,  1.55it/s]Best trial: 35. Best value: 0.530677:  46%|████▌     | 46/100 [00:42<00:34,  1.55it/s]Best trial: 35. Best value: 0.530677:  47%|████▋     | 47/100 [00:42<00:33,  1.58it/s]/Library/Frameworks/Python.framework/Versions/3.12/lib/python3.12/site-packages/sklearn/utils/validation.py:2749: UserWarning: X does not have valid feature names, but LGBMClassifier was fitted with feature names
  warnings.warn(
                                                                                      Best trial: 35. Best value: 0.530677:  47%|████▋     | 47/100 [00:43<00:33,  1.58it/s]Best trial: 35. Best value: 0.530677:  47%|████▋     | 47/100 [00:43<00:33,  1.58it/s]Best trial: 35. Best value: 0.530677:  48%|████▊     | 48/100 [00:43<00:38,  1.35it/s]/Library/Frameworks/Python.framework/Versions/3.12/lib/python3.12/site-packages/sklearn/utils/validation.py:2749: UserWarning: X does not have valid feature names, but LGBMClassifier was fitted with feature names
  warnings.warn(
                                                                                      Best trial: 35. Best value: 0.530677:  48%|████▊     | 48/100 [00:43<00:38,  1.35it/s]Best trial: 35. Best value: 0.530677:  48%|████▊     | 48/100 [00:43<00:38,  1.35it/s]Best trial: 35. Best value: 0.530677:  49%|████▉     | 49/100 [00:43<00:34,  1.50it/s]/Library/Frameworks/Python.framework/Versions/3.12/lib/python3.12/site-packages/sklearn/utils/validation.py:2749: UserWarning: X does not have valid feature names, but LGBMClassifier was fitted with feature names
  warnings.warn(
                                                                                      Best trial: 35. Best value: 0.530677:  49%|████▉     | 49/100 [00:44<00:34,  1.50it/s]Best trial: 35. Best value: 0.530677:  49%|████▉     | 49/100 [00:44<00:34,  1.50it/s]Best trial: 35. Best value: 0.530677:  50%|█████     | 50/100 [00:44<00:35,  1.40it/s]/Library/Frameworks/Python.framework/Versions/3.12/lib/python3.12/site-packages/sklearn/utils/validation.py:2749: UserWarning: X does not have valid feature names, but LGBMClassifier was fitted with feature names
  warnings.warn(
                                                                                      Best trial: 35. Best value: 0.530677:  50%|█████     | 50/100 [00:45<00:35,  1.40it/s]Best trial: 35. Best value: 0.530677:  50%|█████     | 50/100 [00:45<00:35,  1.40it/s]Best trial: 35. Best value: 0.530677:  51%|█████     | 51/100 [00:45<00:45,  1.07it/s]/Library/Frameworks/Python.framework/Versions/3.12/lib/python3.12/site-packages/sklearn/utils/validation.py:2749: UserWarning: X does not have valid feature names, but LGBMClassifier was fitted with feature names
  warnings.warn(
                                                                                      Best trial: 35. Best value: 0.530677:  51%|█████     | 51/100 [00:46<00:45,  1.07it/s]Best trial: 51. Best value: 0.534436:  51%|█████     | 51/100 [00:46<00:45,  1.07it/s]Best trial: 51. Best value: 0.534436:  52%|█████▏    | 52/100 [00:46<00:41,  1.16it/s]/Library/Frameworks/Python.framework/Versions/3.12/lib/python3.12/site-packages/sklearn/utils/validation.py:2749: UserWarning: X does not have valid feature names, but LGBMClassifier was fitted with feature names
  warnings.warn(
                                                                                      Best trial: 51. Best value: 0.534436:  52%|█████▏    | 52/100 [00:47<00:41,  1.16it/s]Best trial: 51. Best value: 0.534436:  52%|█████▏    | 52/100 [00:47<00:41,  1.16it/s]Best trial: 51. Best value: 0.534436:  53%|█████▎    | 53/100 [00:47<00:37,  1.25it/s]/Library/Frameworks/Python.framework/Versions/3.12/lib/python3.12/site-packages/sklearn/utils/validation.py:2749: UserWarning: X does not have valid feature names, but LGBMClassifier was fitted with feature names
  warnings.warn(
                                                                                      Best trial: 51. Best value: 0.534436:  53%|█████▎    | 53/100 [00:47<00:37,  1.25it/s]Best trial: 51. Best value: 0.534436:  53%|█████▎    | 53/100 [00:47<00:37,  1.25it/s]Best trial: 51. Best value: 0.534436:  54%|█████▍    | 54/100 [00:47<00:35,  1.30it/s]/Library/Frameworks/Python.framework/Versions/3.12/lib/python3.12/site-packages/sklearn/utils/validation.py:2749: UserWarning: X does not have valid feature names, but LGBMClassifier was fitted with feature names
  warnings.warn(
                                                                                      Best trial: 51. Best value: 0.534436:  54%|█████▍    | 54/100 [00:48<00:35,  1.30it/s]Best trial: 51. Best value: 0.534436:  54%|█████▍    | 54/100 [00:48<00:35,  1.30it/s]Best trial: 51. Best value: 0.534436:  55%|█████▌    | 55/100 [00:48<00:30,  1.48it/s]/Library/Frameworks/Python.framework/Versions/3.12/lib/python3.12/site-packages/sklearn/utils/validation.py:2749: UserWarning: X does not have valid feature names, but LGBMClassifier was fitted with feature names
  warnings.warn(
                                                                                      Best trial: 51. Best value: 0.534436:  55%|█████▌    | 55/100 [00:48<00:30,  1.48it/s]Best trial: 51. Best value: 0.534436:  55%|█████▌    | 55/100 [00:48<00:30,  1.48it/s]Best trial: 51. Best value: 0.534436:  56%|█████▌    | 56/100 [00:48<00:27,  1.58it/s]/Library/Frameworks/Python.framework/Versions/3.12/lib/python3.12/site-packages/sklearn/utils/validation.py:2749: UserWarning: X does not have valid feature names, but LGBMClassifier was fitted with feature names
  warnings.warn(
                                                                                      Best trial: 51. Best value: 0.534436:  56%|█████▌    | 56/100 [00:50<00:27,  1.58it/s]Best trial: 51. Best value: 0.534436:  56%|█████▌    | 56/100 [00:50<00:27,  1.58it/s]Best trial: 51. Best value: 0.534436:  57%|█████▋    | 57/100 [00:50<00:37,  1.14it/s]/Library/Frameworks/Python.framework/Versions/3.12/lib/python3.12/site-packages/sklearn/utils/validation.py:2749: UserWarning: X does not have valid feature names, but LGBMClassifier was fitted with feature names
  warnings.warn(
                                                                                      Best trial: 51. Best value: 0.534436:  57%|█████▋    | 57/100 [00:51<00:37,  1.14it/s]Best trial: 57. Best value: 0.536316:  57%|█████▋    | 57/100 [00:51<00:37,  1.14it/s]Best trial: 57. Best value: 0.536316:  58%|█████▊    | 58/100 [00:51<00:35,  1.20it/s]/Library/Frameworks/Python.framework/Versions/3.12/lib/python3.12/site-packages/sklearn/utils/validation.py:2749: UserWarning: X does not have valid feature names, but LGBMClassifier was fitted with feature names
  warnings.warn(
                                                                                      Best trial: 57. Best value: 0.536316:  58%|█████▊    | 58/100 [00:51<00:35,  1.20it/s]Best trial: 57. Best value: 0.536316:  58%|█████▊    | 58/100 [00:51<00:35,  1.20it/s]Best trial: 57. Best value: 0.536316:  59%|█████▉    | 59/100 [00:51<00:31,  1.28it/s]/Library/Frameworks/Python.framework/Versions/3.12/lib/python3.12/site-packages/sklearn/utils/validation.py:2749: UserWarning: X does not have valid feature names, but LGBMClassifier was fitted with feature names
  warnings.warn(
                                                                                      Best trial: 57. Best value: 0.536316:  59%|█████▉    | 59/100 [00:52<00:31,  1.28it/s]Best trial: 57. Best value: 0.536316:  59%|█████▉    | 59/100 [00:52<00:31,  1.28it/s]Best trial: 57. Best value: 0.536316:  60%|██████    | 60/100 [00:52<00:35,  1.13it/s]/Library/Frameworks/Python.framework/Versions/3.12/lib/python3.12/site-packages/sklearn/utils/validation.py:2749: UserWarning: X does not have valid feature names, but LGBMClassifier was fitted with feature names
  warnings.warn(
                                                                                      Best trial: 57. Best value: 0.536316:  60%|██████    | 60/100 [00:53<00:35,  1.13it/s]Best trial: 57. Best value: 0.536316:  60%|██████    | 60/100 [00:53<00:35,  1.13it/s]Best trial: 57. Best value: 0.536316:  61%|██████    | 61/100 [00:53<00:34,  1.15it/s]/Library/Frameworks/Python.framework/Versions/3.12/lib/python3.12/site-packages/sklearn/utils/validation.py:2749: UserWarning: X does not have valid feature names, but LGBMClassifier was fitted with feature names
  warnings.warn(
                                                                                      Best trial: 57. Best value: 0.536316:  61%|██████    | 61/100 [00:56<00:34,  1.15it/s]Best trial: 57. Best value: 0.536316:  61%|██████    | 61/100 [00:56<00:34,  1.15it/s]Best trial: 57. Best value: 0.536316:  62%|██████▏   | 62/100 [00:56<00:53,  1.42s/it]/Library/Frameworks/Python.framework/Versions/3.12/lib/python3.12/site-packages/sklearn/utils/validation.py:2749: UserWarning: X does not have valid feature names, but LGBMClassifier was fitted with feature names
  warnings.warn(
                                                                                      Best trial: 57. Best value: 0.536316:  62%|██████▏   | 62/100 [00:57<00:53,  1.42s/it]Best trial: 57. Best value: 0.536316:  62%|██████▏   | 62/100 [00:57<00:53,  1.42s/it]Best trial: 57. Best value: 0.536316:  63%|██████▎   | 63/100 [00:57<00:51,  1.38s/it]/Library/Frameworks/Python.framework/Versions/3.12/lib/python3.12/site-packages/sklearn/utils/validation.py:2749: UserWarning: X does not have valid feature names, but LGBMClassifier was fitted with feature names
  warnings.warn(
                                                                                      Best trial: 57. Best value: 0.536316:  63%|██████▎   | 63/100 [00:58<00:51,  1.38s/it]Best trial: 57. Best value: 0.536316:  63%|██████▎   | 63/100 [00:58<00:51,  1.38s/it]Best trial: 57. Best value: 0.536316:  64%|██████▍   | 64/100 [00:58<00:42,  1.19s/it]/Library/Frameworks/Python.framework/Versions/3.12/lib/python3.12/site-packages/sklearn/utils/validation.py:2749: UserWarning: X does not have valid feature names, but LGBMClassifier was fitted with feature names
  warnings.warn(
                                                                                      Best trial: 57. Best value: 0.536316:  64%|██████▍   | 64/100 [01:02<00:42,  1.19s/it]Best trial: 57. Best value: 0.536316:  64%|██████▍   | 64/100 [01:02<00:42,  1.19s/it]Best trial: 57. Best value: 0.536316:  65%|██████▌   | 65/100 [01:02<01:15,  2.16s/it]/Library/Frameworks/Python.framework/Versions/3.12/lib/python3.12/site-packages/sklearn/utils/validation.py:2749: UserWarning: X does not have valid feature names, but LGBMClassifier was fitted with feature names
  warnings.warn(
                                                                                      Best trial: 57. Best value: 0.536316:  65%|██████▌   | 65/100 [01:03<01:15,  2.16s/it]Best trial: 57. Best value: 0.536316:  65%|██████▌   | 65/100 [01:03<01:15,  2.16s/it]Best trial: 57. Best value: 0.536316:  66%|██████▌   | 66/100 [01:03<01:02,  1.83s/it]/Library/Frameworks/Python.framework/Versions/3.12/lib/python3.12/site-packages/sklearn/utils/validation.py:2749: UserWarning: X does not have valid feature names, but LGBMClassifier was fitted with feature names
  warnings.warn(
                                                                                      Best trial: 57. Best value: 0.536316:  66%|██████▌   | 66/100 [01:04<01:02,  1.83s/it]Best trial: 57. Best value: 0.536316:  66%|██████▌   | 66/100 [01:04<01:02,  1.83s/it]Best trial: 57. Best value: 0.536316:  67%|██████▋   | 67/100 [01:04<00:47,  1.45s/it]/Library/Frameworks/Python.framework/Versions/3.12/lib/python3.12/site-packages/sklearn/utils/validation.py:2749: UserWarning: X does not have valid feature names, but LGBMClassifier was fitted with feature names
  warnings.warn(
                                                                                      Best trial: 57. Best value: 0.536316:  67%|██████▋   | 67/100 [01:05<00:47,  1.45s/it]Best trial: 57. Best value: 0.536316:  67%|██████▋   | 67/100 [01:05<00:47,  1.45s/it]Best trial: 57. Best value: 0.536316:  68%|██████▊   | 68/100 [01:05<00:39,  1.23s/it]/Library/Frameworks/Python.framework/Versions/3.12/lib/python3.12/site-packages/sklearn/utils/validation.py:2749: UserWarning: X does not have valid feature names, but LGBMClassifier was fitted with feature names
  warnings.warn(
                                                                                      Best trial: 57. Best value: 0.536316:  68%|██████▊   | 68/100 [01:08<00:39,  1.23s/it]Best trial: 57. Best value: 0.536316:  68%|██████▊   | 68/100 [01:08<00:39,  1.23s/it]Best trial: 57. Best value: 0.536316:  69%|██████▉   | 69/100 [01:08<01:00,  1.96s/it]/Library/Frameworks/Python.framework/Versions/3.12/lib/python3.12/site-packages/sklearn/utils/validation.py:2749: UserWarning: X does not have valid feature names, but LGBMClassifier was fitted with feature names
  warnings.warn(
                                                                                      Best trial: 57. Best value: 0.536316:  69%|██████▉   | 69/100 [01:09<01:00,  1.96s/it]Best trial: 57. Best value: 0.536316:  69%|██████▉   | 69/100 [01:09<01:00,  1.96s/it]Best trial: 57. Best value: 0.536316:  70%|███████   | 70/100 [01:09<00:45,  1.51s/it]/Library/Frameworks/Python.framework/Versions/3.12/lib/python3.12/site-packages/sklearn/utils/validation.py:2749: UserWarning: X does not have valid feature names, but LGBMClassifier was fitted with feature names
  warnings.warn(
                                                                                      Best trial: 57. Best value: 0.536316:  70%|███████   | 70/100 [01:10<00:45,  1.51s/it]Best trial: 57. Best value: 0.536316:  70%|███████   | 70/100 [01:10<00:45,  1.51s/it]Best trial: 57. Best value: 0.536316:  71%|███████   | 71/100 [01:10<00:40,  1.40s/it]/Library/Frameworks/Python.framework/Versions/3.12/lib/python3.12/site-packages/sklearn/utils/validation.py:2749: UserWarning: X does not have valid feature names, but LGBMClassifier was fitted with feature names
  warnings.warn(
                                                                                      Best trial: 57. Best value: 0.536316:  71%|███████   | 71/100 [01:11<00:40,  1.40s/it]Best trial: 57. Best value: 0.536316:  71%|███████   | 71/100 [01:11<00:40,  1.40s/it]Best trial: 57. Best value: 0.536316:  72%|███████▏  | 72/100 [01:11<00:32,  1.17s/it]/Library/Frameworks/Python.framework/Versions/3.12/lib/python3.12/site-packages/sklearn/utils/validation.py:2749: UserWarning: X does not have valid feature names, but LGBMClassifier was fitted with feature names
  warnings.warn(
                                                                                      Best trial: 57. Best value: 0.536316:  72%|███████▏  | 72/100 [01:11<00:32,  1.17s/it]Best trial: 57. Best value: 0.536316:  72%|███████▏  | 72/100 [01:11<00:32,  1.17s/it]Best trial: 57. Best value: 0.536316:  73%|███████▎  | 73/100 [01:11<00:27,  1.01s/it]/Library/Frameworks/Python.framework/Versions/3.12/lib/python3.12/site-packages/sklearn/utils/validation.py:2749: UserWarning: X does not have valid feature names, but LGBMClassifier was fitted with feature names
  warnings.warn(
                                                                                      Best trial: 57. Best value: 0.536316:  73%|███████▎  | 73/100 [01:12<00:27,  1.01s/it]Best trial: 73. Best value: 0.538195:  73%|███████▎  | 73/100 [01:12<00:27,  1.01s/it]Best trial: 73. Best value: 0.538195:  74%|███████▍  | 74/100 [01:12<00:22,  1.14it/s]/Library/Frameworks/Python.framework/Versions/3.12/lib/python3.12/site-packages/sklearn/utils/validation.py:2749: UserWarning: X does not have valid feature names, but LGBMClassifier was fitted with feature names
  warnings.warn(
                                                                                      Best trial: 73. Best value: 0.538195:  74%|███████▍  | 74/100 [01:12<00:22,  1.14it/s]Best trial: 73. Best value: 0.538195:  74%|███████▍  | 74/100 [01:12<00:22,  1.14it/s]Best trial: 73. Best value: 0.538195:  75%|███████▌  | 75/100 [01:12<00:19,  1.28it/s]/Library/Frameworks/Python.framework/Versions/3.12/lib/python3.12/site-packages/sklearn/utils/validation.py:2749: UserWarning: X does not have valid feature names, but LGBMClassifier was fitted with feature names
  warnings.warn(
                                                                                      Best trial: 73. Best value: 0.538195:  75%|███████▌  | 75/100 [01:13<00:19,  1.28it/s]Best trial: 73. Best value: 0.538195:  75%|███████▌  | 75/100 [01:13<00:19,  1.28it/s]Best trial: 73. Best value: 0.538195:  76%|███████▌  | 76/100 [01:13<00:17,  1.40it/s]/Library/Frameworks/Python.framework/Versions/3.12/lib/python3.12/site-packages/sklearn/utils/validation.py:2749: UserWarning: X does not have valid feature names, but LGBMClassifier was fitted with feature names
  warnings.warn(
                                                                                      Best trial: 73. Best value: 0.538195:  76%|███████▌  | 76/100 [01:14<00:17,  1.40it/s]Best trial: 73. Best value: 0.538195:  76%|███████▌  | 76/100 [01:14<00:17,  1.40it/s]Best trial: 73. Best value: 0.538195:  77%|███████▋  | 77/100 [01:14<00:15,  1.47it/s]/Library/Frameworks/Python.framework/Versions/3.12/lib/python3.12/site-packages/sklearn/utils/validation.py:2749: UserWarning: X does not have valid feature names, but LGBMClassifier was fitted with feature names
  warnings.warn(
                                                                                      Early stopping, best iteration is:
[20]	valid_0's multi_logloss: 0.993961
[I 2026-01-10 17:24:50,766] Trial 31 finished with value: 0.5231578947368422 and parameters: {'max_depth': 4, 'learning_rate': 0.1817385184417479, 'n_estimators': 671, 'min_child_samples': 99, 'subsample': 0.6007746863973368, 'colsample_bytree': 0.8895219174624257, 'reg_alpha': 5.831176308208304, 'reg_lambda': 2.447248020075713}. Best is trial 30 with value: 0.528796992481203.
Training until validation scores don't improve for 50 rounds
Early stopping, best iteration is:
[19]	valid_0's multi_logloss: 0.994685
[I 2026-01-10 17:24:51,336] Trial 32 finished with value: 0.5156390977443609 and parameters: {'max_depth': 5, 'learning_rate': 0.2274460073821591, 'n_estimators': 616, 'min_child_samples': 92, 'subsample': 0.6303152027666985, 'colsample_bytree': 0.8530652644577243, 'reg_alpha': 3.6063323341182567, 'reg_lambda': 3.3016774081694056}. Best is trial 30 with value: 0.528796992481203.
Training until validation scores don't improve for 50 rounds
Early stopping, best iteration is:
[19]	valid_0's multi_logloss: 0.995394
[I 2026-01-10 17:24:51,787] Trial 33 finished with value: 0.5212781954887218 and parameters: {'max_depth': 4, 'learning_rate': 0.18623770040297907, 'n_estimators': 769, 'min_child_samples': 74, 'subsample': 0.6727668247678165, 'colsample_bytree': 0.9239128339420707, 'reg_alpha': 5.542000809707426, 'reg_lambda': 2.1640829672494615}. Best is trial 30 with value: 0.528796992481203.
Training until validation scores don't improve for 50 rounds
Early stopping, best iteration is:
[48]	valid_0's multi_logloss: 0.996168
[I 2026-01-10 17:24:52,222] Trial 34 finished with value: 0.5212781954887218 and parameters: {'max_depth': 3, 'learning_rate': 0.1524451489341373, 'n_estimators': 747, 'min_child_samples': 85, 'subsample': 0.7160541536803622, 'colsample_bytree': 0.8903585358290285, 'reg_alpha': 4.5316500023916575, 'reg_lambda': 3.2473978635532643}. Best is trial 30 with value: 0.528796992481203.
Training until validation scores don't improve for 50 rounds
Early stopping, best iteration is:
[10]	valid_0's multi_logloss: 0.997953
[I 2026-01-10 17:24:52,787] Trial 35 finished with value: 0.5306766917293233 and parameters: {'max_depth': 6, 'learning_rate': 0.24106893852821104, 'n_estimators': 640, 'min_child_samples': 94, 'subsample': 0.6298795540774831, 'colsample_bytree': 0.915994878913715, 'reg_alpha': 6.851070570653307, 'reg_lambda': 1.5399126747198653}. Best is trial 35 with value: 0.5306766917293233.
Training until validation scores don't improve for 50 rounds
Early stopping, best iteration is:
[16]	valid_0's multi_logloss: 0.997203
[I 2026-01-10 17:24:53,335] Trial 36 finished with value: 0.4987218045112782 and parameters: {'max_depth': 6, 'learning_rate': 0.24201898957809698, 'n_estimators': 625, 'min_child_samples': 89, 'subsample': 0.6357472799772432, 'colsample_bytree': 0.810933618579028, 'reg_alpha': 8.372597486900988, 'reg_lambda': 0.6696363556979095}. Best is trial 35 with value: 0.5306766917293233.
Training until validation scores don't improve for 50 rounds
Early stopping, best iteration is:
[11]	valid_0's multi_logloss: 1.01096
