[I 2026-01-10 17:25:14,388] Trial 61 finished with value: 0.5156390977443609 and parameters: {'max_depth': 3, 'learning_rate': 0.014616925323857298, 'n_estimators': 947, 'min_child_samples': 10, 'subsample': 0.650446798816434, 'colsample_bytree': 0.9340749922960319, 'reg_alpha': 2.6064335317450684, 'reg_lambda': 0.9198813707501505}. Best is trial 57 with value: 0.5363157894736842.
Best trial: 73. Best value: 0.538195:  77%|███████▋  | 77/100 [01:14<00:15,  1.47it/s]Best trial: 73. Best value: 0.538195:  77%|███████▋  | 77/100 [01:14<00:15,  1.47it/s]Best trial: 73. Best value: 0.538195:  78%|███████▊  | 78/100 [01:14<00:15,  1.46it/s]/Library/Frameworks/Python.framework/Versions/3.12/lib/python3.12/site-packages/sklearn/utils/validation.py:2749: UserWarning: X does not have valid feature names, but LGBMClassifier was fitted with feature names
  warnings.warn(
                                                                                      Best trial: 73. Best value: 0.538195:  78%|███████▊  | 78/100 [01:15<00:15,  1.46it/s]Best trial: 73. Best value: 0.538195:  78%|███████▊  | 78/100 [01:15<00:15,  1.46it/s]Best trial: 73. Best value: 0.538195:  79%|███████▉  | 79/100 [01:15<00:16,  1.29it/s]/Library/Frameworks/Python.framework/Versions/3.12/lib/python3.12/site-packages/sklearn/utils/validation.py:2749: UserWarning: X does not have valid feature names, but LGBMClassifier was fitted with feature names
  warnings.warn(
                                                                                      Best trial: 73. Best value: 0.538195:  79%|███████▉  | 79/100 [01:16<00:16,  1.29it/s]Best trial: 73. Best value: 0.538195:  79%|███████▉  | 79/100 [01:16<00:16,  1.29it/s]Best trial: 73. Best value: 0.538195:  80%|████████  | 80/100 [01:16<00:14,  1.35it/s]/Library/Frameworks/Python.framework/Versions/3.12/lib/python3.12/site-packages/sklearn/utils/validation.py:2749: UserWarning: X does not have valid feature names, but LGBMClassifier was fitted with feature names
  warnings.warn(
                                                                                      Best trial: 73. Best value: 0.538195:  80%|████████  | 80/100 [01:17<00:14,  1.35it/s]Best trial: 73. Best value: 0.538195:  80%|████████  | 80/100 [01:17<00:14,  1.35it/s]Best trial: 73. Best value: 0.538195:  81%|████████  | 81/100 [01:17<00:13,  1.38it/s]/Library/Frameworks/Python.framework/Versions/3.12/lib/python3.12/site-packages/sklearn/utils/validation.py:2749: UserWarning: X does not have valid feature names, but LGBMClassifier was fitted with feature names
  warnings.warn(
                                                                                      Best trial: 73. Best value: 0.538195:  81%|████████  | 81/100 [01:17<00:13,  1.38it/s]Best trial: 73. Best value: 0.538195:  81%|████████  | 81/100 [01:17<00:13,  1.38it/s]Best trial: 73. Best value: 0.538195:  82%|████████▏ | 82/100 [01:17<00:12,  1.39it/s]/Library/Frameworks/Python.framework/Versions/3.12/lib/python3.12/site-packages/sklearn/utils/validation.py:2749: UserWarning: X does not have valid feature names, but LGBMClassifier was fitted with feature names
  warnings.warn(
                                                                                      Best trial: 73. Best value: 0.538195:  82%|████████▏ | 82/100 [01:18<00:12,  1.39it/s]Best trial: 73. Best value: 0.538195:  82%|████████▏ | 82/100 [01:18<00:12,  1.39it/s]Best trial: 73. Best value: 0.538195:  83%|████████▎ | 83/100 [01:18<00:11,  1.43it/s]/Library/Frameworks/Python.framework/Versions/3.12/lib/python3.12/site-packages/sklearn/utils/validation.py:2749: UserWarning: X does not have valid feature names, but LGBMClassifier was fitted with feature names
  warnings.warn(
                                                                                      Best trial: 73. Best value: 0.538195:  83%|████████▎ | 83/100 [01:19<00:11,  1.43it/s]Best trial: 73. Best value: 0.538195:  83%|████████▎ | 83/100 [01:19<00:11,  1.43it/s]Best trial: 73. Best value: 0.538195:  84%|████████▍ | 84/100 [01:19<00:11,  1.37it/s]/Library/Frameworks/Python.framework/Versions/3.12/lib/python3.12/site-packages/sklearn/utils/validation.py:2749: UserWarning: X does not have valid feature names, but LGBMClassifier was fitted with feature names
  warnings.warn(
                                                                                      Best trial: 73. Best value: 0.538195:  84%|████████▍ | 84/100 [01:19<00:11,  1.37it/s]Best trial: 73. Best value: 0.538195:  84%|████████▍ | 84/100 [01:19<00:11,  1.37it/s]Best trial: 73. Best value: 0.538195:  85%|████████▌ | 85/100 [01:19<00:09,  1.59it/s]/Library/Frameworks/Python.framework/Versions/3.12/lib/python3.12/site-packages/sklearn/utils/validation.py:2749: UserWarning: X does not have valid feature names, but LGBMClassifier was fitted with feature names
  warnings.warn(
                                                                                      Best trial: 73. Best value: 0.538195:  85%|████████▌ | 85/100 [01:20<00:09,  1.59it/s]Best trial: 73. Best value: 0.538195:  85%|████████▌ | 85/100 [01:20<00:09,  1.59it/s]Best trial: 73. Best value: 0.538195:  86%|████████▌ | 86/100 [01:20<00:08,  1.62it/s]/Library/Frameworks/Python.framework/Versions/3.12/lib/python3.12/site-packages/sklearn/utils/validation.py:2749: UserWarning: X does not have valid feature names, but LGBMClassifier was fitted with feature names
  warnings.warn(
                                                                                      Best trial: 73. Best value: 0.538195:  86%|████████▌ | 86/100 [01:20<00:08,  1.62it/s]Best trial: 73. Best value: 0.538195:  86%|████████▌ | 86/100 [01:20<00:08,  1.62it/s]Best trial: 73. Best value: 0.538195:  87%|████████▋ | 87/100 [01:20<00:08,  1.62it/s]/Library/Frameworks/Python.framework/Versions/3.12/lib/python3.12/site-packages/sklearn/utils/validation.py:2749: UserWarning: X does not have valid feature names, but LGBMClassifier was fitted with feature names
  warnings.warn(
                                                                                      Best trial: 73. Best value: 0.538195:  87%|████████▋ | 87/100 [01:21<00:08,  1.62it/s]Best trial: 73. Best value: 0.538195:  87%|████████▋ | 87/100 [01:21<00:08,  1.62it/s]Best trial: 73. Best value: 0.538195:  88%|████████▊ | 88/100 [01:21<00:07,  1.58it/s]/Library/Frameworks/Python.framework/Versions/3.12/lib/python3.12/site-packages/sklearn/utils/validation.py:2749: UserWarning: X does not have valid feature names, but LGBMClassifier was fitted with feature names
  warnings.warn(
                                                                                      Best trial: 73. Best value: 0.538195:  88%|████████▊ | 88/100 [01:22<00:07,  1.58it/s]Best trial: 73. Best value: 0.538195:  88%|████████▊ | 88/100 [01:22<00:07,  1.58it/s]Best trial: 73. Best value: 0.538195:  89%|████████▉ | 89/100 [01:22<00:07,  1.53it/s]/Library/Frameworks/Python.framework/Versions/3.12/lib/python3.12/site-packages/sklearn/utils/validation.py:2749: UserWarning: X does not have valid feature names, but LGBMClassifier was fitted with feature names
  warnings.warn(
                                                                                      Best trial: 73. Best value: 0.538195:  89%|████████▉ | 89/100 [01:22<00:07,  1.53it/s]Best trial: 73. Best value: 0.538195:  89%|████████▉ | 89/100 [01:22<00:07,  1.53it/s]Best trial: 73. Best value: 0.538195:  90%|█████████ | 90/100 [01:22<00:06,  1.61it/s]/Library/Frameworks/Python.framework/Versions/3.12/lib/python3.12/site-packages/sklearn/utils/validation.py:2749: UserWarning: X does not have valid feature names, but LGBMClassifier was fitted with feature names
  warnings.warn(
                                                                                      Best trial: 73. Best value: 0.538195:  90%|█████████ | 90/100 [01:24<00:06,  1.61it/s]Best trial: 73. Best value: 0.538195:  90%|█████████ | 90/100 [01:24<00:06,  1.61it/s]Best trial: 73. Best value: 0.538195:  91%|█████████ | 91/100 [01:24<00:09,  1.09s/it]/Library/Frameworks/Python.framework/Versions/3.12/lib/python3.12/site-packages/sklearn/utils/validation.py:2749: UserWarning: X does not have valid feature names, but LGBMClassifier was fitted with feature names
  warnings.warn(
                                                                                      Best trial: 73. Best value: 0.538195:  91%|█████████ | 91/100 [01:25<00:09,  1.09s/it]Best trial: 73. Best value: 0.538195:  91%|█████████ | 91/100 [01:25<00:09,  1.09s/it]Best trial: 73. Best value: 0.538195:  92%|█████████▏| 92/100 [01:25<00:07,  1.01it/s]/Library/Frameworks/Python.framework/Versions/3.12/lib/python3.12/site-packages/sklearn/utils/validation.py:2749: UserWarning: X does not have valid feature names, but LGBMClassifier was fitted with feature names
  warnings.warn(
                                                                                      Best trial: 73. Best value: 0.538195:  92%|█████████▏| 92/100 [01:26<00:07,  1.01it/s]Best trial: 73. Best value: 0.538195:  92%|█████████▏| 92/100 [01:26<00:07,  1.01it/s]Best trial: 73. Best value: 0.538195:  93%|█████████▎| 93/100 [01:26<00:07,  1.03s/it]/Library/Frameworks/Python.framework/Versions/3.12/lib/python3.12/site-packages/sklearn/utils/validation.py:2749: UserWarning: X does not have valid feature names, but LGBMClassifier was fitted with feature names
  warnings.warn(
                                                                                      Best trial: 73. Best value: 0.538195:  93%|█████████▎| 93/100 [01:27<00:07,  1.03s/it]Best trial: 73. Best value: 0.538195:  93%|█████████▎| 93/100 [01:27<00:07,  1.03s/it]Best trial: 73. Best value: 0.538195:  94%|█████████▍| 94/100 [01:27<00:06,  1.03s/it]/Library/Frameworks/Python.framework/Versions/3.12/lib/python3.12/site-packages/sklearn/utils/validation.py:2749: UserWarning: X does not have valid feature names, but LGBMClassifier was fitted with feature names
  warnings.warn(
                                                                                      Best trial: 73. Best value: 0.538195:  94%|█████████▍| 94/100 [01:28<00:06,  1.03s/it]Best trial: 73. Best value: 0.538195:  94%|█████████▍| 94/100 [01:28<00:06,  1.03s/it]Best trial: 73. Best value: 0.538195:  95%|█████████▌| 95/100 [01:28<00:04,  1.10it/s]/Library/Frameworks/Python.framework/Versions/3.12/lib/python3.12/site-packages/sklearn/utils/validation.py:2749: UserWarning: X does not have valid feature names, but LGBMClassifier was fitted with feature names
  warnings.warn(
                                                                                      Best trial: 73. Best value: 0.538195:  95%|█████████▌| 95/100 [01:29<00:04,  1.10it/s]Best trial: 73. Best value: 0.538195:  95%|█████████▌| 95/100 [01:29<00:04,  1.10it/s]Best trial: 73. Best value: 0.538195:  96%|█████████▌| 96/100 [01:29<00:03,  1.16it/s]/Library/Frameworks/Python.framework/Versions/3.12/lib/python3.12/site-packages/sklearn/utils/validation.py:2749: UserWarning: X does not have valid feature names, but LGBMClassifier was fitted with feature names
  warnings.warn(
                                                                                      Best trial: 73. Best value: 0.538195:  96%|█████████▌| 96/100 [01:29<00:03,  1.16it/s]Best trial: 73. Best value: 0.538195:  96%|█████████▌| 96/100 [01:29<00:03,  1.16it/s]Best trial: 73. Best value: 0.538195:  97%|█████████▋| 97/100 [01:29<00:02,  1.35it/s]/Library/Frameworks/Python.framework/Versions/3.12/lib/python3.12/site-packages/sklearn/utils/validation.py:2749: UserWarning: X does not have valid feature names, but LGBMClassifier was fitted with feature names
  warnings.warn(
                                                                                      Best trial: 73. Best value: 0.538195:  97%|█████████▋| 97/100 [01:30<00:02,  1.35it/s]Best trial: 73. Best value: 0.538195:  97%|█████████▋| 97/100 [01:30<00:02,  1.35it/s]Best trial: 73. Best value: 0.538195:  98%|█████████▊| 98/100 [01:30<00:01,  1.45it/s]/Library/Frameworks/Python.framework/Versions/3.12/lib/python3.12/site-packages/sklearn/utils/validation.py:2749: UserWarning: X does not have valid feature names, but LGBMClassifier was fitted with feature names
  warnings.warn(
                                                                                      Best trial: 73. Best value: 0.538195:  98%|█████████▊| 98/100 [01:31<00:01,  1.45it/s]Best trial: 73. Best value: 0.538195:  98%|█████████▊| 98/100 [01:31<00:01,  1.45it/s]Best trial: 73. Best value: 0.538195:  99%|█████████▉| 99/100 [01:31<00:00,  1.36it/s]/Library/Frameworks/Python.framework/Versions/3.12/lib/python3.12/site-packages/sklearn/utils/validation.py:2749: UserWarning: X does not have valid feature names, but LGBMClassifier was fitted with feature names
  warnings.warn(
                                                                                      Best trial: 73. Best value: 0.538195:  99%|█████████▉| 99/100 [01:31<00:00,  1.36it/s]Best trial: 73. Best value: 0.538195:  99%|█████████▉| 99/100 [01:31<00:00,  1.36it/s]Best trial: 73. Best value: 0.538195: 100%|██████████| 100/100 [01:31<00:00,  1.31it/s]Best trial: 73. Best value: 0.538195: 100%|██████████| 100/100 [01:31<00:00,  1.09it/s]
/Library/Frameworks/Python.framework/Versions/3.12/lib/python3.12/site-packages/sklearn/utils/validation.py:2749: UserWarning: X does not have valid feature names, but LGBMClassifier was fitted with feature names
  warnings.warn(
/Library/Frameworks/Python.framework/Versions/3.12/lib/python3.12/site-packages/sklearn/utils/validation.py:2749: UserWarning: X does not have valid feature names, but LGBMClassifier was fitted with feature names
  warnings.warn(
2026/01/10 17:25:50 WARNING mlflow.models.model: `artifact_path` is deprecated. Please use `name` instead.
INFO:src.models.trainer:LightGBM - Accuracy: 0.5282, Log Loss: 0.9934
INFO:src.models.trainer:Skipping CatBoost (not installed)
INFO:src.models.trainer:Training ensemble model...
/Library/Frameworks/Python.framework/Versions/3.12/lib/python3.12/site-packages/sklearn/utils/validation.py:2749: UserWarning: X does not have valid feature names, but LGBMClassifier was fitted with feature names
  warnings.warn(
/Library/Frameworks/Python.framework/Versions/3.12/lib/python3.12/site-packages/sklearn/utils/validation.py:2749: UserWarning: X does not have valid feature names, but LGBMClassifier was fitted with feature names
  warnings.warn(
/Library/Frameworks/Python.framework/Versions/3.12/lib/python3.12/site-packages/sklearn/metrics/_classification.py:259: UserWarning: The y_prob values do not sum to one. Make sure to pass probabilities.
  warnings.warn(
2026/01/10 17:26:04 WARNING mlflow.models.model: `artifact_path` is deprecated. Please use `name` instead.
INFO:src.models.trainer:Ensemble - Accuracy: 0.5282, Log Loss: 0.9877
INFO:src.models.trainer:Best model: xgboost with accuracy: 0.5301
INFO:src.models.trainer:Model saved to models/best_model.pkl
INFO:__main__:
==================================================
INFO:__main__:MODEL TRAINING RESULTS
INFO:__main__:==================================================
INFO:__main__:XGBOOST:
INFO:__main__:  Accuracy: 0.5301
INFO:__main__:  Log Loss: 1.0057
INFO:__main__:LIGHTGBM:
INFO:__main__:  Accuracy: 0.5282
INFO:__main__:  Log Loss: 0.9934
INFO:__main__:ENSEMBLE:
INFO:__main__:  Accuracy: 0.5282
INFO:__main__:  Log Loss: 0.9877
INFO:__main__:==================================================
INFO:__main__:Pipeline completed successfully!
Training until validation scores don't improve for 50 rounds
Early stopping, best iteration is:
[158]	valid_0's multi_logloss: 0.997627
[I 2026-01-10 17:25:15,681] Trial 62 finished with value: 0.5156390977443609 and parameters: {'max_depth': 3, 'learning_rate': 0.03464625404019374, 'n_estimators': 958, 'min_child_samples': 17, 'subsample': 0.6237040493231495, 'colsample_bytree': 0.9478208886879734, 'reg_alpha': 3.5728002253256603, 'reg_lambda': 0.4523432085753947}. Best is trial 57 with value: 0.5363157894736842.
Training until validation scores don't improve for 50 rounds
Early stopping, best iteration is:
[81]	valid_0's multi_logloss: 0.99657
[I 2026-01-10 17:25:16,434] Trial 63 finished with value: 0.5137593984962406 and parameters: {'max_depth': 3, 'learning_rate': 0.0613602142231893, 'n_estimators': 991, 'min_child_samples': 57, 'subsample': 0.6708409192166505, 'colsample_bytree': 0.9325639485738617, 'reg_alpha': 1.7232143850497392, 'reg_lambda': 1.2980173540083646}. Best is trial 57 with value: 0.5363157894736842.
Training until validation scores don't improve for 50 rounds
Early stopping, best iteration is:
[94]	valid_0's multi_logloss: 1.00465
[I 2026-01-10 17:25:20,854] Trial 64 finished with value: 0.5156390977443609 and parameters: {'max_depth': 8, 'learning_rate': 0.022163359161975968, 'n_estimators': 814, 'min_child_samples': 39, 'subsample': 0.6083773071623825, 'colsample_bytree': 0.9154172295967474, 'reg_alpha': 1.9714528396249862, 'reg_lambda': 1.8001655663677212}. Best is trial 57 with value: 0.5363157894736842.
Training until validation scores don't improve for 50 rounds
Early stopping, best iteration is:
[72]	valid_0's multi_logloss: 0.995295
[I 2026-01-10 17:25:21,923] Trial 65 finished with value: 0.5137593984962406 and parameters: {'max_depth': 4, 'learning_rate': 0.055595197930036, 'n_estimators': 938, 'min_child_samples': 52, 'subsample': 0.7028342611744742, 'colsample_bytree': 0.8653168859004179, 'reg_alpha': 3.239173208789274, 'reg_lambda': 0.7621418849382559}. Best is trial 57 with value: 0.5363157894736842.
Training until validation scores don't improve for 50 rounds
Early stopping, best iteration is:
[80]	valid_0's multi_logloss: 0.993074
[I 2026-01-10 17:25:22,477] Trial 66 finished with value: 0.528796992481203 and parameters: {'max_depth': 3, 'learning_rate': 0.04106387349960115, 'n_estimators': 901, 'min_child_samples': 91, 'subsample': 0.6824150387098812, 'colsample_bytree': 0.980364771530432, 'reg_alpha': 1.2085959531243686, 'reg_lambda': 0.017809596991544642}. Best is trial 57 with value: 0.5363157894736842.
Training until validation scores don't improve for 50 rounds
Early stopping, best iteration is:
[50]	valid_0's multi_logloss: 0.995838
[I 2026-01-10 17:25:23,202] Trial 67 finished with value: 0.5156390977443609 and parameters: {'max_depth': 4, 'learning_rate': 0.07468918850432882, 'n_estimators': 855, 'min_child_samples': 33, 'subsample': 0.6335789900190015, 'colsample_bytree': 0.9546075393910518, 'reg_alpha': 2.6360233177757797, 'reg_lambda': 0.4941446535280716}. Best is trial 57 with value: 0.5363157894736842.
Training until validation scores don't improve for 50 rounds
Early stopping, best iteration is:
[132]	valid_0's multi_logloss: 1.00688
[I 2026-01-10 17:25:26,865] Trial 68 finished with value: 0.5043609022556391 and parameters: {'max_depth': 9, 'learning_rate': 0.022456031588418267, 'n_estimators': 819, 'min_child_samples': 28, 'subsample': 0.6594194284548114, 'colsample_bytree': 0.7633634329481898, 'reg_alpha': 3.910840888128973, 'reg_lambda': 1.2913571522450877}. Best is trial 57 with value: 0.5363157894736842.
Training until validation scores don't improve for 50 rounds
Early stopping, best iteration is:
[27]	valid_0's multi_logloss: 0.998476
[I 2026-01-10 17:25:27,306] Trial 69 finished with value: 0.5156390977443609 and parameters: {'max_depth': 3, 'learning_rate': 0.09359325679880297, 'n_estimators': 958, 'min_child_samples': 44, 'subsample': 0.647429489457357, 'colsample_bytree': 0.880137993097873, 'reg_alpha': 3.2815186744933613, 'reg_lambda': 1.735104424457384}. Best is trial 57 with value: 0.5363157894736842.
Training until validation scores don't improve for 50 rounds
Early stopping, best iteration is:
[112]	valid_0's multi_logloss: 0.994594
[I 2026-01-10 17:25:28,445] Trial 70 finished with value: 0.5250375939849624 and parameters: {'max_depth': 4, 'learning_rate': 0.0413507239562157, 'n_estimators': 876, 'min_child_samples': 80, 'subsample': 0.7099629650214516, 'colsample_bytree': 0.8946119535493429, 'reg_alpha': 3.948344604295812, 'reg_lambda': 9.27823273424509}. Best is trial 57 with value: 0.5363157894736842.
Training until validation scores don't improve for 50 rounds
Early stopping, best iteration is:
[42]	valid_0's multi_logloss: 0.993617
[I 2026-01-10 17:25:29,086] Trial 71 finished with value: 0.5325563909774437 and parameters: {'max_depth': 4, 'learning_rate': 0.0830857347358103, 'n_estimators': 834, 'min_child_samples': 84, 'subsample': 0.6394411098980685, 'colsample_bytree': 0.9105951322323422, 'reg_alpha': 4.711148272339393, 'reg_lambda': 2.184401132840687}. Best is trial 57 with value: 0.5363157894736842.
Training until validation scores don't improve for 50 rounds
Early stopping, best iteration is:
[47]	valid_0's multi_logloss: 0.997918
[I 2026-01-10 17:25:29,732] Trial 72 finished with value: 0.5156390977443609 and parameters: {'max_depth': 4, 'learning_rate': 0.07339097520353043, 'n_estimators': 917, 'min_child_samples': 74, 'subsample': 0.6236547968986119, 'colsample_bytree': 0.9096985761223243, 'reg_alpha': 4.643103759446404, 'reg_lambda': 7.194467388456427}. Best is trial 57 with value: 0.5363157894736842.
Training until validation scores don't improve for 50 rounds
Early stopping, best iteration is:
[62]	valid_0's multi_logloss: 0.993365
