[I 2026-01-10 17:20:23,362] Trial 2 finished with value: 0.5118796992481203 and parameters: {'max_depth': 4, 'learning_rate': 0.14185958521210004, 'n_estimators': 456, 'min_child_weight': 2, 'subsample': 0.8316720835651127, 'colsample_bytree': 0.6093108773146302, 'gamma': 1.0637291070462063, 'reg_alpha': 7.877377934134309, 'reg_lambda': 7.408252102021192}. Best is trial 1 with value: 0.5269172932330827.
[I 2026-01-10 17:20:25,646] Trial 3 finished with value: 0.5231578947368422 and parameters: {'max_depth': 10, 'learning_rate': 0.2814065339338871, 'n_estimators': 333, 'min_child_weight': 7, 'subsample': 0.7123319240886706, 'colsample_bytree': 0.7353199057356585, 'gamma': 1.1921662990210946, 'reg_alpha': 9.21286123440494, 'reg_lambda': 1.2944332089360067}. Best is trial 1 with value: 0.5269172932330827.
[I 2026-01-10 17:20:29,711] Trial 4 finished with value: 0.5137593984962406 and parameters: {'max_depth': 3, 'learning_rate': 0.1068842747333398, 'n_estimators': 315, 'min_child_weight': 5, 'subsample': 0.615412549953859, 'colsample_bytree': 0.9704191032436761, 'gamma': 0.5768789830792886, 'reg_alpha': 4.602745665900793, 'reg_lambda': 2.5975945955977187}. Best is trial 1 with value: 0.5269172932330827.
[I 2026-01-10 17:20:30,226] Trial 5 finished with value: 0.5250375939849624 and parameters: {'max_depth': 9, 'learning_rate': 0.0775405860451754, 'n_estimators': 112, 'min_child_weight': 10, 'subsample': 0.9555124321290136, 'colsample_bytree': 0.9386628986314044, 'gamma': 4.582621001679923, 'reg_alpha': 4.325746287675283, 'reg_lambda': 5.4659762831116465}. Best is trial 1 with value: 0.5269172932330827.
[I 2026-01-10 17:20:31,707] Trial 6 finished with value: 0.5081203007518796 and parameters: {'max_depth': 3, 'learning_rate': 0.16648421094720847, 'n_estimators': 239, 'min_child_weight': 10, 'subsample': 0.6008887370144536, 'colsample_bytree': 0.7167985582850109, 'gamma': 2.3017200048601545, 'reg_alpha': 6.024930353713525, 'reg_lambda': 9.656798738486994}. Best is trial 1 with value: 0.5269172932330827.
[I 2026-01-10 17:20:34,286] Trial 7 finished with value: 0.5269172932330827 and parameters: {'max_depth': 3, 'learning_rate': 0.1685661578964315, 'n_estimators': 773, 'min_child_weight': 5, 'subsample': 0.7834457279660958, 'colsample_bytree': 0.6184899094376147, 'gamma': 4.170687154745058, 'reg_alpha': 6.0971344645610905, 'reg_lambda': 8.504800251236691}. Best is trial 1 with value: 0.5269172932330827.
[I 2026-01-10 17:20:37,062] Trial 8 finished with value: 0.5193984962406015 and parameters: {'max_depth': 6, 'learning_rate': 0.10861418884147327, 'n_estimators': 831, 'min_child_weight': 5, 'subsample': 0.8670367491426865, 'colsample_bytree': 0.6228624078075858, 'gamma': 1.8644481829400266, 'reg_alpha': 5.459001993592205, 'reg_lambda': 9.514812036200615}. Best is trial 1 with value: 0.5269172932330827.
[I 2026-01-10 17:20:39,055] Trial 9 finished with value: 0.5193984962406015 and parameters: {'max_depth': 6, 'learning_rate': 0.19989254220731498, 'n_estimators': 616, 'min_child_weight': 9, 'subsample': 0.7893842043478924, 'colsample_bytree': 0.8560678237535186, 'gamma': 3.116519963264782, 'reg_alpha': 5.8599627477432135, 'reg_lambda': 7.760752367264513}. Best is trial 1 with value: 0.5269172932330827.
[I 2026-01-10 17:20:42,952] Trial 10 finished with value: 0.5118796992481203 and parameters: {'max_depth': 8, 'learning_rate': 0.026283479282686192, 'n_estimators': 988, 'min_child_weight': 1, 'subsample': 0.9750869609374795, 'colsample_bytree': 0.8240026276734307, 'gamma': 3.1771338621153578, 'reg_alpha': 0.8117916999401773, 'reg_lambda': 4.953637447886566}. Best is trial 1 with value: 0.5269172932330827.
[I 2026-01-10 17:20:46,299] Trial 11 finished with value: 0.5193984962406015 and parameters: {'max_depth': 5, 'learning_rate': 0.22671199717234486, 'n_estimators': 819, 'min_child_weight': 3, 'subsample': 0.8998625110880728, 'colsample_bytree': 0.7628389445697175, 'gamma': 4.802629198414525, 'reg_alpha': 9.991707056771478, 'reg_lambda': 7.369841003824929}. Best is trial 1 with value: 0.5269172932330827.
[I 2026-01-10 17:20:49,928] Trial 12 finished with value: 0.5269172932330827 and parameters: {'max_depth': 5, 'learning_rate': 0.04525532225942018, 'n_estimators': 984, 'min_child_weight': 3, 'subsample': 0.7579517991323129, 'colsample_bytree': 0.6751322700052329, 'gamma': 3.4648870222720185, 'reg_alpha': 7.840162101031677, 'reg_lambda': 5.185302707503804}. Best is trial 1 with value: 0.5269172932330827.
[I 2026-01-10 17:20:57,438] Trial 13 finished with value: 0.48368421052631577 and parameters: {'max_depth': 5, 'learning_rate': 0.1961073503103731, 'n_estimators': 769, 'min_child_weight': 7, 'subsample': 0.7131023540087968, 'colsample_bytree': 0.8926927260054373, 'gamma': 0.10824461983657518, 'reg_alpha': 2.9790207537106195, 'reg_lambda': 8.473899397727449}. Best is trial 1 with value: 0.5269172932330827.
[I 2026-01-10 17:20:59,301] Trial 14 finished with value: 0.5231578947368422 and parameters: {'max_depth': 4, 'learning_rate': 0.06727443432898375, 'n_estimators': 530, 'min_child_weight': 4, 'subsample': 0.8993115948916167, 'colsample_bytree': 0.7795392038156779, 'gamma': 4.0600516466408445, 'reg_alpha': 7.853433246034586, 'reg_lambda': 6.252152810644217}. Best is trial 1 with value: 0.5269172932330827.
[I 2026-01-10 17:21:02,344] Trial 15 finished with value: 0.5175187969924813 and parameters: {'max_depth': 7, 'learning_rate': 0.2636559047620834, 'n_estimators': 898, 'min_child_weight': 1, 'subsample': 0.8333564439652148, 'colsample_bytree': 0.6609702466069671, 'gamma': 2.5896004897543414, 'reg_alpha': 6.809861583745607, 'reg_lambda': 3.8699204652002788}. Best is trial 1 with value: 0.5269172932330827.
[I 2026-01-10 17:21:04,789] Trial 16 finished with value: 0.5306766917293233 and parameters: {'max_depth': 4, 'learning_rate': 0.10656375515224949, 'n_estimators': 701, 'min_child_weight': 7, 'subsample': 0.9327352125749124, 'colsample_bytree': 0.8140363094507554, 'gamma': 3.852799788061061, 'reg_alpha': 2.9370126898095945, 'reg_lambda': 8.662201340913064}. Best is trial 16 with value: 0.5306766917293233.
[I 2026-01-10 17:21:07,152] Trial 17 finished with value: 0.5081203007518796 and parameters: {'max_depth': 7, 'learning_rate': 0.09955160136732952, 'n_estimators': 659, 'min_child_weight': 8, 'subsample': 0.99275170527337, 'colsample_bytree': 0.8232860058412811, 'gamma': 2.302680989351463, 'reg_alpha': 2.4527407646503354, 'reg_lambda': 6.7967443254419955}. Best is trial 16 with value: 0.5306766917293233.
[I 2026-01-10 17:21:08,980] Trial 18 finished with value: 0.5231578947368422 and parameters: {'max_depth': 4, 'learning_rate': 0.06610742446790423, 'n_estimators': 503, 'min_child_weight': 7, 'subsample': 0.941395845448309, 'colsample_bytree': 0.8840328308776944, 'gamma': 3.698398167592078, 'reg_alpha': 0.12372509876739946, 'reg_lambda': 9.981882660911067}. Best is trial 16 with value: 0.5306766917293233.
[I 2026-01-10 17:21:12,239] Trial 19 finished with value: 0.5137593984962406 and parameters: {'max_depth': 5, 'learning_rate': 0.011884113469631752, 'n_estimators': 614, 'min_child_weight': 6, 'subsample': 0.9113299884077116, 'colsample_bytree': 0.7984951136596773, 'gamma': 2.7243389403211435, 'reg_alpha': 3.1522752503040374, 'reg_lambda': 8.597324179446423}. Best is trial 16 with value: 0.5306766917293233.
[I 2026-01-10 17:21:15,473] Trial 20 finished with value: 0.51 and parameters: {'max_depth': 6, 'learning_rate': 0.12749090484988265, 'n_estimators': 892, 'min_child_weight': 8, 'subsample': 0.8571237322783022, 'colsample_bytree': 0.748554392102418, 'gamma': 1.7506322203669593, 'reg_alpha': 1.5293164242464201, 'reg_lambda': 6.364307514214131}. Best is trial 16 with value: 0.5306766917293233.
[I 2026-01-10 17:21:17,973] Trial 21 finished with value: 0.5306766917293233 and parameters: {'max_depth': 4, 'learning_rate': 0.17076523135518715, 'n_estimators': 724, 'min_child_weight': 6, 'subsample': 0.7816301174800061, 'colsample_bytree': 0.7062095679634518, 'gamma': 4.2913579376287725, 'reg_alpha': 3.7624210935769096, 'reg_lambda': 8.893715749671168}. Best is trial 16 with value: 0.5306766917293233.
[I 2026-01-10 17:21:21,342] Trial 22 finished with value: 0.5231578947368422 and parameters: {'max_depth': 4, 'learning_rate': 0.1813632890747968, 'n_estimators': 710, 'min_child_weight': 6, 'subsample': 0.7349423462141212, 'colsample_bytree': 0.7022812387121045, 'gamma': 4.3513585649484305, 'reg_alpha': 4.072695441230343, 'reg_lambda': 8.883044713646308}. Best is trial 16 with value: 0.5306766917293233.
[I 2026-01-10 17:21:24,314] Trial 23 finished with value: 0.5212781954887218 and parameters: {'max_depth': 4, 'learning_rate': 0.2165424905798551, 'n_estimators': 894, 'min_child_weight': 4, 'subsample': 0.6812874824528088, 'colsample_bytree': 0.8313176166631607, 'gamma': 4.871052200995273, 'reg_alpha': 3.6038900823006, 'reg_lambda': 8.140262655445868}. Best is trial 16 with value: 0.5306766917293233.
[I 2026-01-10 17:21:26,949] Trial 24 finished with value: 0.5212781954887218 and parameters: {'max_depth': 5, 'learning_rate': 0.09580042232432462, 'n_estimators': 737, 'min_child_weight': 8, 'subsample': 0.9309272926453016, 'colsample_bytree': 0.7769504845305096, 'gamma': 3.4876109684345877, 'reg_alpha': 1.9225582284923917, 'reg_lambda': 9.349578350666361}. Best is trial 16 with value: 0.5306766917293233.
[I 2026-01-10 17:21:29,085] Trial 25 finished with value: 0.5212781954887218 and parameters: {'max_depth': 4, 'learning_rate': 0.12609485092815817, 'n_estimators': 600, 'min_child_weight': 6, 'subsample': 0.8256536369654085, 'colsample_bytree': 0.6561690290145382, 'gamma': 3.966477320696816, 'reg_alpha': 2.22598302768597, 'reg_lambda': 6.8621028818934935}. Best is trial 16 with value: 0.5306766917293233.
[I 2026-01-10 17:21:32,032] Trial 26 finished with value: 0.5212781954887218 and parameters: {'max_depth': 6, 'learning_rate': 0.1496212299869384, 'n_estimators': 841, 'min_child_weight': 4, 'subsample': 0.8704269479567848, 'colsample_bytree': 0.7310282157910715, 'gamma': 3.0865826102023366, 'reg_alpha': 3.542833376288109, 'reg_lambda': 7.803033479271705}. Best is trial 16 with value: 0.5306766917293233.
[I 2026-01-10 17:21:33,740] Trial 27 finished with value: 0.5193984962406015 and parameters: {'max_depth': 5, 'learning_rate': 0.24851079909013463, 'n_estimators': 441, 'min_child_weight': 7, 'subsample': 0.8063951212094774, 'colsample_bytree': 0.8026356439841507, 'gamma': 1.1848735438042315, 'reg_alpha': 6.821051058003702, 'reg_lambda': 9.118302806474492}. Best is trial 16 with value: 0.5306766917293233.
[I 2026-01-10 17:21:36,191] Trial 28 finished with value: 0.5118796992481203 and parameters: {'max_depth': 7, 'learning_rate': 0.0825604670387386, 'n_estimators': 651, 'min_child_weight': 3, 'subsample': 0.6602322269687696, 'colsample_bytree': 0.8602205420433751, 'gamma': 4.471131245846946, 'reg_alpha': 1.376666585401964, 'reg_lambda': 3.4383293822955867}. Best is trial 16 with value: 0.5306766917293233.
[I 2026-01-10 17:21:38,666] Trial 29 finished with value: 0.528796992481203 and parameters: {'max_depth': 3, 'learning_rate': 0.12464461871667062, 'n_estimators': 726, 'min_child_weight': 9, 'subsample': 0.9999015681799898, 'colsample_bytree': 0.6907056396991677, 'gamma': 3.777771326479872, 'reg_alpha': 5.156809654255899, 'reg_lambda': 5.972450364220513}. Best is trial 16 with value: 0.5306766917293233.
[I 2026-01-10 17:21:41,120] Trial 30 finished with value: 0.5325563909774437 and parameters: {'max_depth': 3, 'learning_rate': 0.12537358061703235, 'n_estimators': 717, 'min_child_weight': 9, 'subsample': 0.9975424336056181, 'colsample_bytree': 0.6968321780759302, 'gamma': 3.7724683445722405, 'reg_alpha': 4.994504423516536, 'reg_lambda': 5.8841794334046655}. Best is trial 30 with value: 0.5325563909774437.
[I 2026-01-10 17:21:43,563] Trial 31 finished with value: 0.5269172932330827 and parameters: {'max_depth': 3, 'learning_rate': 0.13360352761389224, 'n_estimators': 698, 'min_child_weight': 9, 'subsample': 0.9984503936291879, 'colsample_bytree': 0.7047354139998759, 'gamma': 3.9010105100906367, 'reg_alpha': 5.025639439375503, 'reg_lambda': 5.927314007578932}. Best is trial 30 with value: 0.5325563909774437.
[I 2026-01-10 17:21:45,588] Trial 32 finished with value: 0.528796992481203 and parameters: {'max_depth': 3, 'learning_rate': 0.15820014553108452, 'n_estimators': 577, 'min_child_weight': 9, 'subsample': 0.9680232581106807, 'colsample_bytree': 0.6475560695502894, 'gamma': 3.7083922968460925, 'reg_alpha': 4.948418485438596, 'reg_lambda': 4.9139380646814175}. Best is trial 30 with value: 0.5325563909774437.
[I 2026-01-10 17:21:50,074] Trial 33 finished with value: 0.5269172932330827 and parameters: {'max_depth': 3, 'learning_rate': 0.11413173688231301, 'n_estimators': 747, 'min_child_weight': 9, 'subsample': 0.9825612408116854, 'colsample_bytree': 0.6882433235346016, 'gamma': 3.404447975875106, 'reg_alpha': 3.9449808894206617, 'reg_lambda': 3.536538660756266}. Best is trial 30 with value: 0.5325563909774437.
[I 2026-01-10 17:21:52,592] Trial 34 finished with value: 0.5325563909774437 and parameters: {'max_depth': 4, 'learning_rate': 0.14595558311997375, 'n_estimators': 680, 'min_child_weight': 8, 'subsample': 0.9972117006979805, 'colsample_bytree': 0.6821539423577855, 'gamma': 4.274990841313681, 'reg_alpha': 2.841189650953421, 'reg_lambda': 6.888994447829182}. Best is trial 30 with value: 0.5325563909774437.
[I 2026-01-10 17:21:54,672] Trial 35 finished with value: 0.5231578947368422 and parameters: {'max_depth': 4, 'learning_rate': 0.1523566300601405, 'n_estimators': 654, 'min_child_weight': 8, 'subsample': 0.9507899956920209, 'colsample_bytree': 0.7275010926726082, 'gamma': 4.6956143575045335, 'reg_alpha': 2.9138138074021724, 'reg_lambda': 7.046575827264738}. Best is trial 30 with value: 0.5325563909774437.
[I 2026-01-10 17:21:56,194] Trial 36 finished with value: 0.5212781954887218 and parameters: {'max_depth': 4, 'learning_rate': 0.1842307809819113, 'n_estimators': 442, 'min_child_weight': 7, 'subsample': 0.9658974455477488, 'colsample_bytree': 0.6407074484023783, 'gamma': 4.993890770904354, 'reg_alpha': 2.6025164821337934, 'reg_lambda': 0.7945234873324001}. Best is trial 30 with value: 0.5325563909774437.
[I 2026-01-10 17:21:58,689] Trial 37 finished with value: 0.5269172932330827 and parameters: {'max_depth': 10, 'learning_rate': 0.1468971712404184, 'n_estimators': 794, 'min_child_weight': 10, 'subsample': 0.9296689937945376, 'colsample_bytree': 0.7452715472370667, 'gamma': 4.408412356143917, 'reg_alpha': 3.510454362413534, 'reg_lambda': 8.075740083060147}. Best is trial 30 with value: 0.5325563909774437.
[I 2026-01-10 17:22:00,602] Trial 38 finished with value: 0.5231578947368422 and parameters: {'max_depth': 3, 'learning_rate': 0.17485749040034268, 'n_estimators': 538, 'min_child_weight': 6, 'subsample': 0.8885772240584267, 'colsample_bytree': 0.6011669482450636, 'gamma': 4.181963785118142, 'reg_alpha': 4.659927227557741, 'reg_lambda': 4.318481102664611}. Best is trial 30 with value: 0.5325563909774437.
