[I 2026-01-10 17:24:54,190] Trial 37 finished with value: 0.4893233082706767 and parameters: {'max_depth': 6, 'learning_rate': 0.25167860384468393, 'n_estimators': 843, 'min_child_samples': 13, 'subsample': 0.6185259833396898, 'colsample_bytree': 0.9197658721980926, 'reg_alpha': 6.66420127307712, 'reg_lambda': 1.6873882649973}. Best is trial 35 with value: 0.5306766917293233.
Training until validation scores don't improve for 50 rounds
Early stopping, best iteration is:
[12]	valid_0's multi_logloss: 1.00313
[I 2026-01-10 17:24:54,931] Trial 38 finished with value: 0.4987218045112782 and parameters: {'max_depth': 7, 'learning_rate': 0.21728632313347185, 'n_estimators': 663, 'min_child_samples': 64, 'subsample': 0.8345537922653423, 'colsample_bytree': 0.9717812582040903, 'reg_alpha': 6.900202146284853, 'reg_lambda': 1.1380456203315097}. Best is trial 35 with value: 0.5306766917293233.
Training until validation scores don't improve for 50 rounds
Early stopping, best iteration is:
[30]	valid_0's multi_logloss: 0.99778
[I 2026-01-10 17:24:55,332] Trial 39 finished with value: 0.5062406015037594 and parameters: {'max_depth': 5, 'learning_rate': 0.27844328003801494, 'n_estimators': 736, 'min_child_samples': 95, 'subsample': 0.6567156242429439, 'colsample_bytree': 0.6868702321637846, 'reg_alpha': 9.020105242986306, 'reg_lambda': 0.45748047916113244}. Best is trial 35 with value: 0.5306766917293233.
Training until validation scores don't improve for 50 rounds
Early stopping, best iteration is:
[33]	valid_0's multi_logloss: 0.99928
[I 2026-01-10 17:24:55,877] Trial 40 finished with value: 0.5118796992481203 and parameters: {'max_depth': 5, 'learning_rate': 0.2327930773911666, 'n_estimators': 910, 'min_child_samples': 82, 'subsample': 0.7389227438366403, 'colsample_bytree': 0.8732544575918928, 'reg_alpha': 8.428110073519937, 'reg_lambda': 2.4499751718040157}. Best is trial 35 with value: 0.5306766917293233.
Training until validation scores don't improve for 50 rounds
Early stopping, best iteration is:
[35]	valid_0's multi_logloss: 0.995933
[I 2026-01-10 17:24:56,508] Trial 41 finished with value: 0.5212781954887218 and parameters: {'max_depth': 4, 'learning_rate': 0.17772687334215673, 'n_estimators': 516, 'min_child_samples': 100, 'subsample': 0.685394533734979, 'colsample_bytree': 0.9011411976071979, 'reg_alpha': 5.565145324234406, 'reg_lambda': 2.6690519450528853}. Best is trial 35 with value: 0.5306766917293233.
Training until validation scores don't improve for 50 rounds
Early stopping, best iteration is:
[27]	valid_0's multi_logloss: 0.996698
[I 2026-01-10 17:24:57,752] Trial 42 finished with value: 0.5118796992481203 and parameters: {'max_depth': 5, 'learning_rate': 0.11341161418260565, 'n_estimators': 582, 'min_child_samples': 94, 'subsample': 0.6632753482850781, 'colsample_bytree': 0.9334083297740533, 'reg_alpha': 6.527855543194327, 'reg_lambda': 1.5740918538014113}. Best is trial 35 with value: 0.5306766917293233.
Training until validation scores don't improve for 50 rounds
Early stopping, best iteration is:
[49]	valid_0's multi_logloss: 0.992643
[I 2026-01-10 17:24:58,382] Trial 43 finished with value: 0.5231578947368422 and parameters: {'max_depth': 3, 'learning_rate': 0.16329709469307518, 'n_estimators': 649, 'min_child_samples': 88, 'subsample': 0.7222245475921024, 'colsample_bytree': 0.903847082276781, 'reg_alpha': 4.891207953365261, 'reg_lambda': 4.456220840642384}. Best is trial 35 with value: 0.5306766917293233.
Training until validation scores don't improve for 50 rounds
Early stopping, best iteration is:
[20]	valid_0's multi_logloss: 0.993132
[I 2026-01-10 17:24:58,919] Trial 44 finished with value: 0.5137593984962406 and parameters: {'max_depth': 4, 'learning_rate': 0.19064686609841375, 'n_estimators': 499, 'min_child_samples': 96, 'subsample': 0.6160228931712484, 'colsample_bytree': 0.8526727699361674, 'reg_alpha': 6.1084753032372285, 'reg_lambda': 3.2553359516846645}. Best is trial 35 with value: 0.5306766917293233.
Training until validation scores don't improve for 50 rounds
Early stopping, best iteration is:
[13]	valid_0's multi_logloss: 0.991387
[I 2026-01-10 17:24:59,490] Trial 45 finished with value: 0.5156390977443609 and parameters: {'max_depth': 5, 'learning_rate': 0.26297222957918265, 'n_estimators': 582, 'min_child_samples': 91, 'subsample': 0.6502607586133528, 'colsample_bytree': 0.902921429972983, 'reg_alpha': 5.276185209499063, 'reg_lambda': 1.9840814458467244}. Best is trial 35 with value: 0.5306766917293233.
Training until validation scores don't improve for 50 rounds
Early stopping, best iteration is:
[12]	valid_0's multi_logloss: 0.997546
[I 2026-01-10 17:25:00,099] Trial 46 finished with value: 0.5118796992481203 and parameters: {'max_depth': 7, 'learning_rate': 0.2133186385466331, 'n_estimators': 981, 'min_child_samples': 100, 'subsample': 0.7623522228840002, 'colsample_bytree': 0.8095641503096342, 'reg_alpha': 0.022617502733835337, 'reg_lambda': 2.8852303202466274}. Best is trial 35 with value: 0.5306766917293233.
Training until validation scores don't improve for 50 rounds
Early stopping, best iteration is:
[18]	valid_0's multi_logloss: 1.00528
[I 2026-01-10 17:25:01,085] Trial 47 finished with value: 0.5006015037593985 and parameters: {'max_depth': 6, 'learning_rate': 0.14431256784077054, 'n_estimators': 772, 'min_child_samples': 24, 'subsample': 0.6929911424231303, 'colsample_bytree': 0.9974811341196286, 'reg_alpha': 7.95321027444776, 'reg_lambda': 4.443676792871258}. Best is trial 35 with value: 0.5306766917293233.
Training until validation scores don't improve for 50 rounds
Early stopping, best iteration is:
[44]	valid_0's multi_logloss: 0.99367
[I 2026-01-10 17:25:01,588] Trial 48 finished with value: 0.5118796992481203 and parameters: {'max_depth': 3, 'learning_rate': 0.24021757028766938, 'n_estimators': 706, 'min_child_samples': 78, 'subsample': 0.8128090838837808, 'colsample_bytree': 0.9674088301423844, 'reg_alpha': 7.0003654353479075, 'reg_lambda': 3.6089113284189125}. Best is trial 35 with value: 0.5306766917293233.
Training until validation scores don't improve for 50 rounds
Early stopping, best iteration is:
[51]	valid_0's multi_logloss: 0.992992
[I 2026-01-10 17:25:02,403] Trial 49 finished with value: 0.528796992481203 and parameters: {'max_depth': 4, 'learning_rate': 0.0854546235251176, 'n_estimators': 844, 'min_child_samples': 84, 'subsample': 0.6401926032872528, 'colsample_bytree': 0.8851783344027467, 'reg_alpha': 5.865392883856305, 'reg_lambda': 2.254388998768106}. Best is trial 35 with value: 0.5306766917293233.
Training until validation scores don't improve for 50 rounds
Early stopping, best iteration is:
[99]	valid_0's multi_logloss: 0.998471
[I 2026-01-10 17:25:03,868] Trial 50 finished with value: 0.51 and parameters: {'max_depth': 5, 'learning_rate': 0.048197960393562556, 'n_estimators': 862, 'min_child_samples': 69, 'subsample': 0.6257709772722357, 'colsample_bytree': 0.8816533858441586, 'reg_alpha': 5.955567997252447, 'reg_lambda': 0.21505974518856186}. Best is trial 35 with value: 0.5306766917293233.
Training until validation scores don't improve for 50 rounds
Early stopping, best iteration is:
[37]	valid_0's multi_logloss: 0.993031
[I 2026-01-10 17:25:04,552] Trial 51 finished with value: 0.5344360902255639 and parameters: {'max_depth': 4, 'learning_rate': 0.08460888429455364, 'n_estimators': 937, 'min_child_samples': 84, 'subsample': 0.6789911326740304, 'colsample_bytree': 0.9123077045173651, 'reg_alpha': 4.17365770341466, 'reg_lambda': 2.397365405971838}. Best is trial 51 with value: 0.5344360902255639.
Training until validation scores don't improve for 50 rounds
Early stopping, best iteration is:
[37]	valid_0's multi_logloss: 0.993199
[I 2026-01-10 17:25:05,194] Trial 52 finished with value: 0.5306766917293233 and parameters: {'max_depth': 4, 'learning_rate': 0.07986336632119621, 'n_estimators': 960, 'min_child_samples': 83, 'subsample': 0.6455219789256392, 'colsample_bytree': 0.9149651692721672, 'reg_alpha': 3.5030657645594285, 'reg_lambda': 2.3354448064643014}. Best is trial 51 with value: 0.5344360902255639.
Training until validation scores don't improve for 50 rounds
Early stopping, best iteration is:
[33]	valid_0's multi_logloss: 0.993594
[I 2026-01-10 17:25:05,890] Trial 53 finished with value: 0.5231578947368422 and parameters: {'max_depth': 4, 'learning_rate': 0.08244552214955657, 'n_estimators': 967, 'min_child_samples': 73, 'subsample': 0.6449475075678275, 'colsample_bytree': 0.9148050077821698, 'reg_alpha': 3.1617673262208306, 'reg_lambda': 0.8264972339937762}. Best is trial 51 with value: 0.5344360902255639.
Training until validation scores don't improve for 50 rounds
Early stopping, best iteration is:
[46]	valid_0's multi_logloss: 0.994341
[I 2026-01-10 17:25:06,351] Trial 54 finished with value: 0.5231578947368422 and parameters: {'max_depth': 3, 'learning_rate': 0.08425192412451156, 'n_estimators': 926, 'min_child_samples': 82, 'subsample': 0.6787979335506665, 'colsample_bytree': 0.9396552081772246, 'reg_alpha': 2.2307433468951756, 'reg_lambda': 1.989866753162615}. Best is trial 51 with value: 0.5344360902255639.
Training until validation scores don't improve for 50 rounds
Early stopping, best iteration is:
[30]	valid_0's multi_logloss: 0.993094
[I 2026-01-10 17:25:06,881] Trial 55 finished with value: 0.5269172932330827 and parameters: {'max_depth': 4, 'learning_rate': 0.1094459511095927, 'n_estimators': 926, 'min_child_samples': 85, 'subsample': 0.611678514591571, 'colsample_bytree': 0.8616704998084207, 'reg_alpha': 4.445986313764586, 'reg_lambda': 1.453296846583866}. Best is trial 51 with value: 0.5344360902255639.
Training until validation scores don't improve for 50 rounds
Early stopping, best iteration is:
[113]	valid_0's multi_logloss: 0.994924
[I 2026-01-10 17:25:08,321] Trial 56 finished with value: 0.5193984962406015 and parameters: {'max_depth': 5, 'learning_rate': 0.03319720274034337, 'n_estimators': 893, 'min_child_samples': 77, 'subsample': 0.6368791659420525, 'colsample_bytree': 0.8395495318642295, 'reg_alpha': 4.103355328582163, 'reg_lambda': 2.4720066147762316}. Best is trial 51 with value: 0.5344360902255639.
Training until validation scores don't improve for 50 rounds
Early stopping, best iteration is:
[64]	valid_0's multi_logloss: 0.991693
[I 2026-01-10 17:25:09,060] Trial 57 finished with value: 0.5363157894736842 and parameters: {'max_depth': 4, 'learning_rate': 0.05439746894637057, 'n_estimators': 812, 'min_child_samples': 89, 'subsample': 0.653749609385687, 'colsample_bytree': 0.9137658751928919, 'reg_alpha': 3.6128814190420537, 'reg_lambda': 2.127479911032775}. Best is trial 57 with value: 0.5363157894736842.
Training until validation scores don't improve for 50 rounds
Early stopping, best iteration is:
[67]	valid_0's multi_logloss: 0.9936
[I 2026-01-10 17:25:09,717] Trial 58 finished with value: 0.5325563909774437 and parameters: {'max_depth': 3, 'learning_rate': 0.05504666673268806, 'n_estimators': 999, 'min_child_samples': 81, 'subsample': 0.656690071227009, 'colsample_bytree': 0.9158642383235039, 'reg_alpha': 3.1809875031350274, 'reg_lambda': 0.04268667689648309}. Best is trial 57 with value: 0.5363157894736842.
Training until validation scores don't improve for 50 rounds
Early stopping, best iteration is:
[130]	valid_0's multi_logloss: 0.9946
[I 2026-01-10 17:25:10,840] Trial 59 finished with value: 0.5344360902255639 and parameters: {'max_depth': 3, 'learning_rate': 0.03456786765477893, 'n_estimators': 950, 'min_child_samples': 29, 'subsample': 0.656294933984617, 'colsample_bytree': 0.9090257081592622, 'reg_alpha': 2.603947189819364, 'reg_lambda': 0.1339581927366948}. Best is trial 57 with value: 0.5363157894736842.
Training until validation scores don't improve for 50 rounds
Early stopping, best iteration is:
[97]	valid_0's multi_logloss: 0.993264
[I 2026-01-10 17:25:11,688] Trial 60 finished with value: 0.5193984962406015 and parameters: {'max_depth': 3, 'learning_rate': 0.05324088328670869, 'n_estimators': 991, 'min_child_samples': 31, 'subsample': 0.6592973274012407, 'colsample_bytree': 0.9122791616604088, 'reg_alpha': 2.8677925970902156, 'reg_lambda': 0.035290307575971146}. Best is trial 57 with value: 0.5363157894736842.
Training until validation scores don't improve for 50 rounds
Early stopping, best iteration is:
[357]	valid_0's multi_logloss: 0.99485
