[I 2026-01-10 17:22:36,337] Trial 57 finished with value: 0.4949624060150376 and parameters: {'max_depth': 6, 'learning_rate': 0.08305595674478544, 'n_estimators': 161, 'min_child_weight': 7, 'subsample': 0.934788577288142, 'colsample_bytree': 0.7854012547062407, 'gamma': 0.734278605381361, 'reg_alpha': 0.5479256368577052, 'reg_lambda': 8.468913311289208}. Best is trial 50 with value: 0.5363157894736842.
[I 2026-01-10 17:22:38,542] Trial 58 finished with value: 0.5250375939849624 and parameters: {'max_depth': 5, 'learning_rate': 0.24403025596969707, 'n_estimators': 863, 'min_child_weight': 9, 'subsample': 0.9122979379058422, 'colsample_bytree': 0.7181926261596306, 'gamma': 4.353366497217411, 'reg_alpha': 3.9084034874375266, 'reg_lambda': 5.283299888222279}. Best is trial 50 with value: 0.5363157894736842.
[I 2026-01-10 17:22:40,097] Trial 59 finished with value: 0.5325563909774437 and parameters: {'max_depth': 7, 'learning_rate': 0.19050189784920557, 'n_estimators': 626, 'min_child_weight': 6, 'subsample': 0.983130347382024, 'colsample_bytree': 0.8499747525096351, 'gamma': 4.0655093274782645, 'reg_alpha': 1.6280718973436534, 'reg_lambda': 8.8232343692518}. Best is trial 50 with value: 0.5363157894736842.
[I 2026-01-10 17:22:40,816] Trial 60 finished with value: 0.5231578947368422 and parameters: {'max_depth': 8, 'learning_rate': 0.19246515588279403, 'n_estimators': 251, 'min_child_weight': 8, 'subsample': 0.9805898885010991, 'colsample_bytree': 0.843407852306244, 'gamma': 3.2526262668710024, 'reg_alpha': 1.585116944464739, 'reg_lambda': 6.605022828089281}. Best is trial 50 with value: 0.5363157894736842.
[I 2026-01-10 17:22:42,474] Trial 61 finished with value: 0.5269172932330827 and parameters: {'max_depth': 7, 'learning_rate': 0.18840923227158823, 'n_estimators': 626, 'min_child_weight': 6, 'subsample': 0.9567247441541052, 'colsample_bytree': 0.867336119057052, 'gamma': 4.028811480692088, 'reg_alpha': 1.704806666617351, 'reg_lambda': 8.744085414537182}. Best is trial 50 with value: 0.5363157894736842.
[I 2026-01-10 17:22:44,142] Trial 62 finished with value: 0.5269172932330827 and parameters: {'max_depth': 8, 'learning_rate': 0.17131837667387792, 'n_estimators': 594, 'min_child_weight': 5, 'subsample': 0.9450369165703686, 'colsample_bytree': 0.8859834496465397, 'gamma': 4.077564039998881, 'reg_alpha': 2.1925251359168887, 'reg_lambda': 9.285821526673793}. Best is trial 50 with value: 0.5363157894736842.
[I 2026-01-10 17:22:45,478] Trial 63 finished with value: 0.528796992481203 and parameters: {'max_depth': 7, 'learning_rate': 0.15162658158621983, 'n_estimators': 487, 'min_child_weight': 7, 'subsample': 0.9776941238458782, 'colsample_bytree': 0.8171451050055517, 'gamma': 4.721417180874852, 'reg_alpha': 1.0166015019936845, 'reg_lambda': 9.719761374243582}. Best is trial 50 with value: 0.5363157894736842.
[I 2026-01-10 17:22:47,278] Trial 64 finished with value: 0.5381954887218046 and parameters: {'max_depth': 6, 'learning_rate': 0.15887439396185676, 'n_estimators': 625, 'min_child_weight': 6, 'subsample': 0.9596045959402106, 'colsample_bytree': 0.8413214384875358, 'gamma': 3.6026322615885786, 'reg_alpha': 3.092152846997453, 'reg_lambda': 2.204362439141718}. Best is trial 64 with value: 0.5381954887218046.
[I 2026-01-10 17:22:48,934] Trial 65 finished with value: 0.5081203007518796 and parameters: {'max_depth': 6, 'learning_rate': 0.229247757232628, 'n_estimators': 623, 'min_child_weight': 7, 'subsample': 0.9179333963235159, 'colsample_bytree': 0.9108100461389824, 'gamma': 3.0434520700333483, 'reg_alpha': 3.216665952813137, 'reg_lambda': 2.0861799895806303}. Best is trial 64 with value: 0.5381954887218046.
[I 2026-01-10 17:22:50,419] Trial 66 finished with value: 0.5175187969924813 and parameters: {'max_depth': 7, 'learning_rate': 0.20543320057668152, 'n_estimators': 518, 'min_child_weight': 6, 'subsample': 0.963629616192512, 'colsample_bytree': 0.8410450730223217, 'gamma': 3.5500404390975424, 'reg_alpha': 1.1551721553541605, 'reg_lambda': 4.819161000048562}. Best is trial 64 with value: 0.5381954887218046.
[I 2026-01-10 17:22:52,133] Trial 67 finished with value: 0.5325563909774437 and parameters: {'max_depth': 8, 'learning_rate': 0.14362609267165294, 'n_estimators': 567, 'min_child_weight': 8, 'subsample': 0.9876482398703935, 'colsample_bytree': 0.8675564522523816, 'gamma': 3.8847432161599316, 'reg_alpha': 2.3978077722288242, 'reg_lambda': 2.336596838594149}. Best is trial 64 with value: 0.5381954887218046.
[I 2026-01-10 17:22:53,652] Trial 68 finished with value: 0.5344360902255639 and parameters: {'max_depth': 8, 'learning_rate': 0.14383885103329722, 'n_estimators': 561, 'min_child_weight': 9, 'subsample': 0.9883373870697436, 'colsample_bytree': 0.870180087135016, 'gamma': 3.631840672597156, 'reg_alpha': 2.452023295969215, 'reg_lambda': 2.1577366475406636}. Best is trial 64 with value: 0.5381954887218046.
[I 2026-01-10 17:22:55,037] Trial 69 finished with value: 0.5212781954887218 and parameters: {'max_depth': 9, 'learning_rate': 0.15564533694361804, 'n_estimators': 461, 'min_child_weight': 9, 'subsample': 0.9996268101436993, 'colsample_bytree': 0.8417047937674884, 'gamma': 3.592423444411036, 'reg_alpha': 0.3355583104161044, 'reg_lambda': 1.6070998634439326}. Best is trial 64 with value: 0.5381954887218046.
[I 2026-01-10 17:22:56,165] Trial 70 finished with value: 0.5269172932330827 and parameters: {'max_depth': 8, 'learning_rate': 0.12348704648767352, 'n_estimators': 370, 'min_child_weight': 9, 'subsample': 0.9754899199400663, 'colsample_bytree': 0.9080468043851829, 'gamma': 3.69871412792078, 'reg_alpha': 0.794255796235265, 'reg_lambda': 3.1351534916845036}. Best is trial 64 with value: 0.5381954887218046.
[I 2026-01-10 17:22:58,453] Trial 71 finished with value: 0.5381954887218046 and parameters: {'max_depth': 8, 'learning_rate': 0.14325849116241213, 'n_estimators': 567, 'min_child_weight': 8, 'subsample': 0.9871584663900764, 'colsample_bytree': 0.8707131331367981, 'gamma': 3.898653472098398, 'reg_alpha': 2.2977468938496326, 'reg_lambda': 2.776740627689446}. Best is trial 64 with value: 0.5381954887218046.
[I 2026-01-10 17:23:00,293] Trial 72 finished with value: 0.5344360902255639 and parameters: {'max_depth': 8, 'learning_rate': 0.16247777286862838, 'n_estimators': 582, 'min_child_weight': 10, 'subsample': 0.959656227840243, 'colsample_bytree': 0.8525629300227772, 'gamma': 4.122671956008826, 'reg_alpha': 1.8400735260026924, 'reg_lambda': 0.31221466269911513}. Best is trial 64 with value: 0.5381954887218046.
[I 2026-01-10 17:23:01,960] Trial 73 finished with value: 0.5118796992481203 and parameters: {'max_depth': 9, 'learning_rate': 0.13545009099689104, 'n_estimators': 553, 'min_child_weight': 10, 'subsample': 0.942524576428816, 'colsample_bytree': 0.8778700981626997, 'gamma': 2.5351949201245105, 'reg_alpha': 1.99409082140479, 'reg_lambda': 0.02904387629308325}. Best is trial 64 with value: 0.5381954887218046.
[I 2026-01-10 17:23:03,443] Trial 74 finished with value: 0.5250375939849624 and parameters: {'max_depth': 8, 'learning_rate': 0.16151415887728768, 'n_estimators': 518, 'min_child_weight': 10, 'subsample': 0.960176070221161, 'colsample_bytree': 0.8932071811372354, 'gamma': 3.846437361412248, 'reg_alpha': 9.111880346187672, 'reg_lambda': 0.9219613637548527}. Best is trial 64 with value: 0.5381954887218046.
[I 2026-01-10 17:23:07,517] Trial 75 finished with value: 0.5344360902255639 and parameters: {'max_depth': 8, 'learning_rate': 0.13013774160836936, 'n_estimators': 587, 'min_child_weight': 9, 'subsample': 0.9913324954349058, 'colsample_bytree': 0.8335616989892752, 'gamma': 4.486560223592307, 'reg_alpha': 2.7019205137086173, 'reg_lambda': 0.35373625107405027}. Best is trial 64 with value: 0.5381954887218046.
[I 2026-01-10 17:23:10,911] Trial 76 finished with value: 0.5381954887218046 and parameters: {'max_depth': 8, 'learning_rate': 0.11483967534879821, 'n_estimators': 591, 'min_child_weight': 9, 'subsample': 0.9899251945887148, 'colsample_bytree': 0.8304415884626373, 'gamma': 4.310909837212724, 'reg_alpha': 2.9428379428630613, 'reg_lambda': 0.5002765937329179}. Best is trial 64 with value: 0.5381954887218046.
[I 2026-01-10 17:23:14,990] Trial 77 finished with value: 0.5306766917293233 and parameters: {'max_depth': 8, 'learning_rate': 0.11292074542895768, 'n_estimators': 587, 'min_child_weight': 9, 'subsample': 0.988935186180868, 'colsample_bytree': 0.8349054851027995, 'gamma': 4.629608446958753, 'reg_alpha': 2.550839368823458, 'reg_lambda': 0.5951911156320364}. Best is trial 64 with value: 0.5381954887218046.
[I 2026-01-10 17:23:17,154] Trial 78 finished with value: 0.5269172932330827 and parameters: {'max_depth': 9, 'learning_rate': 0.13249301614325448, 'n_estimators': 467, 'min_child_weight': 10, 'subsample': 0.951031729088476, 'colsample_bytree': 0.8566458461615174, 'gamma': 4.844283516874815, 'reg_alpha': 3.41009645645532, 'reg_lambda': 1.5569939762526996}. Best is trial 64 with value: 0.5381954887218046.
[I 2026-01-10 17:23:19,888] Trial 79 finished with value: 0.5231578947368422 and parameters: {'max_depth': 8, 'learning_rate': 0.12012473646811941, 'n_estimators': 546, 'min_child_weight': 9, 'subsample': 0.9672138510537316, 'colsample_bytree': 0.8107888359568461, 'gamma': 4.509520161929583, 'reg_alpha': 6.305390243836102, 'reg_lambda': 0.3918452833652941}. Best is trial 64 with value: 0.5381954887218046.
[I 2026-01-10 17:23:21,670] Trial 80 finished with value: 0.5325563909774437 and parameters: {'max_depth': 9, 'learning_rate': 0.10239968276201772, 'n_estimators': 604, 'min_child_weight': 10, 'subsample': 0.9910916349467217, 'colsample_bytree': 0.8270370791547582, 'gamma': 4.40247128603552, 'reg_alpha': 3.713523277287348, 'reg_lambda': 1.007497005425003}. Best is trial 64 with value: 0.5381954887218046.
[I 2026-01-10 17:23:24,070] Trial 81 finished with value: 0.5400751879699248 and parameters: {'max_depth': 8, 'learning_rate': 0.1765648651345969, 'n_estimators': 675, 'min_child_weight': 9, 'subsample': 0.9992519446288227, 'colsample_bytree': 0.8745404417160334, 'gamma': 4.226081247863415, 'reg_alpha': 2.872834323802647, 'reg_lambda': 0.39823824261292784}. Best is trial 81 with value: 0.5400751879699248.
[I 2026-01-10 17:23:27,611] Trial 82 finished with value: 0.4855639097744361 and parameters: {'max_depth': 8, 'learning_rate': 0.1749117210936693, 'n_estimators': 651, 'min_child_weight': 9, 'subsample': 0.9771927369493192, 'colsample_bytree': 0.8738874070651494, 'gamma': 0.022987518385359618, 'reg_alpha': 2.8772403440808385, 'reg_lambda': 0.4050271589810232}. Best is trial 81 with value: 0.5400751879699248.
[I 2026-01-10 17:23:29,487] Trial 83 finished with value: 0.5231578947368422 and parameters: {'max_depth': 8, 'learning_rate': 0.15657706782004402, 'n_estimators': 634, 'min_child_weight': 9, 'subsample': 0.9904525251831323, 'colsample_bytree': 0.8977173122245135, 'gamma': 4.1564585641564795, 'reg_alpha': 8.218399513368704, 'reg_lambda': 1.3362747865417446}. Best is trial 81 with value: 0.5400751879699248.
[I 2026-01-10 17:23:31,082] Trial 84 finished with value: 0.5250375939849624 and parameters: {'max_depth': 8, 'learning_rate': 0.1295618958169202, 'n_estimators': 670, 'min_child_weight': 9, 'subsample': 0.9373521377457632, 'colsample_bytree': 0.852983990300132, 'gamma': 3.637419165163848, 'reg_alpha': 3.1307440011950436, 'reg_lambda': 1.8360567256474505}. Best is trial 81 with value: 0.5400751879699248.
[I 2026-01-10 17:23:32,684] Trial 85 finished with value: 0.5325563909774437 and parameters: {'max_depth': 9, 'learning_rate': 0.17715855275101172, 'n_estimators': 578, 'min_child_weight': 10, 'subsample': 0.9631434389967977, 'colsample_bytree': 0.931841508061474, 'gamma': 4.271016475073364, 'reg_alpha': 2.6916491486663845, 'reg_lambda': 3.0965750624467505}. Best is trial 81 with value: 0.5400751879699248.
[I 2026-01-10 17:23:33,895] Trial 86 finished with value: 0.5193984962406015 and parameters: {'max_depth': 7, 'learning_rate': 0.16545871430367753, 'n_estimators': 518, 'min_child_weight': 9, 'subsample': 0.9502830138169053, 'colsample_bytree': 0.865598417007088, 'gamma': 3.8193564920353116, 'reg_alpha': 2.4043189536780405, 'reg_lambda': 1.1821479680224245}. Best is trial 81 with value: 0.5400751879699248.
[I 2026-01-10 17:23:35,675] Trial 87 finished with value: 0.5250375939849624 and parameters: {'max_depth': 10, 'learning_rate': 0.14570237889058812, 'n_estimators': 603, 'min_child_weight': 9, 'subsample': 0.9798692611709194, 'colsample_bytree': 0.8204726136494687, 'gamma': 4.927975271747653, 'reg_alpha': 7.4775658288292135, 'reg_lambda': 2.758327324130939}. Best is trial 81 with value: 0.5400751879699248.
[I 2026-01-10 17:23:37,789] Trial 88 finished with value: 0.528796992481203 and parameters: {'max_depth': 8, 'learning_rate': 0.09049352495155502, 'n_estimators': 536, 'min_child_weight': 10, 'subsample': 0.9925161246735876, 'colsample_bytree': 0.7880997804288494, 'gamma': 4.464302848386957, 'reg_alpha': 3.0785321738693763, 'reg_lambda': 0.46730147107835907}. Best is trial 81 with value: 0.5400751879699248.
[I 2026-01-10 17:23:39,229] Trial 89 finished with value: 0.5250375939849624 and parameters: {'max_depth': 7, 'learning_rate': 0.1539028166229748, 'n_estimators': 568, 'min_child_weight': 9, 'subsample': 0.9695425154693351, 'colsample_bytree': 0.9521319159017385, 'gamma': 3.389102261207925, 'reg_alpha': 2.238361224457866, 'reg_lambda': 4.415036988219372}. Best is trial 81 with value: 0.5400751879699248.
[I 2026-01-10 17:23:40,713] Trial 90 finished with value: 0.5006015037593985 and parameters: {'max_depth': 9, 'learning_rate': 0.11507574207038532, 'n_estimators': 494, 'min_child_weight': 8, 'subsample': 0.9990088245656233, 'colsample_bytree': 0.9054692547087414, 'gamma': 2.023459681619938, 'reg_alpha': 2.3111363626287855, 'reg_lambda': 0.7068282130623065}. Best is trial 81 with value: 0.5400751879699248.
[I 2026-01-10 17:23:42,331] Trial 91 finished with value: 0.5344360902255639 and parameters: {'max_depth': 8, 'learning_rate': 0.1493649038681512, 'n_estimators': 681, 'min_child_weight': 8, 'subsample': 0.9784413628936602, 'colsample_bytree': 0.8337890965476097, 'gamma': 4.278656732064208, 'reg_alpha': 2.80729124504906, 'reg_lambda': 0.3054810053585031}. Best is trial 81 with value: 0.5400751879699248.
[I 2026-01-10 17:23:43,905] Trial 92 finished with value: 0.5325563909774437 and parameters: {'max_depth': 8, 'learning_rate': 0.16559694012048104, 'n_estimators': 716, 'min_child_weight': 8, 'subsample': 0.9764993027626838, 'colsample_bytree': 0.8817187257235652, 'gamma': 4.147943315897722, 'reg_alpha': 3.3933930565457424, 'reg_lambda': 0.24014803335292004}. Best is trial 81 with value: 0.5400751879699248.
[I 2026-01-10 17:23:47,800] Trial 93 finished with value: 0.5118796992481203 and parameters: {'max_depth': 8, 'learning_rate': 0.1837078000225144, 'n_estimators': 669, 'min_child_weight': 10, 'subsample': 0.651459745544698, 'colsample_bytree': 0.8335589826740517, 'gamma': 4.717525102648366, 'reg_alpha': 2.743516201843678, 'reg_lambda': 2.4723036201671515}. Best is trial 81 with value: 0.5400751879699248.
[I 2026-01-10 17:23:50,400] Trial 94 finished with value: 0.5325563909774437 and parameters: {'max_depth': 8, 'learning_rate': 0.13812238714134004, 'n_estimators': 640, 'min_child_weight': 9, 'subsample': 0.9576942516503979, 'colsample_bytree': 0.8486343659524099, 'gamma': 3.939728730465161, 'reg_alpha': 1.3977193081425163, 'reg_lambda': 1.2213937991214867}. Best is trial 81 with value: 0.5400751879699248.
[I 2026-01-10 17:23:52,320] Trial 95 finished with value: 0.5231578947368422 and parameters: {'max_depth': 8, 'learning_rate': 0.14851422691514243, 'n_estimators': 760, 'min_child_weight': 8, 'subsample': 0.8977166459222686, 'colsample_bytree': 0.8080037821962056, 'gamma': 4.29117605566304, 'reg_alpha': 1.8213806497071778, 'reg_lambda': 0.13864172649735598}. Best is trial 81 with value: 0.5400751879699248.
[I 2026-01-10 17:23:53,909] Trial 96 finished with value: 0.5250375939849624 and parameters: {'max_depth': 9, 'learning_rate': 0.15899792920417505, 'n_estimators': 700, 'min_child_weight': 9, 'subsample': 0.9266497334795639, 'colsample_bytree': 0.8604840615893438, 'gamma': 3.743165618430035, 'reg_alpha': 2.9809489234243234, 'reg_lambda': 0.8290777847921461}. Best is trial 81 with value: 0.5400751879699248.
[I 2026-01-10 17:23:55,394] Trial 97 finished with value: 0.5156390977443609 and parameters: {'max_depth': 7, 'learning_rate': 0.12671166589950028, 'n_estimators': 614, 'min_child_weight': 2, 'subsample': 0.9903660221281889, 'colsample_bytree': 0.8317360220326386, 'gamma': 1.8428573379511985, 'reg_alpha': 5.553354239684085, 'reg_lambda': 3.936637878226856}. Best is trial 81 with value: 0.5400751879699248.
[I 2026-01-10 17:23:57,475] Trial 98 finished with value: 0.5006015037593985 and parameters: {'max_depth': 7, 'learning_rate': 0.13966011480880383, 'n_estimators': 676, 'min_child_weight': 8, 'subsample': 0.9841997494729664, 'colsample_bytree': 0.8697070655811479, 'gamma': 1.4446649159144125, 'reg_alpha': 3.7320064798557913, 'reg_lambda': 1.9317608895553946}. Best is trial 81 with value: 0.5400751879699248.
