WARNING:matplotlib:/Users/mandarjoshi/.matplotlib is not a writable directory
WARNING:matplotlib:Matplotlib created a temporary cache directory at /var/folders/qf/vyvr_52j46vf_h6wscd2sln40000gn/T/matplotlib-ttca3e79 because there was an issue with the default path (/Users/mandarjoshi/.matplotlib); it is highly recommended to set the MPLCONFIGDIR environment variable to a writable directory, in particular to speed up the import of Matplotlib and to better support multiprocessing.
INFO:__main__:Loading existing data from data/raw_matches.csv
INFO:__main__:Starting feature engineering...
WARNING:src.data_collection.weather_api:No OpenWeatherMap API key found. Weather features will be disabled.
INFO:src.data_collection.weather_api:Get a free API key at: https://openweathermap.org/api
INFO:src.data_collection.weather_api:Set it as OPENWEATHER_API_KEY environment variable
WARNING:src.data_collection.weather_api:Weather API key not available. Skipping weather features.
INFO:src.data_collection.injury_tracker:Injury tracker initialized (framework mode)
INFO:src.data_collection.injury_tracker:Adding injury/suspension features (framework mode)...
INFO:src.data_collection.injury_tracker:Injury features added (using default values - implement data source for real data)
INFO:src.feature_engineering.features:Starting feature engineering...
INFO:src.feature_engineering.features:Adding rolling statistics...
INFO:src.feature_engineering.features:Processing 29 teams for home rolling stats...
INFO:src.feature_engineering.features:  Processed 10/29 teams...
INFO:src.feature_engineering.features:  Processed 20/29 teams...
INFO:src.feature_engineering.features:Processing 25 teams for away rolling stats...
INFO:src.feature_engineering.features:  Processed 10/25 teams...
INFO:src.feature_engineering.features:  Processed 20/25 teams...
INFO:src.feature_engineering.features:Adding form features...
INFO:src.feature_engineering.features:Processing 29 teams for home form...
INFO:src.feature_engineering.features:  Processed 10/29 teams...
INFO:src.feature_engineering.features:  Processed 20/29 teams...
INFO:src.feature_engineering.features:Processing 25 teams for away form...
INFO:src.feature_engineering.features:  Processed 10/25 teams...
INFO:src.feature_engineering.features:  Processed 20/25 teams...
INFO:src.feature_engineering.features:Skipping head-to-head features (use include_h2h=True to enable)
INFO:src.feature_engineering.features:Adding team strength features (simplified)...
INFO:src.feature_engineering.features:Processing 29 teams for home strength...
INFO:src.feature_engineering.features:  Processed 10/29 teams...
INFO:src.feature_engineering.features:  Processed 20/29 teams...
INFO:src.feature_engineering.features:Processing 25 teams for away strength...
INFO:src.feature_engineering.features:  Processed 10/25 teams...
INFO:src.feature_engineering.features:  Processed 20/25 teams...
INFO:src.feature_engineering.features:Adding momentum features (simplified)...
INFO:src.feature_engineering.features:Processing 29 teams for home momentum...
INFO:src.feature_engineering.features:  Processed 10/29 teams...
INFO:src.feature_engineering.features:  Processed 20/29 teams...
INFO:src.feature_engineering.features:Processing 25 teams for away momentum...
INFO:src.feature_engineering.features:  Processed 10/25 teams...
INFO:src.feature_engineering.features:  Processed 20/25 teams...
INFO:src.feature_engineering.features:Adding position features (simplified)...
INFO:src.feature_engineering.features:Adding time features...
INFO:src.feature_engineering.features:Adding advanced features (xG, referee, weather, injuries)...
INFO:src.feature_engineering.features:Advanced features added!
INFO:src.feature_engineering.features:Feature engineering complete. 2660 matches with features.
INFO:__main__:Saved features to data/features.csv
INFO:__main__:Starting model training...
2026/01/10 17:20:14 INFO mlflow.store.db.utils: Creating initial MLflow database tables...
2026/01/10 17:20:14 INFO mlflow.store.db.utils: Updating database tables
2026/01/10 17:20:14 INFO alembic.runtime.migration: Context impl SQLiteImpl.
2026/01/10 17:20:14 INFO alembic.runtime.migration: Will assume non-transactional DDL.
2026/01/10 17:20:14 INFO alembic.runtime.migration: Context impl SQLiteImpl.
2026/01/10 17:20:14 INFO alembic.runtime.migration: Will assume non-transactional DDL.
INFO:src.models.trainer:Preparing data for training...
INFO:src.models.trainer:Class distribution in training set:
INFO:src.models.trainer:  Away Win (class 0): 709 samples, weight: 1.000
INFO:src.models.trainer:  Draw (class 1): 469 samples, weight: 1.512
INFO:src.models.trainer:  Home Win (class 2): 950 samples, weight: 0.747
INFO:src.models.trainer:Training set: 2128, Test set: 532
INFO:src.models.trainer:Training all models...
INFO:src.models.trainer:Training XGBoost model...
[I 2026-01-10 17:20:14,315] A new study created in memory with name: xgboost_opt
