[I 2026-01-10 17:25:30,290] Trial 73 finished with value: 0.5381954887218046 and parameters: {'max_depth': 3, 'learning_rate': 0.0585279872645897, 'n_estimators': 725, 'min_child_samples': 88, 'subsample': 0.6043900494718877, 'colsample_bytree': 0.9183907174691118, 'reg_alpha': 3.4058892365631235, 'reg_lambda': 2.191947775105649}. Best is trial 73 with value: 0.5381954887218046.
Training until validation scores don't improve for 50 rounds
Early stopping, best iteration is:
[64]	valid_0's multi_logloss: 0.993688
[I 2026-01-10 17:25:30,843] Trial 74 finished with value: 0.5344360902255639 and parameters: {'max_depth': 3, 'learning_rate': 0.05978374275613985, 'n_estimators': 695, 'min_child_samples': 88, 'subsample': 0.6699971434298185, 'colsample_bytree': 0.9257096745502613, 'reg_alpha': 3.716735012019813, 'reg_lambda': 2.1686573707254855}. Best is trial 73 with value: 0.5381954887218046.
Training until validation scores don't improve for 50 rounds
Early stopping, best iteration is:
[63]	valid_0's multi_logloss: 0.9929
[I 2026-01-10 17:25:31,412] Trial 75 finished with value: 0.5306766917293233 and parameters: {'max_depth': 3, 'learning_rate': 0.06152170459039989, 'n_estimators': 721, 'min_child_samples': 89, 'subsample': 0.6024939284104315, 'colsample_bytree': 0.9263427201582699, 'reg_alpha': 4.245594319280493, 'reg_lambda': 2.0426984859175894}. Best is trial 73 with value: 0.5381954887218046.
Training until validation scores don't improve for 50 rounds
Early stopping, best iteration is:
[72]	valid_0's multi_logloss: 0.992782
[I 2026-01-10 17:25:32,014] Trial 76 finished with value: 0.5325563909774437 and parameters: {'max_depth': 3, 'learning_rate': 0.052693543925098923, 'n_estimators': 692, 'min_child_samples': 87, 'subsample': 0.661589275864428, 'colsample_bytree': 0.9386086501772899, 'reg_alpha': 3.7350240825204986, 'reg_lambda': 0.9598008670847444}. Best is trial 73 with value: 0.5381954887218046.
Training until validation scores don't improve for 50 rounds
Early stopping, best iteration is:
[84]	valid_0's multi_logloss: 0.994097
[I 2026-01-10 17:25:32,706] Trial 77 finished with value: 0.5325563909774437 and parameters: {'max_depth': 3, 'learning_rate': 0.05580789008221794, 'n_estimators': 695, 'min_child_samples': 87, 'subsample': 0.6713520724469615, 'colsample_bytree': 0.7147216996640182, 'reg_alpha': 3.7490446205675463, 'reg_lambda': 0.9796377812212187}. Best is trial 73 with value: 0.5381954887218046.
Training until validation scores don't improve for 50 rounds
Early stopping, best iteration is:
[131]	valid_0's multi_logloss: 0.994789
[I 2026-01-10 17:25:33,689] Trial 78 finished with value: 0.5325563909774437 and parameters: {'max_depth': 3, 'learning_rate': 0.026248179765521726, 'n_estimators': 738, 'min_child_samples': 80, 'subsample': 0.7272534983413897, 'colsample_bytree': 0.9443762194519724, 'reg_alpha': 2.8779831126996984, 'reg_lambda': 0.3087595919292356}. Best is trial 73 with value: 0.5381954887218046.
Training until validation scores don't improve for 50 rounds
Early stopping, best iteration is:
[83]	valid_0's multi_logloss: 0.994898
[I 2026-01-10 17:25:34,350] Trial 79 finished with value: 0.5344360902255639 and parameters: {'max_depth': 3, 'learning_rate': 0.04317533828207707, 'n_estimators': 795, 'min_child_samples': 76, 'subsample': 0.6792131432719768, 'colsample_bytree': 0.9716944839991863, 'reg_alpha': 2.495873778955547, 'reg_lambda': 3.101874707238653}. Best is trial 73 with value: 0.5381954887218046.
Training until validation scores don't improve for 50 rounds
Early stopping, best iteration is:
[93]	valid_0's multi_logloss: 0.994791
[I 2026-01-10 17:25:35,042] Trial 80 finished with value: 0.5193984962406015 and parameters: {'max_depth': 3, 'learning_rate': 0.042045221152439284, 'n_estimators': 792, 'min_child_samples': 75, 'subsample': 0.6825581968315484, 'colsample_bytree': 0.9651651928422613, 'reg_alpha': 2.4420140958840353, 'reg_lambda': 3.1320642971271315}. Best is trial 73 with value: 0.5381954887218046.
Training until validation scores don't improve for 50 rounds
Early stopping, best iteration is:
[83]	valid_0's multi_logloss: 0.994878
[I 2026-01-10 17:25:35,742] Trial 81 finished with value: 0.5269172932330827 and parameters: {'max_depth': 3, 'learning_rate': 0.06736242015014428, 'n_estimators': 837, 'min_child_samples': 20, 'subsample': 0.6629612802861402, 'colsample_bytree': 0.9274880919192414, 'reg_alpha': 2.1176888225828043, 'reg_lambda': 0.6386028858418891}. Best is trial 73 with value: 0.5381954887218046.
Training until validation scores don't improve for 50 rounds
Early stopping, best iteration is:
[81]	valid_0's multi_logloss: 0.994259
[I 2026-01-10 17:25:36,401] Trial 82 finished with value: 0.51 and parameters: {'max_depth': 3, 'learning_rate': 0.04908399430242692, 'n_estimators': 763, 'min_child_samples': 80, 'subsample': 0.6918716042488454, 'colsample_bytree': 0.9865130932793716, 'reg_alpha': 3.3696783386470983, 'reg_lambda': 3.4894892330433827}. Best is trial 73 with value: 0.5381954887218046.
Training until validation scores don't improve for 50 rounds
Early stopping, best iteration is:
[117]	valid_0's multi_logloss: 0.992311
[I 2026-01-10 17:25:37,207] Trial 83 finished with value: 0.5306766917293233 and parameters: {'max_depth': 3, 'learning_rate': 0.03147574847594434, 'n_estimators': 803, 'min_child_samples': 89, 'subsample': 0.6761747632063762, 'colsample_bytree': 0.9488677864333191, 'reg_alpha': 3.0607573155373826, 'reg_lambda': 2.616787242407417}. Best is trial 73 with value: 0.5381954887218046.
Training until validation scores don't improve for 50 rounds
Early stopping, best iteration is:
[28]	valid_0's multi_logloss: 0.993012
[I 2026-01-10 17:25:37,600] Trial 84 finished with value: 0.5250375939849624 and parameters: {'max_depth': 3, 'learning_rate': 0.09070500616480758, 'n_estimators': 870, 'min_child_samples': 86, 'subsample': 0.699344977990812, 'colsample_bytree': 0.9617728484986718, 'reg_alpha': 0.8384579993055317, 'reg_lambda': 1.280544792909478}. Best is trial 73 with value: 0.5381954887218046.
Training until validation scores don't improve for 50 rounds
Early stopping, best iteration is:
[70]	valid_0's multi_logloss: 0.998176
[I 2026-01-10 17:25:38,182] Trial 85 finished with value: 0.5193984962406015 and parameters: {'max_depth': 3, 'learning_rate': 0.05810374828306061, 'n_estimators': 828, 'min_child_samples': 66, 'subsample': 0.6552940410333996, 'colsample_bytree': 0.9744481167521547, 'reg_alpha': 1.6004245158625974, 'reg_lambda': 2.1391338882716497}. Best is trial 73 with value: 0.5381954887218046.
Training until validation scores don't improve for 50 rounds
Early stopping, best iteration is:
[77]	valid_0's multi_logloss: 0.996865
[I 2026-01-10 17:25:38,797] Trial 86 finished with value: 0.5118796992481203 and parameters: {'max_depth': 3, 'learning_rate': 0.10756912842579823, 'n_estimators': 694, 'min_child_samples': 71, 'subsample': 0.6661913510594003, 'colsample_bytree': 0.6383820309015003, 'reg_alpha': 4.238997883030447, 'reg_lambda': 2.9790502340207077}. Best is trial 73 with value: 0.5381954887218046.
Training until validation scores don't improve for 50 rounds
Early stopping, best iteration is:
[50]	valid_0's multi_logloss: 0.994253
[I 2026-01-10 17:25:39,466] Trial 87 finished with value: 0.5250375939849624 and parameters: {'max_depth': 4, 'learning_rate': 0.0696751188052099, 'n_estimators': 750, 'min_child_samples': 77, 'subsample': 0.7139187473570288, 'colsample_bytree': 0.9062859853714327, 'reg_alpha': 3.7755307915248904, 'reg_lambda': 1.705966809686545}. Best is trial 73 with value: 0.5381954887218046.
Training until validation scores don't improve for 50 rounds
Early stopping, best iteration is:
[96]	valid_0's multi_logloss: 0.992444
[I 2026-01-10 17:25:40,162] Trial 88 finished with value: 0.5306766917293233 and parameters: {'max_depth': 3, 'learning_rate': 0.04695913948113063, 'n_estimators': 729, 'min_child_samples': 92, 'subsample': 0.9887446750228058, 'colsample_bytree': 0.9365476331242134, 'reg_alpha': 4.884938556257401, 'reg_lambda': 3.9134379475649665}. Best is trial 73 with value: 0.5381954887218046.
Training until validation scores don't improve for 50 rounds
Early stopping, best iteration is:
[59]	valid_0's multi_logloss: 0.994404
[I 2026-01-10 17:25:40,715] Trial 89 finished with value: 0.5325563909774437 and parameters: {'max_depth': 3, 'learning_rate': 0.06351516352706639, 'n_estimators': 898, 'min_child_samples': 83, 'subsample': 0.6308850399208826, 'colsample_bytree': 0.9242060180789913, 'reg_alpha': 2.7375224674193825, 'reg_lambda': 1.01488583417238}. Best is trial 73 with value: 0.5381954887218046.
Training until validation scores don't improve for 50 rounds
Early stopping, best iteration is:
[274]	valid_0's multi_logloss: 0.991482
[I 2026-01-10 17:25:42,888] Trial 90 finished with value: 0.5269172932330827 and parameters: {'max_depth': 4, 'learning_rate': 0.012625871209775597, 'n_estimators': 777, 'min_child_samples': 87, 'subsample': 0.6423730925676556, 'colsample_bytree': 0.9494094209323728, 'reg_alpha': 2.419178489160189, 'reg_lambda': 1.9015590875937467}. Best is trial 73 with value: 0.5381954887218046.
Training until validation scores don't improve for 50 rounds
Early stopping, best iteration is:
[112]	valid_0's multi_logloss: 0.993257
[I 2026-01-10 17:25:43,635] Trial 91 finished with value: 0.5250375939849624 and parameters: {'max_depth': 3, 'learning_rate': 0.05400325748563038, 'n_estimators': 665, 'min_child_samples': 87, 'subsample': 0.6705185942717098, 'colsample_bytree': 0.6917763537355485, 'reg_alpha': 3.7186720159046507, 'reg_lambda': 1.419946976842974}. Best is trial 73 with value: 0.5381954887218046.
Training until validation scores don't improve for 50 rounds
Early stopping, best iteration is:
[192]	valid_0's multi_logloss: 0.997178
[I 2026-01-10 17:25:44,781] Trial 92 finished with value: 0.51 and parameters: {'max_depth': 3, 'learning_rate': 0.03778340705315757, 'n_estimators': 695, 'min_child_samples': 84, 'subsample': 0.6539357749051683, 'colsample_bytree': 0.6175439246648649, 'reg_alpha': 3.46273141527136, 'reg_lambda': 0.6762227886676832}. Best is trial 73 with value: 0.5381954887218046.
Training until validation scores don't improve for 50 rounds
Early stopping, best iteration is:
[174]	valid_0's multi_logloss: 0.994273
[I 2026-01-10 17:25:45,788] Trial 93 finished with value: 0.528796992481203 and parameters: {'max_depth': 3, 'learning_rate': 0.02833636410397215, 'n_estimators': 682, 'min_child_samples': 91, 'subsample': 0.6867878631966486, 'colsample_bytree': 0.6948103308201161, 'reg_alpha': 3.849448101288414, 'reg_lambda': 0.3142206316977684}. Best is trial 73 with value: 0.5381954887218046.
Training until validation scores don't improve for 50 rounds
Early stopping, best iteration is:
[50]	valid_0's multi_logloss: 0.996312
[I 2026-01-10 17:25:46,414] Trial 94 finished with value: 0.5118796992481203 and parameters: {'max_depth': 4, 'learning_rate': 0.0782781060461937, 'n_estimators': 596, 'min_child_samples': 96, 'subsample': 0.6727783287967009, 'colsample_bytree': 0.6650408434434514, 'reg_alpha': 4.128368905964154, 'reg_lambda': 0.8697246506909728}. Best is trial 73 with value: 0.5381954887218046.
Training until validation scores don't improve for 50 rounds
Early stopping, best iteration is:
[105]	valid_0's multi_logloss: 0.993595
[I 2026-01-10 17:25:47,178] Trial 95 finished with value: 0.5269172932330827 and parameters: {'max_depth': 3, 'learning_rate': 0.05116454150332091, 'n_estimators': 713, 'min_child_samples': 79, 'subsample': 0.6418613521374386, 'colsample_bytree': 0.7186697564092798, 'reg_alpha': 4.5775673492514, 'reg_lambda': 2.6737035440117225}. Best is trial 73 with value: 0.5381954887218046.
Training until validation scores don't improve for 50 rounds
Early stopping, best iteration is:
[38]	valid_0's multi_logloss: 0.993121
[I 2026-01-10 17:25:47,634] Trial 96 finished with value: 0.5212781954887218 and parameters: {'max_depth': 3, 'learning_rate': 0.08890708721429401, 'n_estimators': 327, 'min_child_samples': 85, 'subsample': 0.8641347035970462, 'colsample_bytree': 0.7762736898866552, 'reg_alpha': 3.087585859443191, 'reg_lambda': 2.3161439819744443}. Best is trial 73 with value: 0.5381954887218046.
Training until validation scores don't improve for 50 rounds
Early stopping, best iteration is:
[60]	valid_0's multi_logloss: 0.994592
[I 2026-01-10 17:25:48,195] Trial 97 finished with value: 0.528796992481203 and parameters: {'max_depth': 3, 'learning_rate': 0.07161702405391307, 'n_estimators': 977, 'min_child_samples': 89, 'subsample': 0.6121543018563409, 'colsample_bytree': 0.8957789710925351, 'reg_alpha': 3.5925931155326705, 'reg_lambda': 1.1474034996289466}. Best is trial 73 with value: 0.5381954887218046.
Training until validation scores don't improve for 50 rounds
Early stopping, best iteration is:
[81]	valid_0's multi_logloss: 0.992587
[I 2026-01-10 17:25:49,043] Trial 98 finished with value: 0.5137593984962406 and parameters: {'max_depth': 4, 'learning_rate': 0.057643843240130097, 'n_estimators': 998, 'min_child_samples': 82, 'subsample': 0.6629103761125087, 'colsample_bytree': 0.7332376323924623, 'reg_alpha': 4.381193979034368, 'reg_lambda': 4.151728853797359}. Best is trial 73 with value: 0.5381954887218046.
Training until validation scores don't improve for 50 rounds
Early stopping, best iteration is:
[77]	valid_0's multi_logloss: 0.994057
[I 2026-01-10 17:25:49,868] Trial 99 finished with value: 0.5344360902255639 and parameters: {'max_depth': 4, 'learning_rate': 0.044107621875077975, 'n_estimators': 803, 'min_child_samples': 97, 'subsample': 0.7006062613559944, 'colsample_bytree': 0.8713807872488688, 'reg_alpha': 4.74595649091927, 'reg_lambda': 0.036932467218425684}. Best is trial 73 with value: 0.5381954887218046.
Training until validation scores don't improve for 50 rounds
Early stopping, best iteration is:
[62]	valid_0's multi_logloss: 0.993365
