  0%|          | 0/100 [00:00<?, ?it/s]                                         0%|          | 0/100 [00:02<?, ?it/s]Best trial: 0. Best value: 0.525038:   0%|          | 0/100 [00:02<?, ?it/s]Best trial: 0. Best value: 0.525038:   1%|          | 1/100 [00:02<04:13,  2.56s/it]                                                                                    Best trial: 0. Best value: 0.525038:   1%|          | 1/100 [00:06<04:13,  2.56s/it]Best trial: 1. Best value: 0.526917:   1%|          | 1/100 [00:06<04:13,  2.56s/it]Best trial: 1. Best value: 0.526917:   2%|▏         | 2/100 [00:06<05:05,  3.12s/it]                                                                                    Best trial: 1. Best value: 0.526917:   2%|▏         | 2/100 [00:09<05:05,  3.12s/it]Best trial: 1. Best value: 0.526917:   2%|▏         | 2/100 [00:09<05:05,  3.12s/it]Best trial: 1. Best value: 0.526917:   3%|▎         | 3/100 [00:09<04:55,  3.05s/it]                                                                                    Best trial: 1. Best value: 0.526917:   3%|▎         | 3/100 [00:11<04:55,  3.05s/it]Best trial: 1. Best value: 0.526917:   3%|▎         | 3/100 [00:11<04:55,  3.05s/it]Best trial: 1. Best value: 0.526917:   4%|▍         | 4/100 [00:11<04:23,  2.75s/it]                                                                                    Best trial: 1. Best value: 0.526917:   4%|▍         | 4/100 [00:15<04:23,  2.75s/it]Best trial: 1. Best value: 0.526917:   4%|▍         | 4/100 [00:15<04:23,  2.75s/it]Best trial: 1. Best value: 0.526917:   5%|▌         | 5/100 [00:15<05:06,  3.22s/it]                                                                                    Best trial: 1. Best value: 0.526917:   5%|▌         | 5/100 [00:15<05:06,  3.22s/it]Best trial: 1. Best value: 0.526917:   5%|▌         | 5/100 [00:15<05:06,  3.22s/it]Best trial: 1. Best value: 0.526917:   6%|▌         | 6/100 [00:15<03:36,  2.30s/it]                                                                                    Best trial: 1. Best value: 0.526917:   6%|▌         | 6/100 [00:17<03:36,  2.30s/it]Best trial: 1. Best value: 0.526917:   6%|▌         | 6/100 [00:17<03:36,  2.30s/it]Best trial: 1. Best value: 0.526917:   7%|▋         | 7/100 [00:17<03:09,  2.03s/it]                                                                                    Best trial: 1. Best value: 0.526917:   7%|▋         | 7/100 [00:19<03:09,  2.03s/it]Best trial: 1. Best value: 0.526917:   7%|▋         | 7/100 [00:19<03:09,  2.03s/it]Best trial: 1. Best value: 0.526917:   8%|▊         | 8/100 [00:19<03:23,  2.21s/it]                                                                                    Best trial: 1. Best value: 0.526917:   8%|▊         | 8/100 [00:22<03:23,  2.21s/it]Best trial: 1. Best value: 0.526917:   8%|▊         | 8/100 [00:22<03:23,  2.21s/it]Best trial: 1. Best value: 0.526917:   9%|▉         | 9/100 [00:22<03:37,  2.38s/it]                                                                                    Best trial: 1. Best value: 0.526917:   9%|▉         | 9/100 [00:24<03:37,  2.38s/it]Best trial: 1. Best value: 0.526917:   9%|▉         | 9/100 [00:24<03:37,  2.38s/it]Best trial: 1. Best value: 0.526917:  10%|█         | 10/100 [00:24<03:23,  2.26s/it]                                                                                     Best trial: 1. Best value: 0.526917:  10%|█         | 10/100 [00:28<03:23,  2.26s/it]Best trial: 1. Best value: 0.526917:  10%|█         | 10/100 [00:28<03:23,  2.26s/it]Best trial: 1. Best value: 0.526917:  11%|█         | 11/100 [00:28<04:05,  2.76s/it]                                                                                     Best trial: 1. Best value: 0.526917:  11%|█         | 11/100 [00:31<04:05,  2.76s/it]Best trial: 1. Best value: 0.526917:  11%|█         | 11/100 [00:31<04:05,  2.76s/it]Best trial: 1. Best value: 0.526917:  12%|█▏        | 12/100 [00:31<04:18,  2.94s/it]                                                                                     Best trial: 1. Best value: 0.526917:  12%|█▏        | 12/100 [00:35<04:18,  2.94s/it]Best trial: 1. Best value: 0.526917:  12%|█▏        | 12/100 [00:35<04:18,  2.94s/it]Best trial: 1. Best value: 0.526917:  13%|█▎        | 13/100 [00:35<04:34,  3.15s/it]                                                                                     Best trial: 1. Best value: 0.526917:  13%|█▎        | 13/100 [00:43<04:34,  3.15s/it]Best trial: 1. Best value: 0.526917:  13%|█▎        | 13/100 [00:43<04:34,  3.15s/it]Best trial: 1. Best value: 0.526917:  14%|█▍        | 14/100 [00:43<06:24,  4.47s/it]                                                                                     Best trial: 1. Best value: 0.526917:  14%|█▍        | 14/100 [00:44<06:24,  4.47s/it]Best trial: 1. Best value: 0.526917:  14%|█▍        | 14/100 [00:44<06:24,  4.47s/it]Best trial: 1. Best value: 0.526917:  15%|█▌        | 15/100 [00:44<05:12,  3.68s/it]                                                                                     Best trial: 1. Best value: 0.526917:  15%|█▌        | 15/100 [00:48<05:12,  3.68s/it]Best trial: 1. Best value: 0.526917:  15%|█▌        | 15/100 [00:48<05:12,  3.68s/it]Best trial: 1. Best value: 0.526917:  16%|█▌        | 16/100 [00:48<04:53,  3.49s/it]                                                                                     Best trial: 1. Best value: 0.526917:  16%|█▌        | 16/100 [00:50<04:53,  3.49s/it]Best trial: 16. Best value: 0.530677:  16%|█▌        | 16/100 [00:50<04:53,  3.49s/it]Best trial: 16. Best value: 0.530677:  17%|█▋        | 17/100 [00:50<04:23,  3.18s/it]                                                                                      Best trial: 16. Best value: 0.530677:  17%|█▋        | 17/100 [00:52<04:23,  3.18s/it]Best trial: 16. Best value: 0.530677:  17%|█▋        | 17/100 [00:52<04:23,  3.18s/it]Best trial: 16. Best value: 0.530677:  18%|█▊        | 18/100 [00:52<04:00,  2.93s/it]                                                                                      Best trial: 16. Best value: 0.530677:  18%|█▊        | 18/100 [00:54<04:00,  2.93s/it]Best trial: 16. Best value: 0.530677:  18%|█▊        | 18/100 [00:54<04:00,  2.93s/it]Best trial: 16. Best value: 0.530677:  19%|█▉        | 19/100 [00:54<03:30,  2.60s/it]                                                                                      Best trial: 16. Best value: 0.530677:  19%|█▉        | 19/100 [00:57<03:30,  2.60s/it]Best trial: 16. Best value: 0.530677:  19%|█▉        | 19/100 [00:57<03:30,  2.60s/it]Best trial: 16. Best value: 0.530677:  20%|██        | 20/100 [00:57<03:43,  2.80s/it]                                                                                      Best trial: 16. Best value: 0.530677:  20%|██        | 20/100 [01:01<03:43,  2.80s/it]Best trial: 16. Best value: 0.530677:  20%|██        | 20/100 [01:01<03:43,  2.80s/it]Best trial: 16. Best value: 0.530677:  21%|██        | 21/100 [01:01<03:51,  2.93s/it]                                                                                      Best trial: 16. Best value: 0.530677:  21%|██        | 21/100 [01:03<03:51,  2.93s/it]Best trial: 16. Best value: 0.530677:  21%|██        | 21/100 [01:03<03:51,  2.93s/it]Best trial: 16. Best value: 0.530677:  22%|██▏       | 22/100 [01:03<03:38,  2.80s/it]                                                                                      Best trial: 16. Best value: 0.530677:  22%|██▏       | 22/100 [01:07<03:38,  2.80s/it]Best trial: 16. Best value: 0.530677:  22%|██▏       | 22/100 [01:07<03:38,  2.80s/it]Best trial: 16. Best value: 0.530677:  23%|██▎       | 23/100 [01:07<03:48,  2.97s/it]                                                                                      Best trial: 16. Best value: 0.530677:  23%|██▎       | 23/100 [01:09<03:48,  2.97s/it]Best trial: 16. Best value: 0.530677:  23%|██▎       | 23/100 [01:09<03:48,  2.97s/it]Best trial: 16. Best value: 0.530677:  24%|██▍       | 24/100 [01:09<03:45,  2.97s/it]                                                                                      Best trial: 16. Best value: 0.530677:  24%|██▍       | 24/100 [01:12<03:45,  2.97s/it]Best trial: 16. Best value: 0.530677:  24%|██▍       | 24/100 [01:12<03:45,  2.97s/it]Best trial: 16. Best value: 0.530677:  25%|██▌       | 25/100 [01:12<03:35,  2.87s/it]                                                                                      Best trial: 16. Best value: 0.530677:  25%|██▌       | 25/100 [01:14<03:35,  2.87s/it]Best trial: 16. Best value: 0.530677:  25%|██▌       | 25/100 [01:14<03:35,  2.87s/it]Best trial: 16. Best value: 0.530677:  26%|██▌       | 26/100 [01:14<03:16,  2.65s/it]                                                                                      Best trial: 16. Best value: 0.530677:  26%|██▌       | 26/100 [01:17<03:16,  2.65s/it]Best trial: 16. Best value: 0.530677:  26%|██▌       | 26/100 [01:17<03:16,  2.65s/it]Best trial: 16. Best value: 0.530677:  27%|██▋       | 27/100 [01:17<03:19,  2.74s/it]                                                                                      Best trial: 16. Best value: 0.530677:  27%|██▋       | 27/100 [01:19<03:19,  2.74s/it]Best trial: 16. Best value: 0.530677:  27%|██▋       | 27/100 [01:19<03:19,  2.74s/it]Best trial: 16. Best value: 0.530677:  28%|██▊       | 28/100 [01:19<02:54,  2.43s/it]                                                                                      Best trial: 16. Best value: 0.530677:  28%|██▊       | 28/100 [01:21<02:54,  2.43s/it]Best trial: 16. Best value: 0.530677:  28%|██▊       | 28/100 [01:21<02:54,  2.43s/it]Best trial: 16. Best value: 0.530677:  29%|██▉       | 29/100 [01:21<02:52,  2.44s/it]                                                                                      Best trial: 16. Best value: 0.530677:  29%|██▉       | 29/100 [01:24<02:52,  2.44s/it]Best trial: 16. Best value: 0.530677:  29%|██▉       | 29/100 [01:24<02:52,  2.44s/it]Best trial: 16. Best value: 0.530677:  30%|███       | 30/100 [01:24<02:51,  2.45s/it]                                                                                      Best trial: 16. Best value: 0.530677:  30%|███       | 30/100 [01:26<02:51,  2.45s/it]Best trial: 30. Best value: 0.532556:  30%|███       | 30/100 [01:26<02:51,  2.45s/it]Best trial: 30. Best value: 0.532556:  31%|███       | 31/100 [01:26<02:49,  2.45s/it]                                                                                      Best trial: 30. Best value: 0.532556:  31%|███       | 31/100 [01:29<02:49,  2.45s/it]Best trial: 30. Best value: 0.532556:  31%|███       | 31/100 [01:29<02:49,  2.45s/it]Best trial: 30. Best value: 0.532556:  32%|███▏      | 32/100 [01:29<02:46,  2.45s/it]                                                                                      Best trial: 30. Best value: 0.532556:  32%|███▏      | 32/100 [01:31<02:46,  2.45s/it]Best trial: 30. Best value: 0.532556:  32%|███▏      | 32/100 [01:31<02:46,  2.45s/it]Best trial: 30. Best value: 0.532556:  33%|███▎      | 33/100 [01:31<02:35,  2.32s/it]                                                                                      Best trial: 30. Best value: 0.532556:  33%|███▎      | 33/100 [01:35<02:35,  2.32s/it]Best trial: 30. Best value: 0.532556:  33%|███▎      | 33/100 [01:35<02:35,  2.32s/it]Best trial: 30. Best value: 0.532556:  34%|███▍      | 34/100 [01:35<03:16,  2.97s/it]                                                                                      Best trial: 30. Best value: 0.532556:  34%|███▍      | 34/100 [01:38<03:16,  2.97s/it]Best trial: 30. Best value: 0.532556:  34%|███▍      | 34/100 [01:38<03:16,  2.97s/it]Best trial: 30. Best value: 0.532556:  35%|███▌      | 35/100 [01:38<03:04,  2.83s/it]                                                                                      Best trial: 30. Best value: 0.532556:  35%|███▌      | 35/100 [01:40<03:04,  2.83s/it]Best trial: 30. Best value: 0.532556:  35%|███▌      | 35/100 [01:40<03:04,  2.83s/it]Best trial: 30. Best value: 0.532556:  36%|███▌      | 36/100 [01:40<02:46,  2.61s/it]                                                                                      Best trial: 30. Best value: 0.532556:  36%|███▌      | 36/100 [01:41<02:46,  2.61s/it]Best trial: 30. Best value: 0.532556:  36%|███▌      | 36/100 [01:41<02:46,  2.61s/it]Best trial: 30. Best value: 0.532556:  37%|███▋      | 37/100 [01:41<02:23,  2.28s/it]                                                                                      Best trial: 30. Best value: 0.532556:  37%|███▋      | 37/100 [01:44<02:23,  2.28s/it]Best trial: 30. Best value: 0.532556:  37%|███▋      | 37/100 [01:44<02:23,  2.28s/it]Best trial: 30. Best value: 0.532556:  38%|███▊      | 38/100 [01:44<02:25,  2.35s/it]                                                                                      Best trial: 30. Best value: 0.532556:  38%|███▊      | 38/100 [01:46<02:25,  2.35s/it]Best trial: 30. Best value: 0.532556:  38%|███▊      | 38/100 [01:46<02:25,  2.35s/it]Best trial: 30. Best value: 0.532556:  39%|███▉      | 39/100 [01:46<02:15,  2.22s/it]                                                                                      Best trial: 30. Best value: 0.532556:  39%|███▉      | 39/100 [01:48<02:15,  2.22s/it]Best trial: 30. Best value: 0.532556:  39%|███▉      | 39/100 [01:48<02:15,  2.22s/it]Best trial: 30. Best value: 0.532556:  40%|████      | 40/100 [01:48<02:13,  2.23s/it]                                                                                      Best trial: 30. Best value: 0.532556:  40%|████      | 40/100 [01:50<02:13,  2.23s/it]Best trial: 30. Best value: 0.532556:  40%|████      | 40/100 [01:50<02:13,  2.23s/it]Best trial: 30. Best value: 0.532556:  41%|████      | 41/100 [01:50<02:01,  2.06s/it]                                                                                      Best trial: 30. Best value: 0.532556:  41%|████      | 41/100 [01:52<02:01,  2.06s/it]Best trial: 30. Best value: 0.532556:  41%|████      | 41/100 [01:52<02:01,  2.06s/it]Best trial: 30. Best value: 0.532556:  42%|████▏     | 42/100 [01:52<02:04,  2.14s/it]                                                                                      Best trial: 30. Best value: 0.532556:  42%|████▏     | 42/100 [01:55<02:04,  2.14s/it]Best trial: 30. Best value: 0.532556:  42%|████▏     | 42/100 [01:55<02:04,  2.14s/it]Best trial: 30. Best value: 0.532556:  43%|████▎     | 43/100 [01:55<02:09,  2.27s/it]                                                                                      Best trial: 30. Best value: 0.532556:  43%|████▎     | 43/100 [01:57<02:09,  2.27s/it]Best trial: 30. Best value: 0.532556:  43%|████▎     | 43/100 [01:57<02:09,  2.27s/it]Best trial: 30. Best value: 0.532556:  44%|████▍     | 44/100 [01:57<02:10,  2.34s/it]                                                                                      Best trial: 30. Best value: 0.532556:  44%|████▍     | 44/100 [02:00<02:10,  2.34s/it]Best trial: 30. Best value: 0.532556:  44%|████▍     | 44/100 [02:00<02:10,  2.34s/it]Best trial: 30. Best value: 0.532556:  45%|████▌     | 45/100 [02:00<02:15,  2.47s/it]                                                                                      Best trial: 30. Best value: 0.532556:  45%|████▌     | 45/100 [02:02<02:15,  2.47s/it]Best trial: 30. Best value: 0.532556:  45%|████▌     | 45/100 [02:02<02:15,  2.47s/it]Best trial: 30. Best value: 0.532556:  46%|████▌     | 46/100 [02:02<02:11,  2.43s/it]                                                                                      Best trial: 30. Best value: 0.532556:  46%|████▌     | 46/100 [02:05<02:11,  2.43s/it]Best trial: 30. Best value: 0.532556:  46%|████▌     | 46/100 [02:05<02:11,  2.43s/it]Best trial: 30. Best value: 0.532556:  47%|████▋     | 47/100 [02:05<02:14,  2.53s/it]                                                                                      Best trial: 30. Best value: 0.532556:  47%|████▋     | 47/100 [02:06<02:14,  2.53s/it]Best trial: 30. Best value: 0.532556:  47%|████▋     | 47/100 [02:06<02:14,  2.53s/it]Best trial: 30. Best value: 0.532556:  48%|████▊     | 48/100 [02:06<01:54,  2.20s/it]                                                                                      Best trial: 30. Best value: 0.532556:  48%|████▊     | 48/100 [02:08<01:54,  2.20s/it]Best trial: 30. Best value: 0.532556:  48%|████▊     | 48/100 [02:08<01:54,  2.20s/it]Best trial: 30. Best value: 0.532556:  49%|████▉     | 49/100 [02:08<01:35,  1.88s/it]                                                                                      Best trial: 30. Best value: 0.532556:  49%|████▉     | 49/100 [02:08<01:35,  1.88s/it]Best trial: 30. Best value: 0.532556:  49%|████▉     | 49/100 [02:08<01:35,  1.88s/it]Best trial: 30. Best value: 0.532556:  50%|█████     | 50/100 [02:08<01:15,  1.51s/it]                                                                                      Best trial: 30. Best value: 0.532556:  50%|█████     | 50/100 [02:09<01:15,  1.51s/it]Best trial: 50. Best value: 0.536316:  50%|█████     | 50/100 [02:09<01:15,  1.51s/it]Best trial: 50. Best value: 0.536316:  51%|█████     | 51/100 [02:09<01:10,  1.45s/it]                                                                                      Best trial: 50. Best value: 0.536316:  51%|█████     | 51/100 [02:11<01:10,  1.45s/it]Best trial: 50. Best value: 0.536316:  51%|█████     | 51/100 [02:11<01:10,  1.45s/it]Best trial: 50. Best value: 0.536316:  52%|█████▏    | 52/100 [02:11<01:07,  1.41s/it]                                                                                      Best trial: 50. Best value: 0.536316:  52%|█████▏    | 52/100 [02:13<01:07,  1.41s/it]Best trial: 50. Best value: 0.536316:  52%|█████▏    | 52/100 [02:13<01:07,  1.41s/it]Best trial: 50. Best value: 0.536316:  53%|█████▎    | 53/100 [02:13<01:11,  1.51s/it]                                                                                      Best trial: 50. Best value: 0.536316:  53%|█████▎    | 53/100 [02:14<01:11,  1.51s/it]Best trial: 50. Best value: 0.536316:  53%|█████▎    | 53/100 [02:14<01:11,  1.51s/it]Best trial: 50. Best value: 0.536316:  54%|█████▍    | 54/100 [02:14<01:08,  1.50s/it]                                                                                      Best trial: 50. Best value: 0.536316:  54%|█████▍    | 54/100 [02:15<01:08,  1.50s/it]Best trial: 50. Best value: 0.536316:  54%|█████▍    | 54/100 [02:15<01:08,  1.50s/it]Best trial: 50. Best value: 0.536316:  55%|█████▌    | 55/100 [02:15<01:05,  1.45s/it]                                                                                      Best trial: 50. Best value: 0.536316:  55%|█████▌    | 55/100 [02:18<01:05,  1.45s/it]Best trial: 50. Best value: 0.536316:  55%|█████▌    | 55/100 [02:18<01:05,  1.45s/it]Best trial: 50. Best value: 0.536316:  56%|█████▌    | 56/100 [02:18<01:21,  1.86s/it]                                                                                      Best trial: 50. Best value: 0.536316:  56%|█████▌    | 56/100 [02:20<01:21,  1.86s/it]Best trial: 50. Best value: 0.536316:  56%|█████▌    | 56/100 [02:20<01:21,  1.86s/it]Best trial: 50. Best value: 0.536316:  57%|█████▋    | 57/100 [02:20<01:15,  1.75s/it]                                                                                      Best trial: 50. Best value: 0.536316:  57%|█████▋    | 57/100 [02:22<01:15,  1.75s/it]Best trial: 50. Best value: 0.536316:  57%|█████▋    | 57/100 [02:22<01:15,  1.75s/it]Best trial: 50. Best value: 0.536316:  58%|█████▊    | 58/100 [02:22<01:14,  1.77s/it]                                                                                      Best trial: 50. Best value: 0.536316:  58%|█████▊    | 58/100 [02:24<01:14,  1.77s/it]Best trial: 50. Best value: 0.536316:  58%|█████▊    | 58/100 [02:24<01:14,  1.77s/it]Best trial: 50. Best value: 0.536316:  59%|█████▉    | 59/100 [02:24<01:18,  1.90s/it]                                                                                      Best trial: 50. Best value: 0.536316:  59%|█████▉    | 59/100 [02:25<01:18,  1.90s/it]Best trial: 50. Best value: 0.536316:  59%|█████▉    | 59/100 [02:25<01:18,  1.90s/it]Best trial: 50. Best value: 0.536316:  60%|██████    | 60/100 [02:25<01:11,  1.80s/it]                                                                                      [I 2026-01-10 17:20:16,888] Trial 0 finished with value: 0.5250375939849624 and parameters: {'max_depth': 3, 'learning_rate': 0.13680826908122154, 'n_estimators': 689, 'min_child_weight': 10, 'subsample': 0.6200850948257011, 'colsample_bytree': 0.6843032925328253, 'gamma': 1.6054577062940094, 'reg_alpha': 5.528973248261204, 'reg_lambda': 0.10741555338912523}. Best is trial 0 with value: 0.5250375939849624.
[I 2026-01-10 17:20:20,401] Trial 1 finished with value: 0.5269172932330827 and parameters: {'max_depth': 5, 'learning_rate': 0.0987785955706703, 'n_estimators': 844, 'min_child_weight': 1, 'subsample': 0.921665469423158, 'colsample_bytree': 0.759356388197902, 'gamma': 1.4098203324010865, 'reg_alpha': 8.733460185585729, 'reg_lambda': 7.698508730051654}. Best is trial 1 with value: 0.5269172932330827.
