[I 2026-01-10 17:23:59,013] Trial 99 finished with value: 0.528796992481203 and parameters: {'max_depth': 8, 'learning_rate': 0.20105571282664841, 'n_estimators': 591, 'min_child_weight': 10, 'subsample': 0.9710184817786797, 'colsample_bytree': 0.8188578665462178, 'gamma': 4.077377511309466, 'reg_alpha': 2.517267352158147, 'reg_lambda': 1.4031869575324765}. Best is trial 81 with value: 0.5400751879699248.
  0%|          | 0/100 [00:00<?, ?it/s]/Library/Frameworks/Python.framework/Versions/3.12/lib/python3.12/site-packages/joblib/externals/loky/backend/context.py:131: UserWarning: Could not find the number of physical cores for the following reason:
invalid literal for int() with base 10: ''
Returning the number of logical cores instead. You can silence this warning by setting LOKY_MAX_CPU_COUNT to the number of cores you want to use.
  warnings.warn(
  File "/Library/Frameworks/Python.framework/Versions/3.12/lib/python3.12/site-packages/joblib/externals/loky/backend/context.py", line 249, in _count_physical_cores
    cpu_count_physical = _count_physical_cores_darwin()
                         ^^^^^^^^^^^^^^^^^^^^^^^^^^^^^^
  File "/Library/Frameworks/Python.framework/Versions/3.12/lib/python3.12/site-packages/joblib/externals/loky/backend/context.py", line 318, in _count_physical_cores_darwin
    return int(cpu_info)
           ^^^^^^^^^^^^^
/Library/Frameworks/Python.framework/Versions/3.12/lib/python3.12/site-packages/sklearn/utils/validation.py:2749: UserWarning: X does not have valid feature names, but LGBMClassifier was fitted with feature names
  warnings.warn(
                                         0%|          | 0/100 [00:05<?, ?it/s]Best trial: 0. Best value: 0.500602:   0%|          | 0/100 [00:05<?, ?it/s]Best trial: 0. Best value: 0.500602:   1%|          | 1/100 [00:05<09:34,  5.80s/it]/Library/Frameworks/Python.framework/Versions/3.12/lib/python3.12/site-packages/sklearn/utils/validation.py:2749: UserWarning: X does not have valid feature names, but LGBMClassifier was fitted with feature names
  warnings.warn(
                                                                                    Best trial: 0. Best value: 0.500602:   1%|          | 1/100 [00:06<09:34,  5.80s/it]Best trial: 1. Best value: 0.502481:   1%|          | 1/100 [00:06<09:34,  5.80s/it]Best trial: 1. Best value: 0.502481:   2%|▏         | 2/100 [00:06<04:32,  2.79s/it]/Library/Frameworks/Python.framework/Versions/3.12/lib/python3.12/site-packages/sklearn/utils/validation.py:2749: UserWarning: X does not have valid feature names, but LGBMClassifier was fitted with feature names
  warnings.warn(
                                                                                    Best trial: 1. Best value: 0.502481:   2%|▏         | 2/100 [00:07<04:32,  2.79s/it]Best trial: 2. Best value: 0.51188:   2%|▏         | 2/100 [00:07<04:32,  2.79s/it] Best trial: 2. Best value: 0.51188:   3%|▎         | 3/100 [00:07<03:21,  2.08s/it]/Library/Frameworks/Python.framework/Versions/3.12/lib/python3.12/site-packages/sklearn/utils/validation.py:2749: UserWarning: X does not have valid feature names, but LGBMClassifier was fitted with feature names
  warnings.warn(
                                                                                   Best trial: 2. Best value: 0.51188:   3%|▎         | 3/100 [00:08<03:21,  2.08s/it]Best trial: 2. Best value: 0.51188:   3%|▎         | 3/100 [00:08<03:21,  2.08s/it]Best trial: 2. Best value: 0.51188:   4%|▍         | 4/100 [00:08<02:38,  1.65s/it]/Library/Frameworks/Python.framework/Versions/3.12/lib/python3.12/site-packages/sklearn/utils/validation.py:2749: UserWarning: X does not have valid feature names, but LGBMClassifier was fitted with feature names
  warnings.warn(
                                                                                   Best trial: 2. Best value: 0.51188:   4%|▍         | 4/100 [00:09<02:38,  1.65s/it]Best trial: 4. Best value: 0.513759:   4%|▍         | 4/100 [00:09<02:38,  1.65s/it]Best trial: 4. Best value: 0.513759:   5%|▌         | 5/100 [00:09<01:51,  1.18s/it]/Library/Frameworks/Python.framework/Versions/3.12/lib/python3.12/site-packages/sklearn/utils/validation.py:2749: UserWarning: X does not have valid feature names, but LGBMClassifier was fitted with feature names
  warnings.warn(
                                                                                    Best trial: 4. Best value: 0.513759:   5%|▌         | 5/100 [00:09<01:51,  1.18s/it]Best trial: 4. Best value: 0.513759:   5%|▌         | 5/100 [00:09<01:51,  1.18s/it]Best trial: 4. Best value: 0.513759:   6%|▌         | 6/100 [00:09<01:40,  1.07s/it]/Library/Frameworks/Python.framework/Versions/3.12/lib/python3.12/site-packages/sklearn/utils/validation.py:2749: UserWarning: X does not have valid feature names, but LGBMClassifier was fitted with feature names
  warnings.warn(
                                                                                    Best trial: 4. Best value: 0.513759:   6%|▌         | 6/100 [00:11<01:40,  1.07s/it]Best trial: 6. Best value: 0.521278:   6%|▌         | 6/100 [00:11<01:40,  1.07s/it]Best trial: 6. Best value: 0.521278:   7%|▋         | 7/100 [00:11<01:51,  1.19s/it]/Library/Frameworks/Python.framework/Versions/3.12/lib/python3.12/site-packages/sklearn/utils/validation.py:2749: UserWarning: X does not have valid feature names, but LGBMClassifier was fitted with feature names
  warnings.warn(
                                                                                    Best trial: 6. Best value: 0.521278:   7%|▋         | 7/100 [00:13<01:51,  1.19s/it]Best trial: 6. Best value: 0.521278:   7%|▋         | 7/100 [00:13<01:51,  1.19s/it]Best trial: 6. Best value: 0.521278:   8%|▊         | 8/100 [00:13<02:11,  1.43s/it]/Library/Frameworks/Python.framework/Versions/3.12/lib/python3.12/site-packages/sklearn/utils/validation.py:2749: UserWarning: X does not have valid feature names, but LGBMClassifier was fitted with feature names
  warnings.warn(
                                                                                    Best trial: 6. Best value: 0.521278:   8%|▊         | 8/100 [00:14<02:11,  1.43s/it]Best trial: 6. Best value: 0.521278:   8%|▊         | 8/100 [00:14<02:11,  1.43s/it]Best trial: 6. Best value: 0.521278:   9%|▉         | 9/100 [00:14<01:50,  1.21s/it]/Library/Frameworks/Python.framework/Versions/3.12/lib/python3.12/site-packages/sklearn/utils/validation.py:2749: UserWarning: X does not have valid feature names, but LGBMClassifier was fitted with feature names
  warnings.warn(
                                                                                    Best trial: 6. Best value: 0.521278:   9%|▉         | 9/100 [00:14<01:50,  1.21s/it]Best trial: 9. Best value: 0.525038:   9%|▉         | 9/100 [00:14<01:50,  1.21s/it]Best trial: 9. Best value: 0.525038:  10%|█         | 10/100 [00:14<01:34,  1.04s/it]/Library/Frameworks/Python.framework/Versions/3.12/lib/python3.12/site-packages/sklearn/utils/validation.py:2749: UserWarning: X does not have valid feature names, but LGBMClassifier was fitted with feature names
  warnings.warn(
                                                                                     Best trial: 9. Best value: 0.525038:  10%|█         | 10/100 [00:15<01:34,  1.04s/it]Best trial: 9. Best value: 0.525038:  10%|█         | 10/100 [00:15<01:34,  1.04s/it]Best trial: 9. Best value: 0.525038:  11%|█         | 11/100 [00:15<01:15,  1.17it/s]/Library/Frameworks/Python.framework/Versions/3.12/lib/python3.12/site-packages/sklearn/utils/validation.py:2749: UserWarning: X does not have valid feature names, but LGBMClassifier was fitted with feature names
  warnings.warn(
                                                                                     Best trial: 9. Best value: 0.525038:  11%|█         | 11/100 [00:15<01:15,  1.17it/s]Best trial: 9. Best value: 0.525038:  11%|█         | 11/100 [00:15<01:15,  1.17it/s]Best trial: 9. Best value: 0.525038:  12%|█▏        | 12/100 [00:15<01:13,  1.20it/s]/Library/Frameworks/Python.framework/Versions/3.12/lib/python3.12/site-packages/sklearn/utils/validation.py:2749: UserWarning: X does not have valid feature names, but LGBMClassifier was fitted with feature names
  warnings.warn(
                                                                                     Best trial: 9. Best value: 0.525038:  12%|█▏        | 12/100 [00:17<01:13,  1.20it/s]Best trial: 9. Best value: 0.525038:  12%|█▏        | 12/100 [00:17<01:13,  1.20it/s]Best trial: 9. Best value: 0.525038:  13%|█▎        | 13/100 [00:17<01:21,  1.06it/s]/Library/Frameworks/Python.framework/Versions/3.12/lib/python3.12/site-packages/sklearn/utils/validation.py:2749: UserWarning: X does not have valid feature names, but LGBMClassifier was fitted with feature names
  warnings.warn(
                                                                                     Best trial: 9. Best value: 0.525038:  13%|█▎        | 13/100 [00:17<01:21,  1.06it/s]Best trial: 9. Best value: 0.525038:  13%|█▎        | 13/100 [00:17<01:21,  1.06it/s]Best trial: 9. Best value: 0.525038:  14%|█▍        | 14/100 [00:17<01:18,  1.10it/s]/Library/Frameworks/Python.framework/Versions/3.12/lib/python3.12/site-packages/sklearn/utils/validation.py:2749: UserWarning: X does not have valid feature names, but LGBMClassifier was fitted with feature names
  warnings.warn(
                                                                                     Best trial: 9. Best value: 0.525038:  14%|█▍        | 14/100 [00:18<01:18,  1.10it/s]Best trial: 9. Best value: 0.525038:  14%|█▍        | 14/100 [00:18<01:18,  1.10it/s]Best trial: 9. Best value: 0.525038:  15%|█▌        | 15/100 [00:18<01:11,  1.20it/s]/Library/Frameworks/Python.framework/Versions/3.12/lib/python3.12/site-packages/sklearn/utils/validation.py:2749: UserWarning: X does not have valid feature names, but LGBMClassifier was fitted with feature names
  warnings.warn(
                                                                                     Best trial: 9. Best value: 0.525038:  15%|█▌        | 15/100 [00:19<01:11,  1.20it/s]Best trial: 9. Best value: 0.525038:  15%|█▌        | 15/100 [00:19<01:11,  1.20it/s]Best trial: 9. Best value: 0.525038:  16%|█▌        | 16/100 [00:19<01:05,  1.28it/s]/Library/Frameworks/Python.framework/Versions/3.12/lib/python3.12/site-packages/sklearn/utils/validation.py:2749: UserWarning: X does not have valid feature names, but LGBMClassifier was fitted with feature names
  warnings.warn(
                                                                                     Best trial: 9. Best value: 0.525038:  16%|█▌        | 16/100 [00:19<01:05,  1.28it/s]Best trial: 9. Best value: 0.525038:  16%|█▌        | 16/100 [00:19<01:05,  1.28it/s]Best trial: 9. Best value: 0.525038:  17%|█▋        | 17/100 [00:19<01:03,  1.30it/s]/Library/Frameworks/Python.framework/Versions/3.12/lib/python3.12/site-packages/sklearn/utils/validation.py:2749: UserWarning: X does not have valid feature names, but LGBMClassifier was fitted with feature names
  warnings.warn(
                                                                                     Best trial: 9. Best value: 0.525038:  17%|█▋        | 17/100 [00:20<01:03,  1.30it/s]Best trial: 9. Best value: 0.525038:  17%|█▋        | 17/100 [00:20<01:03,  1.30it/s]Best trial: 9. Best value: 0.525038:  18%|█▊        | 18/100 [00:20<00:59,  1.38it/s]/Library/Frameworks/Python.framework/Versions/3.12/lib/python3.12/site-packages/sklearn/utils/validation.py:2749: UserWarning: X does not have valid feature names, but LGBMClassifier was fitted with feature names
  warnings.warn(
                                                                                     Best trial: 9. Best value: 0.525038:  18%|█▊        | 18/100 [00:21<00:59,  1.38it/s]Best trial: 9. Best value: 0.525038:  18%|█▊        | 18/100 [00:21<00:59,  1.38it/s]Best trial: 9. Best value: 0.525038:  19%|█▉        | 19/100 [00:21<01:00,  1.34it/s]/Library/Frameworks/Python.framework/Versions/3.12/lib/python3.12/site-packages/sklearn/utils/validation.py:2749: UserWarning: X does not have valid feature names, but LGBMClassifier was fitted with feature names
  warnings.warn(
                                                                                     Best trial: 9. Best value: 0.525038:  19%|█▉        | 19/100 [00:23<01:00,  1.34it/s]Best trial: 9. Best value: 0.525038:  19%|█▉        | 19/100 [00:23<01:00,  1.34it/s]Best trial: 9. Best value: 0.525038:  20%|██        | 20/100 [00:23<01:29,  1.12s/it]/Library/Frameworks/Python.framework/Versions/3.12/lib/python3.12/site-packages/sklearn/utils/validation.py:2749: UserWarning: X does not have valid feature names, but LGBMClassifier was fitted with feature names
  warnings.warn(
                                                                                     Best trial: 9. Best value: 0.525038:  20%|██        | 20/100 [00:24<01:29,  1.12s/it]Best trial: 9. Best value: 0.525038:  20%|██        | 20/100 [00:24<01:29,  1.12s/it]Best trial: 9. Best value: 0.525038:  21%|██        | 21/100 [00:24<01:33,  1.19s/it]/Library/Frameworks/Python.framework/Versions/3.12/lib/python3.12/site-packages/sklearn/utils/validation.py:2749: UserWarning: X does not have valid feature names, but LGBMClassifier was fitted with feature names
  warnings.warn(
                                                                                     Best trial: 9. Best value: 0.525038:  21%|██        | 21/100 [00:25<01:33,  1.19s/it]Best trial: 9. Best value: 0.525038:  21%|██        | 21/100 [00:25<01:33,  1.19s/it]Best trial: 9. Best value: 0.525038:  22%|██▏       | 22/100 [00:25<01:25,  1.10s/it]/Library/Frameworks/Python.framework/Versions/3.12/lib/python3.12/site-packages/sklearn/utils/validation.py:2749: UserWarning: X does not have valid feature names, but LGBMClassifier was fitted with feature names
  warnings.warn(
                                                                                     Best trial: 9. Best value: 0.525038:  22%|██▏       | 22/100 [00:26<01:25,  1.10s/it]Best trial: 9. Best value: 0.525038:  22%|██▏       | 22/100 [00:26<01:25,  1.10s/it]Best trial: 9. Best value: 0.525038:  23%|██▎       | 23/100 [00:26<01:26,  1.13s/it]/Library/Frameworks/Python.framework/Versions/3.12/lib/python3.12/site-packages/sklearn/utils/validation.py:2749: UserWarning: X does not have valid feature names, but LGBMClassifier was fitted with feature names
  warnings.warn(
                                                                                     Best trial: 9. Best value: 0.525038:  23%|██▎       | 23/100 [00:28<01:26,  1.13s/it]Best trial: 9. Best value: 0.525038:  23%|██▎       | 23/100 [00:28<01:26,  1.13s/it]Best trial: 9. Best value: 0.525038:  24%|██▍       | 24/100 [00:28<01:27,  1.15s/it]/Library/Frameworks/Python.framework/Versions/3.12/lib/python3.12/site-packages/sklearn/utils/validation.py:2749: UserWarning: X does not have valid feature names, but LGBMClassifier was fitted with feature names
  warnings.warn(
                                                                                     Best trial: 9. Best value: 0.525038:  24%|██▍       | 24/100 [00:29<01:27,  1.15s/it]Best trial: 9. Best value: 0.525038:  24%|██▍       | 24/100 [00:29<01:27,  1.15s/it]Best trial: 9. Best value: 0.525038:  25%|██▌       | 25/100 [00:29<01:30,  1.20s/it]/Library/Frameworks/Python.framework/Versions/3.12/lib/python3.12/site-packages/sklearn/utils/validation.py:2749: UserWarning: X does not have valid feature names, but LGBMClassifier was fitted with feature names
  warnings.warn(
                                                                                     Best trial: 9. Best value: 0.525038:  25%|██▌       | 25/100 [00:29<01:30,  1.20s/it]Best trial: 25. Best value: 0.526917:  25%|██▌       | 25/100 [00:29<01:30,  1.20s/it]Best trial: 25. Best value: 0.526917:  26%|██▌       | 26/100 [00:29<01:14,  1.00s/it]/Library/Frameworks/Python.framework/Versions/3.12/lib/python3.12/site-packages/sklearn/utils/validation.py:2749: UserWarning: X does not have valid feature names, but LGBMClassifier was fitted with feature names
  warnings.warn(
                                                                                      Best trial: 25. Best value: 0.526917:  26%|██▌       | 26/100 [00:30<01:14,  1.00s/it]Best trial: 25. Best value: 0.526917:  26%|██▌       | 26/100 [00:30<01:14,  1.00s/it]Best trial: 25. Best value: 0.526917:  27%|██▋       | 27/100 [00:30<01:03,  1.15it/s]/Library/Frameworks/Python.framework/Versions/3.12/lib/python3.12/site-packages/sklearn/utils/validation.py:2749: UserWarning: X does not have valid feature names, but LGBMClassifier was fitted with feature names
  warnings.warn(
                                                                                      Best trial: 25. Best value: 0.526917:  27%|██▋       | 27/100 [00:30<01:03,  1.15it/s]Best trial: 25. Best value: 0.526917:  27%|██▋       | 27/100 [00:30<01:03,  1.15it/s]Best trial: 25. Best value: 0.526917:  28%|██▊       | 28/100 [00:30<00:55,  1.30it/s]/Library/Frameworks/Python.framework/Versions/3.12/lib/python3.12/site-packages/sklearn/utils/validation.py:2749: UserWarning: X does not have valid feature names, but LGBMClassifier was fitted with feature names
  warnings.warn(
                                                                                      Best trial: 25. Best value: 0.526917:  28%|██▊       | 28/100 [00:31<00:55,  1.30it/s]Best trial: 25. Best value: 0.526917:  28%|██▊       | 28/100 [00:31<00:55,  1.30it/s]Best trial: 25. Best value: 0.526917:  29%|██▉       | 29/100 [00:31<00:50,  1.39it/s]/Library/Frameworks/Python.framework/Versions/3.12/lib/python3.12/site-packages/sklearn/utils/validation.py:2749: UserWarning: X does not have valid feature names, but LGBMClassifier was fitted with feature names
  warnings.warn(
                                                                                      Best trial: 25. Best value: 0.526917:  29%|██▉       | 29/100 [00:31<00:50,  1.39it/s]Best trial: 25. Best value: 0.526917:  29%|██▉       | 29/100 [00:31<00:50,  1.39it/s]Best trial: 25. Best value: 0.526917:  30%|███       | 30/100 [00:31<00:42,  1.65it/s]/Library/Frameworks/Python.framework/Versions/3.12/lib/python3.12/site-packages/sklearn/utils/validation.py:2749: UserWarning: X does not have valid feature names, but LGBMClassifier was fitted with feature names
  warnings.warn(
                                                                                      Best trial: 25. Best value: 0.526917:  30%|███       | 30/100 [00:32<00:42,  1.65it/s]Best trial: 30. Best value: 0.528797:  30%|███       | 30/100 [00:32<00:42,  1.65it/s]Best trial: 30. Best value: 0.528797:  31%|███       | 31/100 [00:32<00:38,  1.79it/s]/Library/Frameworks/Python.framework/Versions/3.12/lib/python3.12/site-packages/sklearn/utils/validation.py:2749: UserWarning: X does not have valid feature names, but LGBMClassifier was fitted with feature names
  warnings.warn(
                                                                                      Best trial: 30. Best value: 0.528797:  31%|███       | 31/100 [00:32<00:38,  1.79it/s]Best trial: 30. Best value: 0.528797:  31%|███       | 31/100 [00:32<00:38,  1.79it/s]Best trial: 30. Best value: 0.528797:  32%|███▏      | 32/100 [00:32<00:35,  1.90it/s]/Library/Frameworks/Python.framework/Versions/3.12/lib/python3.12/site-packages/sklearn/utils/validation.py:2749: UserWarning: X does not have valid feature names, but LGBMClassifier was fitted with feature names
  warnings.warn(
                                                                                      Best trial: 30. Best value: 0.528797:  32%|███▏      | 32/100 [00:33<00:35,  1.90it/s]Best trial: 30. Best value: 0.528797:  32%|███▏      | 32/100 [00:33<00:35,  1.90it/s]Best trial: 30. Best value: 0.528797:  33%|███▎      | 33/100 [00:33<00:36,  1.85it/s]/Library/Frameworks/Python.framework/Versions/3.12/lib/python3.12/site-packages/sklearn/utils/validation.py:2749: UserWarning: X does not have valid feature names, but LGBMClassifier was fitted with feature names
  warnings.warn(
                                                                                      Best trial: 30. Best value: 0.528797:  33%|███▎      | 33/100 [00:33<00:36,  1.85it/s]Best trial: 30. Best value: 0.528797:  33%|███▎      | 33/100 [00:33<00:36,  1.85it/s]Best trial: 30. Best value: 0.528797:  34%|███▍      | 34/100 [00:33<00:33,  1.95it/s]/Library/Frameworks/Python.framework/Versions/3.12/lib/python3.12/site-packages/sklearn/utils/validation.py:2749: UserWarning: X does not have valid feature names, but LGBMClassifier was fitted with feature names
  warnings.warn(
                                                                                      Best trial: 30. Best value: 0.528797:  34%|███▍      | 34/100 [00:34<00:33,  1.95it/s]Best trial: 30. Best value: 0.528797:  34%|███▍      | 34/100 [00:34<00:33,  1.95it/s]Best trial: 30. Best value: 0.528797:  35%|███▌      | 35/100 [00:34<00:31,  2.04it/s]/Library/Frameworks/Python.framework/Versions/3.12/lib/python3.12/site-packages/sklearn/utils/validation.py:2749: UserWarning: X does not have valid feature names, but LGBMClassifier was fitted with feature names
  warnings.warn(
                                                                                      Best trial: 30. Best value: 0.528797:  35%|███▌      | 35/100 [00:34<00:31,  2.04it/s]Best trial: 35. Best value: 0.530677:  35%|███▌      | 35/100 [00:34<00:31,  2.04it/s]Best trial: 35. Best value: 0.530677:  36%|███▌      | 36/100 [00:34<00:32,  1.95it/s]/Library/Frameworks/Python.framework/