[I 2026-01-10 17:22:02,873] Trial 39 finished with value: 0.5212781954887218 and parameters: {'max_depth': 9, 'learning_rate': 0.09136788185100475, 'n_estimators': 651, 'min_child_weight': 8, 'subsample': 0.7692414032907003, 'colsample_bytree': 0.7183285213437496, 'gamma': 2.881070518928113, 'reg_alpha': 4.153116248325858, 'reg_lambda': 7.217531058324597}. Best is trial 30 with value: 0.5325563909774437.
Best trial: 50. Best value: 0.536316:  60%|██████    | 60/100 [02:26<01:11,  1.80s/it]Best trial: 50. Best value: 0.536316:  60%|██████    | 60/100 [02:26<01:11,  1.80s/it]Best trial: 50. Best value: 0.536316:  61%|██████    | 61/100 [02:26<00:57,  1.48s/it]                                                                                      Best trial: 50. Best value: 0.536316:  61%|██████    | 61/100 [02:28<00:57,  1.48s/it]Best trial: 50. Best value: 0.536316:  61%|██████    | 61/100 [02:28<00:57,  1.48s/it]Best trial: 50. Best value: 0.536316:  62%|██████▏   | 62/100 [02:28<00:58,  1.53s/it]                                                                                      Best trial: 50. Best value: 0.536316:  62%|██████▏   | 62/100 [02:29<00:58,  1.53s/it]Best trial: 50. Best value: 0.536316:  62%|██████▏   | 62/100 [02:29<00:58,  1.53s/it]Best trial: 50. Best value: 0.536316:  63%|██████▎   | 63/100 [02:29<00:58,  1.57s/it]                                                                                      Best trial: 50. Best value: 0.536316:  63%|██████▎   | 63/100 [02:31<00:58,  1.57s/it]Best trial: 50. Best value: 0.536316:  63%|██████▎   | 63/100 [02:31<00:58,  1.57s/it]Best trial: 50. Best value: 0.536316:  64%|██████▍   | 64/100 [02:31<00:54,  1.50s/it]                                                                                      Best trial: 50. Best value: 0.536316:  64%|██████▍   | 64/100 [02:32<00:54,  1.50s/it]Best trial: 64. Best value: 0.538195:  64%|██████▍   | 64/100 [02:32<00:54,  1.50s/it]Best trial: 64. Best value: 0.538195:  65%|██████▌   | 65/100 [02:32<00:55,  1.59s/it]                                                                                      Best trial: 64. Best value: 0.538195:  65%|██████▌   | 65/100 [02:34<00:55,  1.59s/it]Best trial: 64. Best value: 0.538195:  65%|██████▌   | 65/100 [02:34<00:55,  1.59s/it]Best trial: 64. Best value: 0.538195:  66%|██████▌   | 66/100 [02:34<00:54,  1.61s/it]                                                                                      Best trial: 64. Best value: 0.538195:  66%|██████▌   | 66/100 [02:36<00:54,  1.61s/it]Best trial: 64. Best value: 0.538195:  66%|██████▌   | 66/100 [02:36<00:54,  1.61s/it]Best trial: 64. Best value: 0.538195:  67%|██████▋   | 67/100 [02:36<00:51,  1.57s/it]                                                                                      Best trial: 64. Best value: 0.538195:  67%|██████▋   | 67/100 [02:37<00:51,  1.57s/it]Best trial: 64. Best value: 0.538195:  67%|██████▋   | 67/100 [02:37<00:51,  1.57s/it]Best trial: 64. Best value: 0.538195:  68%|██████▊   | 68/100 [02:37<00:51,  1.61s/it]                                                                                      Best trial: 64. Best value: 0.538195:  68%|██████▊   | 68/100 [02:39<00:51,  1.61s/it]Best trial: 64. Best value: 0.538195:  68%|██████▊   | 68/100 [02:39<00:51,  1.61s/it]Best trial: 64. Best value: 0.538195:  69%|██████▉   | 69/100 [02:39<00:49,  1.59s/it]                                                                                      Best trial: 64. Best value: 0.538195:  69%|██████▉   | 69/100 [02:40<00:49,  1.59s/it]Best trial: 64. Best value: 0.538195:  69%|██████▉   | 69/100 [02:40<00:49,  1.59s/it]Best trial: 64. Best value: 0.538195:  70%|███████   | 70/100 [02:40<00:45,  1.53s/it]                                                                                      Best trial: 64. Best value: 0.538195:  70%|███████   | 70/100 [02:41<00:45,  1.53s/it]Best trial: 64. Best value: 0.538195:  70%|███████   | 70/100 [02:41<00:45,  1.53s/it]Best trial: 64. Best value: 0.538195:  71%|███████   | 71/100 [02:41<00:40,  1.41s/it]                                                                                      Best trial: 64. Best value: 0.538195:  71%|███████   | 71/100 [02:44<00:40,  1.41s/it]Best trial: 64. Best value: 0.538195:  71%|███████   | 71/100 [02:44<00:40,  1.41s/it]Best trial: 64. Best value: 0.538195:  72%|███████▏  | 72/100 [02:44<00:46,  1.67s/it]                                                                                      Best trial: 64. Best value: 0.538195:  72%|███████▏  | 72/100 [02:45<00:46,  1.67s/it]Best trial: 64. Best value: 0.538195:  72%|███████▏  | 72/100 [02:45<00:46,  1.67s/it]Best trial: 64. Best value: 0.538195:  73%|███████▎  | 73/100 [02:45<00:46,  1.72s/it]                                                                                      Best trial: 64. Best value: 0.538195:  73%|███████▎  | 73/100 [02:47<00:46,  1.72s/it]Best trial: 64. Best value: 0.538195:  73%|███████▎  | 73/100 [02:47<00:46,  1.72s/it]Best trial: 64. Best value: 0.538195:  74%|███████▍  | 74/100 [02:47<00:44,  1.71s/it]                                                                                      Best trial: 64. Best value: 0.538195:  74%|███████▍  | 74/100 [02:49<00:44,  1.71s/it]Best trial: 64. Best value: 0.538195:  74%|███████▍  | 74/100 [02:49<00:44,  1.71s/it]Best trial: 64. Best value: 0.538195:  75%|███████▌  | 75/100 [02:49<00:40,  1.64s/it]                                                                                      Best trial: 64. Best value: 0.538195:  75%|███████▌  | 75/100 [02:53<00:40,  1.64s/it]Best trial: 64. Best value: 0.538195:  75%|███████▌  | 75/100 [02:53<00:40,  1.64s/it]Best trial: 64. Best value: 0.538195:  76%|███████▌  | 76/100 [02:53<00:57,  2.40s/it]                                                                                      Best trial: 64. Best value: 0.538195:  76%|███████▌  | 76/100 [02:56<00:57,  2.40s/it]Best trial: 64. Best value: 0.538195:  76%|███████▌  | 76/100 [02:56<00:57,  2.40s/it]Best trial: 64. Best value: 0.538195:  77%|███████▋  | 77/100 [02:56<01:01,  2.67s/it]                                                                                      Best trial: 64. Best value: 0.538195:  77%|███████▋  | 77/100 [03:00<01:01,  2.67s/it]Best trial: 64. Best value: 0.538195:  77%|███████▋  | 77/100 [03:00<01:01,  2.67s/it]Best trial: 64. Best value: 0.538195:  78%|███████▊  | 78/100 [03:00<01:08,  3.09s/it]                                                                                      Best trial: 64. Best value: 0.538195:  78%|███████▊  | 78/100 [03:02<01:08,  3.09s/it]Best trial: 64. Best value: 0.538195:  78%|███████▊  | 78/100 [03:02<01:08,  3.09s/it]Best trial: 64. Best value: 0.538195:  79%|███████▉  | 79/100 [03:02<00:59,  2.81s/it]                                                                                      Best trial: 64. Best value: 0.538195:  79%|███████▉  | 79/100 [03:05<00:59,  2.81s/it]Best trial: 64. Best value: 0.538195:  79%|███████▉  | 79/100 [03:05<00:59,  2.81s/it]Best trial: 64. Best value: 0.538195:  80%|████████  | 80/100 [03:05<00:55,  2.79s/it]                                                                                      Best trial: 64. Best value: 0.538195:  80%|████████  | 80/100 [03:07<00:55,  2.79s/it]Best trial: 64. Best value: 0.538195:  80%|████████  | 80/100 [03:07<00:55,  2.79s/it]Best trial: 64. Best value: 0.538195:  81%|████████  | 81/100 [03:07<00:47,  2.49s/it]                                                                                      Best trial: 64. Best value: 0.538195:  81%|████████  | 81/100 [03:09<00:47,  2.49s/it]Best trial: 81. Best value: 0.540075:  81%|████████  | 81/100 [03:09<00:47,  2.49s/it]Best trial: 81. Best value: 0.540075:  82%|████████▏ | 82/100 [03:09<00:44,  2.46s/it]                                                                                      Best trial: 81. Best value: 0.540075:  82%|████████▏ | 82/100 [03:13<00:44,  2.46s/it]Best trial: 81. Best value: 0.540075:  82%|████████▏ | 82/100 [03:13<00:44,  2.46s/it]Best trial: 81. Best value: 0.540075:  83%|████████▎ | 83/100 [03:13<00:47,  2.78s/it]                                                                                      Best trial: 81. Best value: 0.540075:  83%|████████▎ | 83/100 [03:15<00:47,  2.78s/it]Best trial: 81. Best value: 0.540075:  83%|████████▎ | 83/100 [03:15<00:47,  2.78s/it]Best trial: 81. Best value: 0.540075:  84%|████████▍ | 84/100 [03:15<00:40,  2.51s/it]                                                                                      Best trial: 81. Best value: 0.540075:  84%|████████▍ | 84/100 [03:16<00:40,  2.51s/it]Best trial: 81. Best value: 0.540075:  84%|████████▍ | 84/100 [03:16<00:40,  2.51s/it]Best trial: 81. Best value: 0.540075:  85%|████████▌ | 85/100 [03:16<00:33,  2.24s/it]                                                                                      Best trial: 81. Best value: 0.540075:  85%|████████▌ | 85/100 [03:18<00:33,  2.24s/it]Best trial: 81. Best value: 0.540075:  85%|████████▌ | 85/100 [03:18<00:33,  2.24s/it]Best trial: 81. Best value: 0.540075:  86%|████████▌ | 86/100 [03:18<00:28,  2.05s/it]                                                                                      Best trial: 81. Best value: 0.540075:  86%|████████▌ | 86/100 [03:19<00:28,  2.05s/it]Best trial: 81. Best value: 0.540075:  86%|████████▌ | 86/100 [03:19<00:28,  2.05s/it]Best trial: 81. Best value: 0.540075:  87%|████████▋ | 87/100 [03:19<00:23,  1.80s/it]                                                                                      Best trial: 81. Best value: 0.540075:  87%|████████▋ | 87/100 [03:21<00:23,  1.80s/it]Best trial: 81. Best value: 0.540075:  87%|████████▋ | 87/100 [03:21<00:23,  1.80s/it]Best trial: 81. Best value: 0.540075:  88%|████████▊ | 88/100 [03:21<00:21,  1.79s/it]                                                                                      Best trial: 81. Best value: 0.540075:  88%|████████▊ | 88/100 [03:23<00:21,  1.79s/it]Best trial: 81. Best value: 0.540075:  88%|████████▊ | 88/100 [03:23<00:21,  1.79s/it]Best trial: 81. Best value: 0.540075:  89%|████████▉ | 89/100 [03:23<00:20,  1.89s/it]                                                                                      Best trial: 81. Best value: 0.540075:  89%|████████▉ | 89/100 [03:24<00:20,  1.89s/it]Best trial: 81. Best value: 0.540075:  89%|████████▉ | 89/100 [03:24<00:20,  1.89s/it]Best trial: 81. Best value: 0.540075:  90%|█████████ | 90/100 [03:24<00:17,  1.75s/it]                                                                                      Best trial: 81. Best value: 0.540075:  90%|█████████ | 90/100 [03:26<00:17,  1.75s/it]Best trial: 81. Best value: 0.540075:  90%|█████████ | 90/100 [03:26<00:17,  1.75s/it]Best trial: 81. Best value: 0.540075:  91%|█████████ | 91/100 [03:26<00:15,  1.67s/it]                                                                                      Best trial: 81. Best value: 0.540075:  91%|█████████ | 91/100 [03:27<00:15,  1.67s/it]Best trial: 81. Best value: 0.540075:  91%|█████████ | 91/100 [03:28<00:15,  1.67s/it]Best trial: 81. Best value: 0.540075:  92%|█████████▏| 92/100 [03:28<00:13,  1.66s/it]                                                                                      Best trial: 81. Best value: 0.540075:  92%|█████████▏| 92/100 [03:29<00:13,  1.66s/it]Best trial: 81. Best value: 0.540075:  92%|█████████▏| 92/100 [03:29<00:13,  1.66s/it]Best trial: 81. Best value: 0.540075:  93%|█████████▎| 93/100 [03:29<00:11,  1.63s/it]                                                                                      Best trial: 81. Best value: 0.540075:  93%|█████████▎| 93/100 [03:33<00:11,  1.63s/it]Best trial: 81. Best value: 0.540075:  93%|█████████▎| 93/100 [03:33<00:11,  1.63s/it]Best trial: 81. Best value: 0.540075:  94%|█████████▍| 94/100 [03:33<00:13,  2.31s/it]                                                                                      Best trial: 81. Best value: 0.540075:  94%|█████████▍| 94/100 [03:36<00:13,  2.31s/it]Best trial: 81. Best value: 0.540075:  94%|█████████▍| 94/100 [03:36<00:13,  2.31s/it]Best trial: 81. Best value: 0.540075:  95%|█████████▌| 95/100 [03:36<00:11,  2.40s/it]                                                                                      Best trial: 81. Best value: 0.540075:  95%|█████████▌| 95/100 [03:37<00:11,  2.40s/it]Best trial: 81. Best value: 0.540075:  95%|█████████▌| 95/100 [03:37<00:11,  2.40s/it]Best trial: 81. Best value: 0.540075:  96%|█████████▌| 96/100 [03:37<00:09,  2.25s/it]                                                                                      Best trial: 81. Best value: 0.540075:  96%|█████████▌| 96/100 [03:39<00:09,  2.25s/it]Best trial: 81. Best value: 0.540075:  96%|█████████▌| 96/100 [03:39<00:09,  2.25s/it]Best trial: 81. Best value: 0.540075:  97%|█████████▋| 97/100 [03:39<00:06,  2.05s/it]                                                                                      Best trial: 81. Best value: 0.540075:  97%|█████████▋| 97/100 [03:41<00:06,  2.05s/it]Best trial: 81. Best value: 0.540075:  97%|█████████▋| 97/100 [03:41<00:06,  2.05s/it]Best trial: 81. Best value: 0.540075:  98%|█████████▊| 98/100 [03:41<00:03,  1.88s/it]                                                                                      Best trial: 81. Best value: 0.540075:  98%|█████████▊| 98/100 [03:43<00:03,  1.88s/it]Best trial: 81. Best value: 0.540075:  98%|█████████▊| 98/100 [03:43<00:03,  1.88s/it]Best trial: 81. Best value: 0.540075:  99%|█████████▉| 99/100 [03:43<00:01,  1.94s/it]                                                                                      Best trial: 81. Best value: 0.540075:  99%|█████████▉| 99/100 [03:44<00:01,  1.94s/it]Best trial: 81. Best value: 0.540075:  99%|█████████▉| 99/100 [03:44<00:01,  1.94s/it]Best trial: 81. Best value: 0.540075: 100%|██████████| 100/100 [03:44<00:00,  1.82s/it]Best trial: 81. Best value: 0.540075: 100%|██████████| 100/100 [03:44<00:00,  2.25s/it]
2026/01/10 17:24:01 WARNING mlflow.models.model: `artifact_path` is deprecated. Please use `name` instead.
INFO:src.models.trainer:XGBoost - Accuracy: 0.5301, Log Loss: 1.0057
INFO:src.models.trainer:Training LightGBM model...
[I 2026-01-10 17:24:17,949] A new study created in memory with name: lightgbm_opt
[I 2026-01-10 17:22:04,548] Trial 40 finished with value: 0.5231578947368422 and parameters: {'max_depth': 4, 'learning_rate': 0.11392984419555864, 'n_estimators': 490, 'min_child_weight': 7, 'subsample': 0.9533946133867419, 'colsample_bytree': 0.9282832428378908, 'gamma': 4.198464486841867, 'reg_alpha': 6.670516021467863, 'reg_lambda': 6.544687292833932}. Best is trial 30 with value: 0.5325563909774437.
[I 2026-01-10 17:22:06,878] Trial 41 finished with value: 0.528796992481203 and parameters: {'max_depth': 3, 'learning_rate': 0.13793421971482908, 'n_estimators': 710, 'min_child_weight': 9, 'subsample': 0.9872845591417302, 'colsample_bytree': 0.6859224798172631, 'gamma': 3.77044097906251, 'reg_alpha': 5.369161723866359, 'reg_lambda': 5.763123695287032}. Best is trial 30 with value: 0.5325563909774437.
[I 2026-01-10 17:22:09,436] Trial 42 finished with value: 0.5231578947368422 and parameters: {'max_depth': 3, 'learning_rate': 0.11998247620747526, 'n_estimators': 739, 'min_child_weight': 10, 'subsample': 0.9987765798815206, 'colsample_bytree': 0.6723494934553744, 'gamma': 4.552852580101847, 'reg_alpha': 4.76420861610957, 'reg_lambda': 5.578822862933809}. Best is trial 30 with value: 0.5325563909774437.
[I 2026-01-10 17:22:11,934] Trial 43 finished with value: 0.5306766917293233 and parameters: {'max_depth': 3, 'learning_rate': 0.16221293625423078, 'n_estimators': 686, 'min_child_weight': 8, 'subsample': 0.9724625690186152, 'colsample_bytree': 0.6325778863807835, 'gamma': 3.402339028024223, 'reg_alpha': 4.345767544908947, 'reg_lambda': 7.4790510027636845}. Best is trial 30 with value: 0.5325563909774437.
[I 2026-01-10 17:22:14,699] Trial 44 finished with value: 0.5269172932330827 and parameters: {'max_depth': 4, 'learning_rate': 0.19674655855355605, 'n_estimators': 797, 'min_child_weight': 8, 'subsample': 0.9694965859060372, 'colsample_bytree': 0.6241646776895999, 'gamma': 3.32051667922756, 'reg_alpha': 4.294499390818922, 'reg_lambda': 7.539603315665282}. Best is trial 30 with value: 0.5325563909774437.
[I 2026-01-10 17:22:17,057] Trial 45 finished with value: 0.5231578947368422 and parameters: {'max_depth': 3, 'learning_rate': 0.16323079139710128, 'n_estimators': 685, 'min_child_weight': 5, 'subsample': 0.9249157787518697, 'colsample_bytree': 0.6335602952778481, 'gamma': 3.5798662067035263, 'reg_alpha': 3.3128646458970348, 'reg_lambda': 8.263875677277259}. Best is trial 30 with value: 0.5325563909774437.
[I 2026-01-10 17:22:19,821] Trial 46 finished with value: 0.528796992481203 and parameters: {'max_depth': 4, 'learning_rate': 0.21523271515208514, 'n_estimators': 559, 'min_child_weight': 7, 'subsample': 0.9435268405514602, 'colsample_bytree': 0.6618994535929588, 'gamma': 4.227999585093827, 'reg_alpha': 5.912813880492986, 'reg_lambda': 8.89042903939561}. Best is trial 30 with value: 0.5325563909774437.
[I 2026-01-10 17:22:21,254] Trial 47 finished with value: 0.5325563909774437 and parameters: {'max_depth': 5, 'learning_rate': 0.14299981776367796, 'n_estimators': 395, 'min_child_weight': 8, 'subsample': 0.9715223321844554, 'colsample_bytree': 0.7050534287283007, 'gamma': 4.008319718309722, 'reg_alpha': 1.9606435885113775, 'reg_lambda': 9.904270328773864}. Best is trial 30 with value: 0.5325563909774437.
[I 2026-01-10 17:22:22,372] Trial 48 finished with value: 0.5306766917293233 and parameters: {'max_depth': 5, 'learning_rate': 0.14123006809534572, 'n_estimators': 297, 'min_child_weight': 6, 'subsample': 0.7471168585502639, 'colsample_bytree': 0.7680645817592135, 'gamma': 3.954768061996434, 'reg_alpha': 1.0185724252362973, 'reg_lambda': 9.886790293799791}. Best is trial 30 with value: 0.5325563909774437.
[I 2026-01-10 17:22:23,024] Trial 49 finished with value: 0.5269172932330827 and parameters: {'max_depth': 5, 'learning_rate': 0.047227058656752446, 'n_estimators': 143, 'min_child_weight': 10, 'subsample': 0.8076127549816121, 'colsample_bytree': 0.9854234715702068, 'gamma': 4.583031782862262, 'reg_alpha': 1.8722513081385967, 'reg_lambda': 9.529453351608817}. Best is trial 30 with value: 0.5325563909774437.
[I 2026-01-10 17:22:24,321] Trial 50 finished with value: 0.5363157894736842 and parameters: {'max_depth': 6, 'learning_rate': 0.18578119476439992, 'n_estimators': 336, 'min_child_weight': 7, 'subsample': 0.9111904898814878, 'colsample_bytree': 0.7012816672993791, 'gamma': 2.017508461772989, 'reg_alpha': 0.1545370698766506, 'reg_lambda': 9.162320146933862}. Best is trial 50 with value: 0.5363157894736842.
[I 2026-01-10 17:22:25,657] Trial 51 finished with value: 0.51 and parameters: {'max_depth': 6, 'learning_rate': 0.1817694573474366, 'n_estimators': 302, 'min_child_weight': 7, 'subsample': 0.882787909914381, 'colsample_bytree': 0.7002492473172257, 'gamma': 1.4453775383164482, 'reg_alpha': 0.21028362376085089, 'reg_lambda': 9.039376026300914}. Best is trial 50 with value: 0.5363157894736842.
[I 2026-01-10 17:22:27,399] Trial 52 finished with value: 0.5193984962406015 and parameters: {'max_depth': 5, 'learning_rate': 0.10506264596809509, 'n_estimators': 393, 'min_child_weight': 7, 'subsample': 0.9084003483975092, 'colsample_bytree': 0.7119876944412028, 'gamma': 1.6743158619814977, 'reg_alpha': 0.647422981774064, 'reg_lambda': 8.671646034743503}. Best is trial 50 with value: 0.5363157894736842.
[I 2026-01-10 17:22:28,857] Trial 53 finished with value: 0.5081203007518796 and parameters: {'max_depth': 6, 'learning_rate': 0.17151766631923954, 'n_estimators': 351, 'min_child_weight': 8, 'subsample': 0.842146416765723, 'colsample_bytree': 0.7525575497744256, 'gamma': 2.063035909771124, 'reg_alpha': 2.6070073860100895, 'reg_lambda': 9.539317359867722}. Best is trial 50 with value: 0.5363157894736842.
[I 2026-01-10 17:22:30,198] Trial 54 finished with value: 0.5193984962406015 and parameters: {'max_depth': 5, 'learning_rate': 0.2086938736321466, 'n_estimators': 249, 'min_child_weight': 5, 'subsample': 0.9584969265699476, 'colsample_bytree': 0.7355646377866442, 'gamma': 2.827865919127207, 'reg_alpha': 1.3606618088000193, 'reg_lambda': 9.19434794265933}. Best is trial 50 with value: 0.5363157894736842.
[I 2026-01-10 17:22:33,006] Trial 55 finished with value: 0.5212781954887218 and parameters: {'max_depth': 4, 'learning_rate': 0.13453229514208145, 'n_estimators': 774, 'min_child_weight': 6, 'subsample': 0.9850758148485522, 'colsample_bytree': 0.8008257372485602, 'gamma': 2.018676339168093, 'reg_alpha': 2.102311312842148, 'reg_lambda': 9.881212187412075}. Best is trial 50 with value: 0.5363157894736842.
[I 2026-01-10 17:22:34,498] Trial 56 finished with value: 0.5081203007518796 and parameters: {'max_depth': 4, 'learning_rate': 0.29315025638853803, 'n_estimators': 394, 'min_child_weight': 8, 'subsample': 0.7839517685657857, 'colsample_bytree': 0.673403839261299, 'gamma': 2.3344030156781144, 'reg_alpha': 2.8227381388990813, 'reg_lambda': 7.935512626118644}. Best is trial 50 with value: 0.5363157894736842.
